2023-08-22 10:34:53,578 [background-preinit] INFO  o.h.validator.internal.util.Version                - HV000001: Hibernate Validator 6.2.5.Final
2023-08-22 10:34:53,660 [main] INFO  c.r.h.a.AuthenticationServiceApplication           - Starting AuthenticationServiceApplication using Java 17.0.6 on LAPTOP-MC3CCPBF with PID 13900 (C:\Users\Acer\Desktop\hrms-application-parent\hrms-authentication-service\target\classes started by Acer in C:\Users\Acer\Desktop\hrms-application-parent\hrms-authentication-service)
2023-08-22 10:34:53,663 [main] INFO  c.r.h.a.AuthenticationServiceApplication           - No active profile set, falling back to 1 default profile: "default"
2023-08-22 10:34:56,940 [main] INFO  o.s.d.r.c.RepositoryConfigurationDelegate          - Multiple Spring Data modules found, entering strict repository configuration mode
2023-08-22 10:34:56,943 [main] INFO  o.s.d.r.c.RepositoryConfigurationDelegate          - Bootstrapping Spring Data JPA repositories in DEFAULT mode.
2023-08-22 10:34:57,284 [main] INFO  o.s.d.r.c.RepositoryConfigurationDelegate          - Finished Spring Data repository scanning in 327 ms. Found 5 JPA repository interfaces.
2023-08-22 10:34:57,303 [main] INFO  o.s.d.r.c.RepositoryConfigurationDelegate          - Multiple Spring Data modules found, entering strict repository configuration mode
2023-08-22 10:34:57,306 [main] INFO  o.s.d.r.c.RepositoryConfigurationDelegate          - Bootstrapping Spring Data Redis repositories in DEFAULT mode.
2023-08-22 10:34:57,330 [main] INFO  o.s.d.r.c.RepositoryConfigurationExtensionSupport  - Spring Data Redis - Could not safely identify store assignment for repository candidate interface com.rbts.hrms.authentication.repository.LoginDetailsRepository; If you want this repository to be a Redis repository, consider annotating your entities with one of these annotations: org.springframework.data.redis.core.RedisHash (preferred), or consider extending one of the following types with your repository: org.springframework.data.keyvalue.repository.KeyValueRepository
2023-08-22 10:34:57,332 [main] INFO  o.s.d.r.c.RepositoryConfigurationExtensionSupport  - Spring Data Redis - Could not safely identify store assignment for repository candidate interface com.rbts.hrms.authentication.repository.PasswordsRepository; If you want this repository to be a Redis repository, consider annotating your entities with one of these annotations: org.springframework.data.redis.core.RedisHash (preferred), or consider extending one of the following types with your repository: org.springframework.data.keyvalue.repository.KeyValueRepository
2023-08-22 10:34:57,333 [main] INFO  o.s.d.r.c.RepositoryConfigurationExtensionSupport  - Spring Data Redis - Could not safely identify store assignment for repository candidate interface com.rbts.hrms.authentication.repository.RefreshTokenRepository; If you want this repository to be a Redis repository, consider annotating your entities with one of these annotations: org.springframework.data.redis.core.RedisHash (preferred), or consider extending one of the following types with your repository: org.springframework.data.keyvalue.repository.KeyValueRepository
2023-08-22 10:34:57,335 [main] INFO  o.s.d.r.c.RepositoryConfigurationExtensionSupport  - Spring Data Redis - Could not safely identify store assignment for repository candidate interface com.rbts.hrms.authentication.repository.RoleRepository; If you want this repository to be a Redis repository, consider annotating your entities with one of these annotations: org.springframework.data.redis.core.RedisHash (preferred), or consider extending one of the following types with your repository: org.springframework.data.keyvalue.repository.KeyValueRepository
2023-08-22 10:34:57,338 [main] INFO  o.s.d.r.c.RepositoryConfigurationExtensionSupport  - Spring Data Redis - Could not safely identify store assignment for repository candidate interface com.rbts.hrms.authentication.repository.UsersRepository; If you want this repository to be a Redis repository, consider annotating your entities with one of these annotations: org.springframework.data.redis.core.RedisHash (preferred), or consider extending one of the following types with your repository: org.springframework.data.keyvalue.repository.KeyValueRepository
2023-08-22 10:34:57,339 [main] INFO  o.s.d.r.c.RepositoryConfigurationDelegate          - Finished Spring Data repository scanning in 19 ms. Found 0 Redis repository interfaces.
2023-08-22 10:34:57,562 [main] WARN  o.s.boot.actuate.endpoint.EndpointId               - Endpoint ID 'hystrix.stream' contains invalid characters, please migrate to a valid format.
2023-08-22 10:34:57,857 [main] INFO  o.s.cloud.context.scope.GenericScope               - BeanFactory id=cd4f3e5a-7989-35ff-8fa3-bd1e73885aa2
2023-08-22 10:34:58,529 [main] INFO  o.s.c.s.PostProcessorRegistrationDelegate$BeanPostProcessorChecker - Bean 'zuulConfiguration' of type [com.rbts.hrms.authentication.ZuulConfiguration$$EnhancerBySpringCGLIB$$bcc94ea] is not eligible for getting processed by all BeanPostProcessors (for example: not eligible for auto-proxying)
2023-08-22 10:34:58,559 [main] INFO  o.s.c.s.PostProcessorRegistrationDelegate$BeanPostProcessorChecker - Bean 'org.springframework.cloud.commons.config.CommonsConfigAutoConfiguration' of type [org.springframework.cloud.commons.config.CommonsConfigAutoConfiguration] is not eligible for getting processed by all BeanPostProcessors (for example: not eligible for auto-proxying)
2023-08-22 10:34:58,564 [main] INFO  o.s.c.s.PostProcessorRegistrationDelegate$BeanPostProcessorChecker - Bean 'org.springframework.cloud.client.loadbalancer.LoadBalancerDefaultMappingsProviderAutoConfiguration' of type [org.springframework.cloud.client.loadbalancer.LoadBalancerDefaultMappingsProviderAutoConfiguration] is not eligible for getting processed by all BeanPostProcessors (for example: not eligible for auto-proxying)
2023-08-22 10:34:58,567 [main] INFO  o.s.c.s.PostProcessorRegistrationDelegate$BeanPostProcessorChecker - Bean 'loadBalancerClientsDefaultsMappingsProvider' of type [org.springframework.cloud.client.loadbalancer.LoadBalancerDefaultMappingsProviderAutoConfiguration$$Lambda$576/0x00000008010cf598] is not eligible for getting processed by all BeanPostProcessors (for example: not eligible for auto-proxying)
2023-08-22 10:34:58,572 [main] INFO  o.s.c.s.PostProcessorRegistrationDelegate$BeanPostProcessorChecker - Bean 'defaultsBindHandlerAdvisor' of type [org.springframework.cloud.commons.config.DefaultsBindHandlerAdvisor] is not eligible for getting processed by all BeanPostProcessors (for example: not eligible for auto-proxying)
2023-08-22 10:34:58,600 [main] INFO  o.s.c.s.PostProcessorRegistrationDelegate$BeanPostProcessorChecker - Bean 'zuul-org.springframework.cloud.netflix.zuul.filters.ZuulProperties' of type [org.springframework.cloud.netflix.zuul.filters.ZuulProperties] is not eligible for getting processed by all BeanPostProcessors (for example: not eligible for auto-proxying)
2023-08-22 10:34:58,635 [main] INFO  o.s.c.s.PostProcessorRegistrationDelegate$BeanPostProcessorChecker - Bean 'server-org.springframework.boot.autoconfigure.web.ServerProperties' of type [org.springframework.boot.autoconfigure.web.ServerProperties] is not eligible for getting processed by all BeanPostProcessors (for example: not eligible for auto-proxying)
2023-08-22 10:34:58,660 [main] INFO  o.s.c.s.PostProcessorRegistrationDelegate$BeanPostProcessorChecker - Bean 'org.springframework.boot.autoconfigure.web.servlet.error.ErrorMvcAutoConfiguration' of type [org.springframework.boot.autoconfigure.web.servlet.error.ErrorMvcAutoConfiguration] is not eligible for getting processed by all BeanPostProcessors (for example: not eligible for auto-proxying)
2023-08-22 10:34:58,676 [main] INFO  o.s.c.s.PostProcessorRegistrationDelegate$BeanPostProcessorChecker - Bean 'errorAttributes' of type [org.springframework.boot.web.servlet.error.DefaultErrorAttributes] is not eligible for getting processed by all BeanPostProcessors (for example: not eligible for auto-proxying)
2023-08-22 10:34:58,694 [main] INFO  o.s.c.s.PostProcessorRegistrationDelegate$BeanPostProcessorChecker - Bean 'spring.web-org.springframework.boot.autoconfigure.web.WebProperties' of type [org.springframework.boot.autoconfigure.web.WebProperties] is not eligible for getting processed by all BeanPostProcessors (for example: not eligible for auto-proxying)
2023-08-22 10:34:58,697 [main] INFO  o.s.c.s.PostProcessorRegistrationDelegate$BeanPostProcessorChecker - Bean 'org.springframework.boot.autoconfigure.web.servlet.error.ErrorMvcAutoConfiguration$DefaultErrorViewResolverConfiguration' of type [org.springframework.boot.autoconfigure.web.servlet.error.ErrorMvcAutoConfiguration$DefaultErrorViewResolverConfiguration] is not eligible for getting processed by all BeanPostProcessors (for example: not eligible for auto-proxying)
2023-08-22 10:34:58,702 [main] INFO  o.s.c.s.PostProcessorRegistrationDelegate$BeanPostProcessorChecker - Bean 'conventionErrorViewResolver' of type [org.springframework.boot.autoconfigure.web.servlet.error.DefaultErrorViewResolver] is not eligible for getting processed by all BeanPostProcessors (for example: not eligible for auto-proxying)
2023-08-22 10:34:58,708 [main] INFO  o.s.c.s.PostProcessorRegistrationDelegate$BeanPostProcessorChecker - Bean 'basicErrorController' of type [org.springframework.boot.autoconfigure.web.servlet.error.BasicErrorController] is not eligible for getting processed by all BeanPostProcessors (for example: not eligible for auto-proxying)
2023-08-22 10:34:58,723 [main] INFO  o.s.c.s.PostProcessorRegistrationDelegate$BeanPostProcessorChecker - Bean 'requestInterceptor' of type [com.rbts.hrms.authentication.dataconfig.RequestInterceptor] is not eligible for getting processed by all BeanPostProcessors (for example: not eligible for auto-proxying)
2023-08-22 10:34:58,726 [main] INFO  o.s.c.s.PostProcessorRegistrationDelegate$BeanPostProcessorChecker - Bean 'pathMatchingConfigurationAdapter' of type [com.rbts.hrms.authentication.dataconfig.PathMatchingConfigurationAdapter$$EnhancerBySpringCGLIB$$e7ca96e3] is not eligible for getting processed by all BeanPostProcessors (for example: not eligible for auto-proxying)
2023-08-22 10:34:58,739 [main] INFO  o.s.c.s.PostProcessorRegistrationDelegate$BeanPostProcessorChecker - Bean 'org.springframework.security.config.annotation.web.configuration.WebMvcSecurityConfiguration' of type [org.springframework.security.config.annotation.web.configuration.WebMvcSecurityConfiguration] is not eligible for getting processed by all BeanPostProcessors (for example: not eligible for auto-proxying)
2023-08-22 10:34:58,764 [main] INFO  o.s.c.s.PostProcessorRegistrationDelegate$BeanPostProcessorChecker - Bean 'spring.mvc-org.springframework.boot.autoconfigure.web.servlet.WebMvcProperties' of type [org.springframework.boot.autoconfigure.web.servlet.WebMvcProperties] is not eligible for getting processed by all BeanPostProcessors (for example: not eligible for auto-proxying)
2023-08-22 10:34:58,774 [main] INFO  o.s.c.s.PostProcessorRegistrationDelegate$BeanPostProcessorChecker - Bean 'org.springframework.boot.autoconfigure.web.servlet.WebMvcAutoConfiguration$WebMvcAutoConfigurationAdapter' of type [org.springframework.boot.autoconfigure.web.servlet.WebMvcAutoConfiguration$WebMvcAutoConfigurationAdapter] is not eligible for getting processed by all BeanPostProcessors (for example: not eligible for auto-proxying)
2023-08-22 10:34:58,793 [main] INFO  o.s.c.s.PostProcessorRegistrationDelegate$BeanPostProcessorChecker - Bean 'spring.jpa-org.springframework.boot.autoconfigure.orm.jpa.JpaProperties' of type [org.springframework.boot.autoconfigure.orm.jpa.JpaProperties] is not eligible for getting processed by all BeanPostProcessors (for example: not eligible for auto-proxying)
2023-08-22 10:34:58,796 [main] INFO  o.s.c.s.PostProcessorRegistrationDelegate$BeanPostProcessorChecker - Bean 'org.springframework.boot.autoconfigure.orm.jpa.JpaBaseConfiguration$JpaWebConfiguration' of type [org.springframework.boot.autoconfigure.orm.jpa.JpaBaseConfiguration$JpaWebConfiguration] is not eligible for getting processed by all BeanPostProcessors (for example: not eligible for auto-proxying)
2023-08-22 10:34:58,799 [main] WARN  o.s.b.a.o.j.JpaBaseConfiguration$JpaWebConfiguration - spring.jpa.open-in-view is enabled by default. Therefore, database queries may be performed during view rendering. Explicitly configure spring.jpa.open-in-view to disable this warning
2023-08-22 10:34:58,812 [main] INFO  o.s.c.s.PostProcessorRegistrationDelegate$BeanPostProcessorChecker - Bean 'org.springframework.boot.autoconfigure.sql.init.DataSourceInitializationConfiguration' of type [org.springframework.boot.autoconfigure.sql.init.DataSourceInitializationConfiguration] is not eligible for getting processed by all BeanPostProcessors (for example: not eligible for auto-proxying)
2023-08-22 10:34:58,815 [main] INFO  o.s.c.s.PostProcessorRegistrationDelegate$BeanPostProcessorChecker - Bean 'org.springframework.boot.autoconfigure.jdbc.DataSourceConfiguration$Hikari' of type [org.springframework.boot.autoconfigure.jdbc.DataSourceConfiguration$Hikari] is not eligible for getting processed by all BeanPostProcessors (for example: not eligible for auto-proxying)
2023-08-22 10:34:58,832 [main] INFO  o.s.c.s.PostProcessorRegistrationDelegate$BeanPostProcessorChecker - Bean 'spring.datasource-org.springframework.boot.autoconfigure.jdbc.DataSourceProperties' of type [org.springframework.boot.autoconfigure.jdbc.DataSourceProperties] is not eligible for getting processed by all BeanPostProcessors (for example: not eligible for auto-proxying)
2023-08-22 10:34:58,882 [main] INFO  o.s.c.s.PostProcessorRegistrationDelegate$BeanPostProcessorChecker - Bean 'dataSource' of type [com.zaxxer.hikari.HikariDataSource] is not eligible for getting processed by all BeanPostProcessors (for example: not eligible for auto-proxying)
2023-08-22 10:34:58,913 [main] INFO  o.s.c.s.PostProcessorRegistrationDelegate$BeanPostProcessorChecker - Bean 'spring.sql.init-org.springframework.boot.autoconfigure.sql.init.SqlInitializationProperties' of type [org.springframework.boot.autoconfigure.sql.init.SqlInitializationProperties] is not eligible for getting processed by all BeanPostProcessors (for example: not eligible for auto-proxying)
2023-08-22 10:34:58,920 [main] INFO  o.s.c.s.PostProcessorRegistrationDelegate$BeanPostProcessorChecker - Bean 'dataSourceScriptDatabaseInitializer' of type [org.springframework.boot.autoconfigure.sql.init.SqlDataSourceScriptDatabaseInitializer] is not eligible for getting processed by all BeanPostProcessors (for example: not eligible for auto-proxying)
2023-08-22 10:34:58,928 [main] INFO  o.s.c.s.PostProcessorRegistrationDelegate$BeanPostProcessorChecker - Bean 'hibernateConfig' of type [com.rbts.hrms.authentication.dataconfig.Multitenant.HibernateConfig$$EnhancerBySpringCGLIB$$b0fc5c21] is not eligible for getting processed by all BeanPostProcessors (for example: not eligible for auto-proxying)
2023-08-22 10:34:58,932 [main] INFO  o.s.c.s.PostProcessorRegistrationDelegate$BeanPostProcessorChecker - Bean 'tenantConnectionProvider' of type [com.rbts.hrms.authentication.dataconfig.schema.TenantConnectionProvider] is not eligible for getting processed by all BeanPostProcessors (for example: not eligible for auto-proxying)
2023-08-22 10:34:58,938 [main] INFO  o.s.c.s.PostProcessorRegistrationDelegate$BeanPostProcessorChecker - Bean 'tenantSchemaResolver' of type [com.rbts.hrms.authentication.dataconfig.Multitenant.TenantSchemaResolver] is not eligible for getting processed by all BeanPostProcessors (for example: not eligible for auto-proxying)
2023-08-22 10:34:58,987 [main] INFO  o.s.c.s.PostProcessorRegistrationDelegate$BeanPostProcessorChecker - Bean 'jpaVendorAdapter' of type [org.springframework.orm.jpa.vendor.HibernateJpaVendorAdapter] is not eligible for getting processed by all BeanPostProcessors (for example: not eligible for auto-proxying)
2023-08-22 10:34:59,051 [main] INFO  o.hibernate.jpa.internal.util.LogHelper            - HHH000204: Processing PersistenceUnitInfo [name: default]
2023-08-22 10:34:59,166 [main] INFO  org.hibernate.Version                              - HHH000412: Hibernate ORM core version 5.6.15.Final
2023-08-22 10:34:59,690 [main] INFO  org.hibernate.annotations.common.Version           - HCANN000001: Hibernate Commons Annotations {5.1.2.Final}
2023-08-22 10:35:00,226 [main] INFO  com.zaxxer.hikari.HikariDataSource                 - MyHikariPool - Starting...
2023-08-22 10:35:00,625 [main] INFO  com.zaxxer.hikari.HikariDataSource                 - MyHikariPool - Start completed.
2023-08-22 10:35:00,753 [main] INFO  org.hibernate.dialect.Dialect                      - HHH000400: Using dialect: org.hibernate.dialect.PostgreSQLDialect
2023-08-22 10:35:01,904 [main] INFO  o.h.e.t.j.p.i.JtaPlatformInitiator                 - HHH000490: Using JtaPlatform implementation: [org.hibernate.engine.transaction.jta.platform.internal.NoJtaPlatform]
2023-08-22 10:35:01,918 [main] INFO  o.s.o.j.LocalContainerEntityManagerFactoryBean     - Initialized JPA EntityManagerFactory for persistence unit 'default'
2023-08-22 10:35:01,923 [main] INFO  o.s.c.s.PostProcessorRegistrationDelegate$BeanPostProcessorChecker - Bean 'entityManagerFactory' of type [org.springframework.orm.jpa.LocalContainerEntityManagerFactoryBean] is not eligible for getting processed by all BeanPostProcessors (for example: not eligible for auto-proxying)
2023-08-22 10:35:01,937 [main] INFO  o.s.c.s.PostProcessorRegistrationDelegate$BeanPostProcessorChecker - Bean 'entityManagerFactory' of type [jdk.proxy2.$Proxy165] is not eligible for getting processed by all BeanPostProcessors (for example: not eligible for auto-proxying)
2023-08-22 10:35:01,956 [main] INFO  o.s.c.s.PostProcessorRegistrationDelegate$BeanPostProcessorChecker - Bean 'openEntityManagerInViewInterceptor' of type [org.springframework.orm.jpa.support.OpenEntityManagerInViewInterceptor] is not eligible for getting processed by all BeanPostProcessors (for example: not eligible for auto-proxying)
2023-08-22 10:35:01,961 [main] INFO  o.s.c.s.PostProcessorRegistrationDelegate$BeanPostProcessorChecker - Bean 'openEntityManagerInViewInterceptorConfigurer' of type [org.springframework.boot.autoconfigure.orm.jpa.JpaBaseConfiguration$JpaWebConfiguration$1] is not eligible for getting processed by all BeanPostProcessors (for example: not eligible for auto-proxying)
2023-08-22 10:35:01,974 [main] INFO  o.s.c.s.PostProcessorRegistrationDelegate$BeanPostProcessorChecker - Bean 'management.metrics-org.springframework.boot.actuate.autoconfigure.metrics.MetricsProperties' of type [org.springframework.boot.actuate.autoconfigure.metrics.MetricsProperties] is not eligible for getting processed by all BeanPostProcessors (for example: not eligible for auto-proxying)
2023-08-22 10:35:01,976 [main] INFO  o.s.c.s.PostProcessorRegistrationDelegate$BeanPostProcessorChecker - Bean 'org.springframework.boot.actuate.autoconfigure.metrics.web.servlet.WebMvcMetricsAutoConfiguration' of type [org.springframework.boot.actuate.autoconfigure.metrics.web.servlet.WebMvcMetricsAutoConfiguration] is not eligible for getting processed by all BeanPostProcessors (for example: not eligible for auto-proxying)
2023-08-22 10:35:01,979 [main] INFO  o.s.c.s.PostProcessorRegistrationDelegate$BeanPostProcessorChecker - Bean 'org.springframework.boot.actuate.autoconfigure.metrics.export.simple.SimpleMetricsExportAutoConfiguration' of type [org.springframework.boot.actuate.autoconfigure.metrics.export.simple.SimpleMetricsExportAutoConfiguration] is not eligible for getting processed by all BeanPostProcessors (for example: not eligible for auto-proxying)
2023-08-22 10:35:01,983 [main] INFO  o.s.c.s.PostProcessorRegistrationDelegate$BeanPostProcessorChecker - Bean 'management.metrics.export.simple-org.springframework.boot.actuate.autoconfigure.metrics.export.simple.SimpleProperties' of type [org.springframework.boot.actuate.autoconfigure.metrics.export.simple.SimpleProperties] is not eligible for getting processed by all BeanPostProcessors (for example: not eligible for auto-proxying)
2023-08-22 10:35:01,987 [main] INFO  o.s.c.s.PostProcessorRegistrationDelegate$BeanPostProcessorChecker - Bean 'simpleConfig' of type [org.springframework.boot.actuate.autoconfigure.metrics.export.simple.SimplePropertiesConfigAdapter] is not eligible for getting processed by all BeanPostProcessors (for example: not eligible for auto-proxying)
2023-08-22 10:35:01,992 [main] INFO  o.s.c.s.PostProcessorRegistrationDelegate$BeanPostProcessorChecker - Bean 'org.springframework.boot.actuate.autoconfigure.metrics.MetricsAutoConfiguration' of type [org.springframework.boot.actuate.autoconfigure.metrics.MetricsAutoConfiguration] is not eligible for getting processed by all BeanPostProcessors (for example: not eligible for auto-proxying)
2023-08-22 10:35:01,994 [main] INFO  o.s.c.s.PostProcessorRegistrationDelegate$BeanPostProcessorChecker - Bean 'micrometerClock' of type [io.micrometer.core.instrument.Clock$1] is not eligible for getting processed by all BeanPostProcessors (for example: not eligible for auto-proxying)
2023-08-22 10:35:02,024 [main] INFO  o.s.c.s.PostProcessorRegistrationDelegate$BeanPostProcessorChecker - Bean 'simpleMeterRegistry' of type [io.micrometer.core.instrument.simple.SimpleMeterRegistry] is not eligible for getting processed by all BeanPostProcessors (for example: not eligible for auto-proxying)
2023-08-22 10:35:02,037 [main] INFO  o.s.c.s.PostProcessorRegistrationDelegate$BeanPostProcessorChecker - Bean 'webMvcTagsProvider' of type [org.springframework.boot.actuate.metrics.web.servlet.DefaultWebMvcTagsProvider] is not eligible for getting processed by all BeanPostProcessors (for example: not eligible for auto-proxying)
2023-08-22 10:35:02,038 [main] INFO  o.s.c.s.PostProcessorRegistrationDelegate$BeanPostProcessorChecker - Bean 'metricsWebMvcConfigurer' of type [org.springframework.boot.actuate.autoconfigure.metrics.web.servlet.WebMvcMetricsAutoConfiguration$MetricsWebMvcConfigurer] is not eligible for getting processed by all BeanPostProcessors (for example: not eligible for auto-proxying)
2023-08-22 10:35:02,045 [main] INFO  o.s.c.s.PostProcessorRegistrationDelegate$BeanPostProcessorChecker - Bean 'org.springframework.data.web.config.SpringDataWebConfiguration' of type [org.springframework.data.web.config.SpringDataWebConfiguration] is not eligible for getting processed by all BeanPostProcessors (for example: not eligible for auto-proxying)
2023-08-22 10:35:02,119 [main] INFO  o.s.c.s.PostProcessorRegistrationDelegate$BeanPostProcessorChecker - Bean 'org.springframework.cloud.client.discovery.composite.CompositeDiscoveryClientAutoConfiguration' of type [org.springframework.cloud.client.discovery.composite.CompositeDiscoveryClientAutoConfiguration] is not eligible for getting processed by all BeanPostProcessors (for example: not eligible for auto-proxying)
2023-08-22 10:35:02,130 [main] INFO  o.s.c.s.PostProcessorRegistrationDelegate$BeanPostProcessorChecker - Bean 'org.springframework.cloud.commons.util.UtilAutoConfiguration' of type [org.springframework.cloud.commons.util.UtilAutoConfiguration] is not eligible for getting processed by all BeanPostProcessors (for example: not eligible for auto-proxying)
2023-08-22 10:35:02,138 [main] INFO  o.s.c.s.PostProcessorRegistrationDelegate$BeanPostProcessorChecker - Bean 'inetUtilsProperties' of type [org.springframework.cloud.commons.util.InetUtilsProperties] is not eligible for getting processed by all BeanPostProcessors (for example: not eligible for auto-proxying)
2023-08-22 10:35:02,141 [main] INFO  o.s.c.s.PostProcessorRegistrationDelegate$BeanPostProcessorChecker - Bean 'inetUtils' of type [org.springframework.cloud.commons.util.InetUtils] is not eligible for getting processed by all BeanPostProcessors (for example: not eligible for auto-proxying)
2023-08-22 10:35:02,143 [main] INFO  o.s.c.s.PostProcessorRegistrationDelegate$BeanPostProcessorChecker - Bean 'org.springframework.cloud.client.discovery.simple.SimpleDiscoveryClientAutoConfiguration' of type [org.springframework.cloud.client.discovery.simple.SimpleDiscoveryClientAutoConfiguration] is not eligible for getting processed by all BeanPostProcessors (for example: not eligible for auto-proxying)
2023-08-22 10:35:02,345 [main] INFO  o.s.c.s.PostProcessorRegistrationDelegate$BeanPostProcessorChecker - Bean 'simpleDiscoveryProperties' of type [org.springframework.cloud.client.discovery.simple.SimpleDiscoveryProperties] is not eligible for getting processed by all BeanPostProcessors (for example: not eligible for auto-proxying)
2023-08-22 10:35:02,349 [main] INFO  o.s.c.s.PostProcessorRegistrationDelegate$BeanPostProcessorChecker - Bean 'simpleDiscoveryClient' of type [org.springframework.cloud.client.discovery.simple.SimpleDiscoveryClient] is not eligible for getting processed by all BeanPostProcessors (for example: not eligible for auto-proxying)
2023-08-22 10:35:02,352 [main] INFO  o.s.c.s.PostProcessorRegistrationDelegate$BeanPostProcessorChecker - Bean 'org.springframework.cloud.netflix.eureka.EurekaDiscoveryClientConfiguration' of type [org.springframework.cloud.netflix.eureka.EurekaDiscoveryClientConfiguration] is not eligible for getting processed by all BeanPostProcessors (for example: not eligible for auto-proxying)
2023-08-22 10:35:02,370 [main] INFO  o.s.c.s.PostProcessorRegistrationDelegate$BeanPostProcessorChecker - Bean 'org.springframework.cloud.netflix.eureka.EurekaClientAutoConfiguration' of type [org.springframework.cloud.netflix.eureka.EurekaClientAutoConfiguration] is not eligible for getting processed by all BeanPostProcessors (for example: not eligible for auto-proxying)
2023-08-22 10:35:02,409 [main] INFO  o.s.c.s.PostProcessorRegistrationDelegate$BeanPostProcessorChecker - Bean 'eurekaClientConfigBean' of type [org.springframework.cloud.netflix.eureka.EurekaClientConfigBean] is not eligible for getting processed by all BeanPostProcessors (for example: not eligible for auto-proxying)
2023-08-22 10:35:02,429 [main] INFO  o.s.c.s.PostProcessorRegistrationDelegate$BeanPostProcessorChecker - Bean 'discoveryClient' of type [org.springframework.cloud.netflix.eureka.EurekaDiscoveryClient] is not eligible for getting processed by all BeanPostProcessors (for example: not eligible for auto-proxying)
2023-08-22 10:35:02,432 [main] INFO  o.s.c.s.PostProcessorRegistrationDelegate$BeanPostProcessorChecker - Bean 'compositeDiscoveryClient' of type [org.springframework.cloud.client.discovery.composite.CompositeDiscoveryClient] is not eligible for getting processed by all BeanPostProcessors (for example: not eligible for auto-proxying)
2023-08-22 10:35:02,433 [main] INFO  o.s.c.s.PostProcessorRegistrationDelegate$BeanPostProcessorChecker - Bean 'org.springframework.cloud.netflix.zuul.ZuulProxyAutoConfiguration' of type [org.springframework.cloud.netflix.zuul.ZuulProxyAutoConfiguration] is not eligible for getting processed by all BeanPostProcessors (for example: not eligible for auto-proxying)
2023-08-22 10:35:02,443 [main] INFO  o.s.c.s.PostProcessorRegistrationDelegate$BeanPostProcessorChecker - Bean 'serviceRouteMapper' of type [org.springframework.cloud.netflix.zuul.filters.discovery.SimpleServiceRouteMapper] is not eligible for getting processed by all BeanPostProcessors (for example: not eligible for auto-proxying)
2023-08-22 10:35:02,450 [main] INFO  o.s.c.s.PostProcessorRegistrationDelegate$BeanPostProcessorChecker - Bean 'org.springframework.cloud.netflix.eureka.config.DiscoveryClientOptionalArgsConfiguration' of type [org.springframework.cloud.netflix.eureka.config.DiscoveryClientOptionalArgsConfiguration] is not eligible for getting processed by all BeanPostProcessors (for example: not eligible for auto-proxying)
2023-08-22 10:35:02,457 [main] INFO  o.s.c.s.PostProcessorRegistrationDelegate$BeanPostProcessorChecker - Bean 'tlsProperties' of type [org.springframework.cloud.configuration.TlsProperties] is not eligible for getting processed by all BeanPostProcessors (for example: not eligible for auto-proxying)
2023-08-22 10:35:02,460 [main] INFO  o.s.c.n.e.c.DiscoveryClientOptionalArgsConfiguration - Eureka HTTP Client uses Jersey
2023-08-22 10:35:02,464 [main] INFO  o.s.c.s.PostProcessorRegistrationDelegate$BeanPostProcessorChecker - Bean 'discoveryClientOptionalArgs' of type [org.springframework.cloud.netflix.eureka.MutableDiscoveryClientOptionalArgs] is not eligible for getting processed by all BeanPostProcessors (for example: not eligible for auto-proxying)
2023-08-22 10:35:02,470 [main] INFO  o.s.c.s.PostProcessorRegistrationDelegate$BeanPostProcessorChecker - Bean 'org.springframework.cloud.netflix.eureka.EurekaClientAutoConfiguration$RefreshableEurekaClientConfiguration' of type [org.springframework.cloud.netflix.eureka.EurekaClientAutoConfiguration$RefreshableEurekaClientConfiguration] is not eligible for getting processed by all BeanPostProcessors (for example: not eligible for auto-proxying)
2023-08-22 10:35:02,476 [main] INFO  o.s.c.s.PostProcessorRegistrationDelegate$BeanPostProcessorChecker - Bean 'serviceManagementMetadataProvider' of type [org.springframework.cloud.netflix.eureka.metadata.DefaultManagementMetadataProvider] is not eligible for getting processed by all BeanPostProcessors (for example: not eligible for auto-proxying)
2023-08-22 10:35:02,720 [main] INFO  o.s.c.s.PostProcessorRegistrationDelegate$BeanPostProcessorChecker - Bean 'eurekaInstanceConfigBean' of type [org.springframework.cloud.netflix.eureka.EurekaInstanceConfigBean] is not eligible for getting processed by all BeanPostProcessors (for example: not eligible for auto-proxying)
2023-08-22 10:35:02,738 [main] INFO  o.s.c.s.PostProcessorRegistrationDelegate$BeanPostProcessorChecker - Bean 'scopedTarget.eurekaRegistration' of type [org.springframework.cloud.netflix.eureka.serviceregistry.EurekaRegistration] is not eligible for getting processed by all BeanPostProcessors (for example: not eligible for auto-proxying)
2023-08-22 10:35:02,742 [main] INFO  o.s.c.s.PostProcessorRegistrationDelegate$BeanPostProcessorChecker - Bean 'discoveryRouteLocator' of type [org.springframework.cloud.netflix.zuul.filters.discovery.DiscoveryClientRouteLocator] is not eligible for getting processed by all BeanPostProcessors (for example: not eligible for auto-proxying)
2023-08-22 10:35:02,745 [main] INFO  o.s.c.s.PostProcessorRegistrationDelegate$BeanPostProcessorChecker - Bean 'primaryRouteLocator' of type [org.springframework.cloud.netflix.zuul.filters.CompositeRouteLocator] is not eligible for getting processed by all BeanPostProcessors (for example: not eligible for auto-proxying)
2023-08-22 10:35:02,765 [main] INFO  o.s.c.s.PostProcessorRegistrationDelegate$BeanPostProcessorChecker - Bean 'zuulController' of type [org.springframework.cloud.netflix.zuul.web.ZuulController] is not eligible for getting processed by all BeanPostProcessors (for example: not eligible for auto-proxying)
2023-08-22 10:35:03,145 [main] INFO  o.s.b.w.embedded.tomcat.TomcatWebServer            - Tomcat initialized with port(s): 8082 (http)
2023-08-22 10:35:03,162 [main] INFO  o.apache.coyote.http11.Http11NioProtocol           - Initializing ProtocolHandler ["http-nio-8082"]
2023-08-22 10:35:03,163 [main] INFO  org.apache.catalina.core.StandardService           - Starting service [Tomcat]
2023-08-22 10:35:03,163 [main] INFO  org.apache.catalina.core.StandardEngine            - Starting Servlet engine: [Apache Tomcat/9.0.74]
2023-08-22 10:35:03,554 [main] INFO  o.a.c.c.C.[Tomcat].[localhost].[/]                 - Initializing Spring embedded WebApplicationContext
2023-08-22 10:35:03,554 [main] INFO  o.s.b.w.s.c.ServletWebServerApplicationContext     - Root WebApplicationContext: initialization completed in 9778 ms
2023-08-22 10:35:03,728 [main] WARN  c.n.c.sources.URLConfigurationSource               - No URLs will be polled as dynamic configuration sources.
2023-08-22 10:35:03,729 [main] INFO  c.n.c.sources.URLConfigurationSource               - To enable URLs as dynamic configuration sources, define System property archaius.configurationSource.additionalUrls or make config.properties available on classpath.
2023-08-22 10:35:03,743 [main] INFO  c.netflix.config.DynamicPropertyFactory            - DynamicPropertyFactory is initialized with configuration sources: com.netflix.config.ConcurrentCompositeConfiguration@756030e2
2023-08-22 10:35:04,875 [main] INFO  o.s.b.a.e.web.ServletEndpointRegistrar             - Registered '/actuator/hystrix.stream' to hystrix.stream-actuator-endpoint
2023-08-22 10:35:07,187 [main] INFO  o.s.b.a.e.web.EndpointLinksResolver                - Exposing 23 endpoint(s) beneath base path '/actuator'
2023-08-22 10:35:07,300 [main] INFO  o.s.s.web.DefaultSecurityFilterChain               - Will secure any request with [org.springframework.security.web.session.DisableEncodeUrlFilter@282831ea, org.springframework.security.web.context.request.async.WebAsyncManagerIntegrationFilter@118932fe, org.springframework.security.web.context.SecurityContextPersistenceFilter@4c24063c, org.springframework.security.web.header.HeaderWriterFilter@3f679ce, org.springframework.web.filter.CorsFilter@7153995c, org.springframework.security.web.authentication.logout.LogoutFilter@3622c9f0, com.rbts.hrms.authentication.security.AuthTokenFilter@4353230, org.springframework.security.web.savedrequest.RequestCacheAwareFilter@6cf71064, org.springframework.security.web.servletapi.SecurityContextHolderAwareRequestFilter@4e8036bb, org.springframework.security.web.authentication.AnonymousAuthenticationFilter@3b256d50, org.springframework.security.web.session.SessionManagementFilter@80f3111, org.springframework.security.web.access.ExceptionTranslationFilter@77107573, org.springframework.security.web.access.intercept.FilterSecurityInterceptor@31eb5ed6]
2023-08-22 10:35:07,403 [main] WARN  c.n.c.sources.URLConfigurationSource               - No URLs will be polled as dynamic configuration sources.
2023-08-22 10:35:07,404 [main] INFO  c.n.c.sources.URLConfigurationSource               - To enable URLs as dynamic configuration sources, define System property archaius.configurationSource.additionalUrls or make config.properties available on classpath.
2023-08-22 10:35:08,214 [main] WARN  o.s.c.l.c.LoadBalancerCacheAutoConfiguration$LoadBalancerCaffeineWarnLogger - Spring Cloud LoadBalancer is currently working with the default cache. While this cache implementation is useful for development and tests, it's recommended to use Caffeine cache in production.You can switch to using Caffeine cache, by adding it and org.springframework.cache.caffeine.CaffeineCacheManager to the classpath.
2023-08-22 10:35:08,431 [main] INFO  o.s.c.netflix.zuul.ZuulFilterInitializer           - Starting filter initializer
2023-08-22 10:35:08,494 [main] INFO  o.s.c.netflix.eureka.InstanceInfoFactory           - Setting initial instance status as: STARTING
2023-08-22 10:35:08,578 [main] INFO  com.netflix.discovery.DiscoveryClient              - Initializing Eureka in region us-east-1
2023-08-22 10:35:08,638 [main] INFO  c.n.d.provider.DiscoveryJerseyProvider             - Using JSON encoding codec LegacyJacksonJson
2023-08-22 10:35:08,639 [main] INFO  c.n.d.provider.DiscoveryJerseyProvider             - Using JSON decoding codec LegacyJacksonJson
2023-08-22 10:35:08,919 [main] INFO  c.n.d.provider.DiscoveryJerseyProvider             - Using XML encoding codec XStreamXml
2023-08-22 10:35:08,919 [main] INFO  c.n.d.provider.DiscoveryJerseyProvider             - Using XML decoding codec XStreamXml
2023-08-22 10:35:09,098 [main] INFO  c.n.d.s.r.aws.ConfigClusterResolver                - Resolving eureka endpoints via configuration
2023-08-22 10:35:09,116 [main] INFO  com.netflix.discovery.DiscoveryClient              - Starting heartbeat executor: renew interval is: 30
2023-08-22 10:35:09,119 [main] INFO  c.n.discovery.InstanceInfoReplicator               - InstanceInfoReplicator onDemand update allowed rate per min is 4
2023-08-22 10:35:09,123 [main] INFO  com.netflix.discovery.DiscoveryClient              - Discovery Client initialized at timestamp 1692680709122 with initial instances count: 0
2023-08-22 10:35:09,132 [main] INFO  o.s.c.n.e.s.EurekaServiceRegistry                  - Registering application AUTHENTICATION-SERVICE with eureka with status UP
2023-08-22 10:35:09,133 [main] INFO  com.netflix.discovery.DiscoveryClient              - Saw local status change event StatusChangeEvent [timestamp=1692680709133, current=UP, previous=STARTING]
2023-08-22 10:35:09,136 [DiscoveryClient-InstanceInfoReplicator-0] INFO  com.netflix.discovery.DiscoveryClient              - DiscoveryClient_AUTHENTICATION-SERVICE/host.docker.internal:authentication-service:8082: registering service...
2023-08-22 10:35:09,137 [main] INFO  o.apache.coyote.http11.Http11NioProtocol           - Starting ProtocolHandler ["http-nio-8082"]
2023-08-22 10:35:09,164 [main] INFO  o.s.b.w.embedded.tomcat.TomcatWebServer            - Tomcat started on port(s): 8082 (http) with context path ''
2023-08-22 10:35:09,165 [main] INFO  o.s.c.n.e.s.EurekaAutoServiceRegistration          - Updating port to 8082
2023-08-22 10:35:09,299 [DiscoveryClient-InstanceInfoReplicator-0] INFO  com.netflix.discovery.DiscoveryClient              - DiscoveryClient_AUTHENTICATION-SERVICE/host.docker.internal:authentication-service:8082 - registration status: 204
2023-08-22 10:35:09,337 [main] INFO  c.r.h.a.AuthenticationServiceApplication           - Started AuthenticationServiceApplication in 16.939 seconds (JVM running for 18.579)
2023-08-22 10:40:09,140 [AsyncResolver-bootstrap-executor-0] INFO  c.n.d.s.r.aws.ConfigClusterResolver                - Resolving eureka endpoints via configuration
2023-08-22 10:45:09,154 [AsyncResolver-bootstrap-executor-0] INFO  c.n.d.s.r.aws.ConfigClusterResolver                - Resolving eureka endpoints via configuration
2023-08-22 10:50:09,170 [AsyncResolver-bootstrap-executor-0] INFO  c.n.d.s.r.aws.ConfigClusterResolver                - Resolving eureka endpoints via configuration
2023-08-22 10:55:09,177 [AsyncResolver-bootstrap-executor-0] INFO  c.n.d.s.r.aws.ConfigClusterResolver                - Resolving eureka endpoints via configuration
2023-08-22 11:00:09,182 [AsyncResolver-bootstrap-executor-0] INFO  c.n.d.s.r.aws.ConfigClusterResolver                - Resolving eureka endpoints via configuration
2023-08-22 11:05:09,189 [AsyncResolver-bootstrap-executor-0] INFO  c.n.d.s.r.aws.ConfigClusterResolver                - Resolving eureka endpoints via configuration
2023-08-22 11:10:09,197 [AsyncResolver-bootstrap-executor-0] INFO  c.n.d.s.r.aws.ConfigClusterResolver                - Resolving eureka endpoints via configuration
2023-08-22 11:15:09,214 [AsyncResolver-bootstrap-executor-0] INFO  c.n.d.s.r.aws.ConfigClusterResolver                - Resolving eureka endpoints via configuration
2023-08-22 11:20:09,227 [AsyncResolver-bootstrap-executor-0] INFO  c.n.d.s.r.aws.ConfigClusterResolver                - Resolving eureka endpoints via configuration
2023-08-22 11:25:09,242 [AsyncResolver-bootstrap-executor-0] INFO  c.n.d.s.r.aws.ConfigClusterResolver                - Resolving eureka endpoints via configuration
2023-08-22 11:30:09,251 [AsyncResolver-bootstrap-executor-0] INFO  c.n.d.s.r.aws.ConfigClusterResolver                - Resolving eureka endpoints via configuration
2023-08-22 11:35:09,261 [AsyncResolver-bootstrap-executor-0] INFO  c.n.d.s.r.aws.ConfigClusterResolver                - Resolving eureka endpoints via configuration
2023-08-22 11:40:09,284 [AsyncResolver-bootstrap-executor-0] INFO  c.n.d.s.r.aws.ConfigClusterResolver                - Resolving eureka endpoints via configuration
2023-08-22 11:45:09,304 [AsyncResolver-bootstrap-executor-0] INFO  c.n.d.s.r.aws.ConfigClusterResolver                - Resolving eureka endpoints via configuration
2023-08-22 11:50:09,321 [AsyncResolver-bootstrap-executor-0] INFO  c.n.d.s.r.aws.ConfigClusterResolver                - Resolving eureka endpoints via configuration
2023-08-22 11:55:09,331 [AsyncResolver-bootstrap-executor-0] INFO  c.n.d.s.r.aws.ConfigClusterResolver                - Resolving eureka endpoints via configuration
2023-08-22 12:00:09,341 [AsyncResolver-bootstrap-executor-0] INFO  c.n.d.s.r.aws.ConfigClusterResolver                - Resolving eureka endpoints via configuration
2023-08-22 12:05:09,343 [AsyncResolver-bootstrap-executor-0] INFO  c.n.d.s.r.aws.ConfigClusterResolver                - Resolving eureka endpoints via configuration
2023-08-22 12:10:09,356 [AsyncResolver-bootstrap-executor-0] INFO  c.n.d.s.r.aws.ConfigClusterResolver                - Resolving eureka endpoints via configuration
2023-08-22 12:15:09,376 [AsyncResolver-bootstrap-executor-0] INFO  c.n.d.s.r.aws.ConfigClusterResolver                - Resolving eureka endpoints via configuration
2023-08-22 12:20:09,392 [AsyncResolver-bootstrap-executor-0] INFO  c.n.d.s.r.aws.ConfigClusterResolver                - Resolving eureka endpoints via configuration
2023-08-22 13:19:14,676 [MyHikariPool housekeeper] WARN  com.zaxxer.hikari.pool.HikariPool                  - MyHikariPool - Thread starvation or clock leap detected (housekeeper delta=57m12s87ms127µs400ns).
2023-08-22 13:56:17,644 [MyHikariPool housekeeper] WARN  com.zaxxer.hikari.pool.HikariPool                  - MyHikariPool - Thread starvation or clock leap detected (housekeeper delta=37m2s967ms677µs).
2023-08-22 13:58:24,426 [AsyncResolver-bootstrap-executor-0] INFO  c.n.d.s.r.aws.ConfigClusterResolver                - Resolving eureka endpoints via configuration
2023-08-22 14:08:06,207 [MyHikariPool housekeeper] WARN  com.zaxxer.hikari.pool.HikariPool                  - MyHikariPool - Thread starvation or clock leap detected (housekeeper delta=8m48s488ms219µs).
2023-08-22 14:11:42,906 [AsyncResolver-bootstrap-executor-0] INFO  c.n.d.s.r.aws.ConfigClusterResolver                - Resolving eureka endpoints via configuration
2023-08-22 14:16:42,915 [AsyncResolver-bootstrap-executor-0] INFO  c.n.d.s.r.aws.ConfigClusterResolver                - Resolving eureka endpoints via configuration
2023-08-22 14:21:42,928 [AsyncResolver-bootstrap-executor-0] INFO  c.n.d.s.r.aws.ConfigClusterResolver                - Resolving eureka endpoints via configuration
2023-08-22 14:26:42,941 [AsyncResolver-bootstrap-executor-0] INFO  c.n.d.s.r.aws.ConfigClusterResolver                - Resolving eureka endpoints via configuration
2023-08-22 14:31:42,944 [AsyncResolver-bootstrap-executor-0] INFO  c.n.d.s.r.aws.ConfigClusterResolver                - Resolving eureka endpoints via configuration
2023-08-22 14:36:42,957 [AsyncResolver-bootstrap-executor-0] INFO  c.n.d.s.r.aws.ConfigClusterResolver                - Resolving eureka endpoints via configuration
2023-08-22 14:41:42,967 [AsyncResolver-bootstrap-executor-0] INFO  c.n.d.s.r.aws.ConfigClusterResolver                - Resolving eureka endpoints via configuration
2023-08-22 14:46:42,969 [AsyncResolver-bootstrap-executor-0] INFO  c.n.d.s.r.aws.ConfigClusterResolver                - Resolving eureka endpoints via configuration
2023-08-22 14:51:42,984 [AsyncResolver-bootstrap-executor-0] INFO  c.n.d.s.r.aws.ConfigClusterResolver                - Resolving eureka endpoints via configuration
2023-08-22 14:56:43,000 [AsyncResolver-bootstrap-executor-0] INFO  c.n.d.s.r.aws.ConfigClusterResolver                - Resolving eureka endpoints via configuration
2023-08-22 15:01:43,009 [AsyncResolver-bootstrap-executor-0] INFO  c.n.d.s.r.aws.ConfigClusterResolver                - Resolving eureka endpoints via configuration
2023-08-22 15:06:43,020 [AsyncResolver-bootstrap-executor-0] INFO  c.n.d.s.r.aws.ConfigClusterResolver                - Resolving eureka endpoints via configuration
2023-08-22 15:11:43,037 [AsyncResolver-bootstrap-executor-0] INFO  c.n.d.s.r.aws.ConfigClusterResolver                - Resolving eureka endpoints via configuration
2023-08-22 15:16:43,046 [AsyncResolver-bootstrap-executor-0] INFO  c.n.d.s.r.aws.ConfigClusterResolver                - Resolving eureka endpoints via configuration
2023-08-22 15:21:43,060 [AsyncResolver-bootstrap-executor-0] INFO  c.n.d.s.r.aws.ConfigClusterResolver                - Resolving eureka endpoints via configuration
2023-08-22 15:26:43,062 [AsyncResolver-bootstrap-executor-0] INFO  c.n.d.s.r.aws.ConfigClusterResolver                - Resolving eureka endpoints via configuration
2023-08-22 15:31:43,072 [AsyncResolver-bootstrap-executor-0] INFO  c.n.d.s.r.aws.ConfigClusterResolver                - Resolving eureka endpoints via configuration
2023-08-22 15:36:43,073 [AsyncResolver-bootstrap-executor-0] INFO  c.n.d.s.r.aws.ConfigClusterResolver                - Resolving eureka endpoints via configuration
2023-08-22 15:41:43,075 [AsyncResolver-bootstrap-executor-0] INFO  c.n.d.s.r.aws.ConfigClusterResolver                - Resolving eureka endpoints via configuration
2023-08-22 15:46:43,085 [AsyncResolver-bootstrap-executor-0] INFO  c.n.d.s.r.aws.ConfigClusterResolver                - Resolving eureka endpoints via configuration
2023-08-22 15:48:06,421 [http-nio-8082-exec-1] INFO  o.a.c.c.C.[Tomcat].[localhost].[/]                 - Initializing Spring DispatcherServlet 'dispatcherServlet'
2023-08-22 15:48:06,422 [http-nio-8082-exec-1] INFO  o.s.web.servlet.DispatcherServlet                  - Initializing Servlet 'dispatcherServlet'
2023-08-22 15:48:06,467 [http-nio-8082-exec-1] INFO  o.s.web.servlet.DispatcherServlet                  - Completed initialization in 44 ms
2023-08-22 15:48:06,847 [http-nio-8082-exec-1] INFO  c.netflix.config.ChainedDynamicProperty            - Flipping property: multitenant-service.ribbon.ActiveConnectionsLimit to use NEXT property: niws.loadbalancer.availabilityFilteringRule.activeConnectionsLimit = 2147483647
2023-08-22 15:48:06,882 [http-nio-8082-exec-1] INFO  c.netflix.loadbalancer.BaseLoadBalancer            - Client: multitenant-service instantiated a LoadBalancer: DynamicServerListLoadBalancer:{NFLoadBalancer:name=multitenant-service,current list of Servers=[],Load balancer stats=Zone stats: {},Server stats: []}ServerList:null
2023-08-22 15:48:06,892 [http-nio-8082-exec-1] INFO  c.n.l.DynamicServerListLoadBalancer                - Using serverListUpdater PollingServerListUpdater
2023-08-22 15:48:06,921 [http-nio-8082-exec-1] INFO  c.netflix.config.ChainedDynamicProperty            - Flipping property: multitenant-service.ribbon.ActiveConnectionsLimit to use NEXT property: niws.loadbalancer.availabilityFilteringRule.activeConnectionsLimit = 2147483647
2023-08-22 15:48:06,926 [http-nio-8082-exec-1] INFO  c.n.l.DynamicServerListLoadBalancer                - DynamicServerListLoadBalancer for client multitenant-service initialized: DynamicServerListLoadBalancer:{NFLoadBalancer:name=multitenant-service,current list of Servers=[localhost:8083],Load balancer stats=Zone stats: {unknown=[Zone:unknown;	Instance count:1;	Active connections count: 0;	Circuit breaker tripped count: 0;	Active connections per server: 0.0;]
},Server stats: [[Server:localhost:8083;	Zone:UNKNOWN;	Total Requests:0;	Successive connection failure:0;	Total blackout seconds:0;	Last connection made:Thu Jan 01 05:30:00 IST 1970;	First connection made: Thu Jan 01 05:30:00 IST 1970;	Active Connections:0;	total failure count in last (1000) msecs:0;	average resp time:0.0;	90 percentile resp time:0.0;	95 percentile resp time:0.0;	min resp time:0.0;	max resp time:0.0;	stddev resp time:0.0]
]}ServerList:com.netflix.loadbalancer.ConfigurationBasedServerList@37e0c32f
2023-08-22 15:48:07,898 [PollingServerListUpdater-0] INFO  c.netflix.config.ChainedDynamicProperty            - Flipping property: multitenant-service.ribbon.ActiveConnectionsLimit to use NEXT property: niws.loadbalancer.availabilityFilteringRule.activeConnectionsLimit = 2147483647
2023-08-22 15:51:43,099 [AsyncResolver-bootstrap-executor-0] INFO  c.n.d.s.r.aws.ConfigClusterResolver                - Resolving eureka endpoints via configuration
2023-08-22 15:56:43,113 [AsyncResolver-bootstrap-executor-0] INFO  c.n.d.s.r.aws.ConfigClusterResolver                - Resolving eureka endpoints via configuration
2023-08-22 16:01:15,140 [http-nio-8082-exec-9] INFO  c.r.h.a.d.s.TenantConnectionProvider               - Get connection for tenant info7
2023-08-22 16:01:15,160 [http-nio-8082-exec-9] INFO  c.r.h.authentication.aop.LoggingAspects            - Request toResponseEntity com.rbts.hrms.authentication.controller.AdminController.registerUser(SignupRequest)started atTue Aug 22 16:01:15 IST 2023
2023-08-22 16:01:15,679 [http-nio-8082-exec-9] INFO  c.r.h.authentication.aop.LoggingAspects            - Request toResponseEntity com.rbts.hrms.authentication.service.SignupService.save(SignupRequest)ended atTue Aug 22 16:01:15 IST 2023
2023-08-22 16:01:15,747 [http-nio-8082-exec-9] INFO  c.r.h.a.d.s.TenantConnectionProvider               - Release connection for tenant info7
2023-08-22 16:01:37,015 [http-nio-8082-exec-10] INFO  c.r.h.authentication.aop.LoggingAspects            - Request toResponseEntity com.rbts.hrms.authentication.controller.PublicController.authenticateUser(LoginRequest,HttpServletRequest)started atTue Aug 22 16:01:37 IST 2023
2023-08-22 16:01:37,126 [http-nio-8082-exec-10] INFO  c.r.h.a.d.s.TenantConnectionProvider               - Get connection for tenant info7
2023-08-22 16:01:37,169 [http-nio-8082-exec-10] INFO  c.r.h.authentication.aop.LoggingAspects            - Request toUserDetails com.rbts.hrms.authentication.service.UserDetailsServiceImpl.loadUserByUsername(String)ended atTue Aug 22 16:01:37 IST 2023
2023-08-22 16:01:37,827 [http-nio-8082-exec-10] INFO  c.r.h.authentication.aop.LoggingAspects            - Request toRefreshToken com.rbts.hrms.authentication.service.RefreshTokenService.createRefreshToken(Long)ended atTue Aug 22 16:01:37 IST 2023
2023-08-22 16:01:37,842 [http-nio-8082-exec-10] INFO  c.r.h.a.d.s.TenantConnectionProvider               - Release connection for tenant info7
2023-08-22 16:01:43,129 [AsyncResolver-bootstrap-executor-0] INFO  c.n.d.s.r.aws.ConfigClusterResolver                - Resolving eureka endpoints via configuration
2023-08-22 16:06:43,139 [AsyncResolver-bootstrap-executor-0] INFO  c.n.d.s.r.aws.ConfigClusterResolver                - Resolving eureka endpoints via configuration
2023-08-22 16:11:43,143 [AsyncResolver-bootstrap-executor-0] INFO  c.n.d.s.r.aws.ConfigClusterResolver                - Resolving eureka endpoints via configuration
2023-08-22 16:22:39,491 [MyHikariPool housekeeper] WARN  com.zaxxer.hikari.pool.HikariPool                  - MyHikariPool - Thread starvation or clock leap detected (housekeeper delta=9m1s402ms630µs100ns).
2023-08-22 16:25:14,539 [AsyncResolver-bootstrap-executor-0] INFO  c.n.d.s.r.aws.ConfigClusterResolver                - Resolving eureka endpoints via configuration
2023-08-22 16:25:48,606 [http-nio-8082-exec-4] ERROR c.r.h.a.security.AuthTokenFilter                   - Cannot set user authentication: {}
org.springframework.data.redis.RedisConnectionFailureException: Unable to connect to Redis; nested exception is io.lettuce.core.RedisConnectionException: Unable to connect to localhost/<unresolved>:6379
	at org.springframework.data.redis.connection.lettuce.LettuceConnectionFactory$ExceptionTranslatingConnectionProvider.translateException(LettuceConnectionFactory.java:1689)
	at org.springframework.data.redis.connection.lettuce.LettuceConnectionFactory$ExceptionTranslatingConnectionProvider.getConnection(LettuceConnectionFactory.java:1597)
	at org.springframework.data.redis.connection.lettuce.LettuceConnectionFactory$SharedConnection.getNativeConnection(LettuceConnectionFactory.java:1383)
	at org.springframework.data.redis.connection.lettuce.LettuceConnectionFactory$SharedConnection.getConnection(LettuceConnectionFactory.java:1366)
	at org.springframework.data.redis.connection.lettuce.LettuceConnectionFactory.getSharedConnection(LettuceConnectionFactory.java:1093)
	at org.springframework.data.redis.connection.lettuce.LettuceConnectionFactory.getConnection(LettuceConnectionFactory.java:421)
	at org.springframework.data.redis.core.RedisConnectionUtils.fetchConnection(RedisConnectionUtils.java:193)
	at org.springframework.data.redis.core.RedisConnectionUtils.doGetConnection(RedisConnectionUtils.java:144)
	at org.springframework.data.redis.core.RedisConnectionUtils.getConnection(RedisConnectionUtils.java:105)
	at org.springframework.data.redis.core.RedisTemplate.execute(RedisTemplate.java:211)
	at org.springframework.data.redis.core.RedisTemplate.execute(RedisTemplate.java:191)
	at org.springframework.data.redis.core.RedisTemplate.hasKey(RedisTemplate.java:782)
	at com.rbts.hrms.authentication.service.TokenBlacklistService.isTokenBlacklisted(TokenBlacklistService.java:36)
	at com.rbts.hrms.authentication.security.JwtUtils.validateJwtToken(JwtUtils.java:66)
	at com.rbts.hrms.authentication.security.AuthTokenFilter.doFilterInternal(AuthTokenFilter.java:35)
	at org.springframework.web.filter.OncePerRequestFilter.doFilter(OncePerRequestFilter.java:117)
	at org.springframework.security.web.FilterChainProxy$VirtualFilterChain.doFilter(FilterChainProxy.java:346)
	at org.springframework.security.web.authentication.logout.LogoutFilter.doFilter(LogoutFilter.java:103)
	at org.springframework.security.web.authentication.logout.LogoutFilter.doFilter(LogoutFilter.java:89)
	at org.springframework.security.web.FilterChainProxy$VirtualFilterChain.doFilter(FilterChainProxy.java:346)
	at org.springframework.web.filter.CorsFilter.doFilterInternal(CorsFilter.java:91)
	at org.springframework.web.filter.OncePerRequestFilter.doFilter(OncePerRequestFilter.java:117)
	at org.springframework.security.web.FilterChainProxy$VirtualFilterChain.doFilter(FilterChainProxy.java:346)
	at org.springframework.security.web.header.HeaderWriterFilter.doHeadersAfter(HeaderWriterFilter.java:90)
	at org.springframework.security.web.header.HeaderWriterFilter.doFilterInternal(HeaderWriterFilter.java:75)
	at org.springframework.web.filter.OncePerRequestFilter.doFilter(OncePerRequestFilter.java:117)
	at org.springframework.security.web.FilterChainProxy$VirtualFilterChain.doFilter(FilterChainProxy.java:346)
	at org.springframework.security.web.context.SecurityContextPersistenceFilter.doFilter(SecurityContextPersistenceFilter.java:112)
	at org.springframework.security.web.context.SecurityContextPersistenceFilter.doFilter(SecurityContextPersistenceFilter.java:82)
	at org.springframework.security.web.FilterChainProxy$VirtualFilterChain.doFilter(FilterChainProxy.java:346)
	at org.springframework.security.web.context.request.async.WebAsyncManagerIntegrationFilter.doFilterInternal(WebAsyncManagerIntegrationFilter.java:55)
	at org.springframework.web.filter.OncePerRequestFilter.doFilter(OncePerRequestFilter.java:117)
	at org.springframework.security.web.FilterChainProxy$VirtualFilterChain.doFilter(FilterChainProxy.java:346)
	at org.springframework.security.web.session.DisableEncodeUrlFilter.doFilterInternal(DisableEncodeUrlFilter.java:42)
	at org.springframework.web.filter.OncePerRequestFilter.doFilter(OncePerRequestFilter.java:117)
	at org.springframework.security.web.FilterChainProxy$VirtualFilterChain.doFilter(FilterChainProxy.java:346)
	at org.springframework.security.web.FilterChainProxy.doFilterInternal(FilterChainProxy.java:221)
	at org.springframework.security.web.FilterChainProxy.doFilter(FilterChainProxy.java:186)
	at org.springframework.web.filter.DelegatingFilterProxy.invokeDelegate(DelegatingFilterProxy.java:354)
	at org.springframework.web.filter.DelegatingFilterProxy.doFilter(DelegatingFilterProxy.java:267)
	at org.apache.catalina.core.ApplicationFilterChain.internalDoFilter(ApplicationFilterChain.java:178)
	at org.apache.catalina.core.ApplicationFilterChain.doFilter(ApplicationFilterChain.java:153)
	at org.springframework.web.filter.RequestContextFilter.doFilterInternal(RequestContextFilter.java:100)
	at org.springframework.web.filter.OncePerRequestFilter.doFilter(OncePerRequestFilter.java:117)
	at org.apache.catalina.core.ApplicationFilterChain.internalDoFilter(ApplicationFilterChain.java:178)
	at org.apache.catalina.core.ApplicationFilterChain.doFilter(ApplicationFilterChain.java:153)
	at org.springframework.web.filter.FormContentFilter.doFilterInternal(FormContentFilter.java:93)
	at org.springframework.web.filter.OncePerRequestFilter.doFilter(OncePerRequestFilter.java:117)
	at org.apache.catalina.core.ApplicationFilterChain.internalDoFilter(ApplicationFilterChain.java:178)
	at org.apache.catalina.core.ApplicationFilterChain.doFilter(ApplicationFilterChain.java:153)
	at org.springframework.boot.actuate.metrics.web.servlet.WebMvcMetricsFilter.doFilterInternal(WebMvcMetricsFilter.java:96)
	at org.springframework.web.filter.OncePerRequestFilter.doFilter(OncePerRequestFilter.java:117)
	at org.apache.catalina.core.ApplicationFilterChain.internalDoFilter(ApplicationFilterChain.java:178)
	at org.apache.catalina.core.ApplicationFilterChain.doFilter(ApplicationFilterChain.java:153)
	at org.springframework.web.filter.CharacterEncodingFilter.doFilterInternal(CharacterEncodingFilter.java:201)
	at org.springframework.web.filter.OncePerRequestFilter.doFilter(OncePerRequestFilter.java:117)
	at org.apache.catalina.core.ApplicationFilterChain.internalDoFilter(ApplicationFilterChain.java:178)
	at org.apache.catalina.core.ApplicationFilterChain.doFilter(ApplicationFilterChain.java:153)
	at org.apache.catalina.core.StandardWrapperValve.invoke(StandardWrapperValve.java:167)
	at org.apache.catalina.core.StandardContextValve.invoke(StandardContextValve.java:90)
	at org.apache.catalina.authenticator.AuthenticatorBase.invoke(AuthenticatorBase.java:481)
	at org.apache.catalina.core.StandardHostValve.invoke(StandardHostValve.java:130)
	at org.apache.catalina.valves.ErrorReportValve.invoke(ErrorReportValve.java:93)
	at org.apache.catalina.core.StandardEngineValve.invoke(StandardEngineValve.java:74)
	at org.apache.catalina.connector.CoyoteAdapter.service(CoyoteAdapter.java:343)
	at org.apache.coyote.http11.Http11Processor.service(Http11Processor.java:389)
	at org.apache.coyote.AbstractProcessorLight.process(AbstractProcessorLight.java:63)
	at org.apache.coyote.AbstractProtocol$ConnectionHandler.process(AbstractProtocol.java:926)
	at org.apache.tomcat.util.net.NioEndpoint$SocketProcessor.doRun(NioEndpoint.java:1791)
	at org.apache.tomcat.util.net.SocketProcessorBase.run(SocketProcessorBase.java:52)
	at org.apache.tomcat.util.threads.ThreadPoolExecutor.runWorker(ThreadPoolExecutor.java:1191)
	at org.apache.tomcat.util.threads.ThreadPoolExecutor$Worker.run(ThreadPoolExecutor.java:659)
	at org.apache.tomcat.util.threads.TaskThread$WrappingRunnable.run(TaskThread.java:61)
	at java.base/java.lang.Thread.run(Thread.java:833)
Caused by: io.lettuce.core.RedisConnectionException: Unable to connect to localhost/<unresolved>:6379
	at io.lettuce.core.RedisConnectionException.create(RedisConnectionException.java:78)
	at io.lettuce.core.RedisConnectionException.create(RedisConnectionException.java:56)
	at io.lettuce.core.AbstractRedisClient.getConnection(AbstractRedisClient.java:330)
	at io.lettuce.core.RedisClient.connect(RedisClient.java:216)
	at org.springframework.data.redis.connection.lettuce.StandaloneConnectionProvider.lambda$getConnection$1(StandaloneConnectionProvider.java:115)
	at java.base/java.util.Optional.orElseGet(Optional.java:364)
	at org.springframework.data.redis.connection.lettuce.StandaloneConnectionProvider.getConnection(StandaloneConnectionProvider.java:115)
	at org.springframework.data.redis.connection.lettuce.LettuceConnectionFactory$ExceptionTranslatingConnectionProvider.getConnection(LettuceConnectionFactory.java:1595)
	... 72 common frames omitted
Caused by: io.netty.channel.AbstractChannel$AnnotatedConnectException: Connection refused: no further information: localhost/127.0.0.1:6379
Caused by: java.net.ConnectException: Connection refused: no further information
	at java.base/sun.nio.ch.Net.pollConnect(Native Method)
	at java.base/sun.nio.ch.Net.pollConnectNow(Net.java:672)
	at java.base/sun.nio.ch.SocketChannelImpl.finishConnect(SocketChannelImpl.java:946)
	at io.netty.channel.socket.nio.NioSocketChannel.doFinishConnect(NioSocketChannel.java:337)
	at io.netty.channel.nio.AbstractNioChannel$AbstractNioUnsafe.finishConnect(AbstractNioChannel.java:334)
	at io.netty.channel.nio.NioEventLoop.processSelectedKey(NioEventLoop.java:776)
	at io.netty.channel.nio.NioEventLoop.processSelectedKeysOptimized(NioEventLoop.java:724)
	at io.netty.channel.nio.NioEventLoop.processSelectedKeys(NioEventLoop.java:650)
	at io.netty.channel.nio.NioEventLoop.run(NioEventLoop.java:562)
	at io.netty.util.concurrent.SingleThreadEventExecutor$4.run(SingleThreadEventExecutor.java:997)
	at io.netty.util.internal.ThreadExecutorMap$2.run(ThreadExecutorMap.java:74)
	at io.netty.util.concurrent.FastThreadLocalRunnable.run(FastThreadLocalRunnable.java:30)
	at java.base/java.lang.Thread.run(Thread.java:833)
2023-08-22 16:25:48,754 [http-nio-8082-exec-4] ERROR c.r.h.a.security.AuthEntryPointJwt                 - Unauthorized error: Full authentication is required to access this resource
2023-08-22 16:27:01,125 [http-nio-8082-exec-6] INFO  c.r.h.a.d.s.TenantConnectionProvider               - Get connection for tenant info7
2023-08-22 16:27:01,141 [http-nio-8082-exec-6] INFO  c.r.h.authentication.aop.LoggingAspects            - Request toUserDetails com.rbts.hrms.authentication.service.UserDetailsServiceImpl.loadUserByUsername(String)ended atTue Aug 22 16:27:01 IST 2023
2023-08-22 16:27:01,145 [http-nio-8082-exec-6] INFO  c.r.h.a.d.s.TenantConnectionProvider               - Release connection for tenant info7
2023-08-22 16:27:01,192 [http-nio-8082-exec-6] INFO  c.netflix.config.ChainedDynamicProperty            - Flipping property: candidate-service.ribbon.ActiveConnectionsLimit to use NEXT property: niws.loadbalancer.availabilityFilteringRule.activeConnectionsLimit = 2147483647
2023-08-22 16:27:01,208 [http-nio-8082-exec-6] INFO  c.netflix.loadbalancer.BaseLoadBalancer            - Client: candidate-service instantiated a LoadBalancer: DynamicServerListLoadBalancer:{NFLoadBalancer:name=candidate-service,current list of Servers=[],Load balancer stats=Zone stats: {},Server stats: []}ServerList:null
2023-08-22 16:27:01,208 [http-nio-8082-exec-6] INFO  c.n.l.DynamicServerListLoadBalancer                - Using serverListUpdater PollingServerListUpdater
2023-08-22 16:27:01,208 [http-nio-8082-exec-6] INFO  c.netflix.config.ChainedDynamicProperty            - Flipping property: candidate-service.ribbon.ActiveConnectionsLimit to use NEXT property: niws.loadbalancer.availabilityFilteringRule.activeConnectionsLimit = 2147483647
2023-08-22 16:27:01,208 [http-nio-8082-exec-6] INFO  c.n.l.DynamicServerListLoadBalancer                - DynamicServerListLoadBalancer for client candidate-service initialized: DynamicServerListLoadBalancer:{NFLoadBalancer:name=candidate-service,current list of Servers=[localhost:8081],Load balancer stats=Zone stats: {unknown=[Zone:unknown;	Instance count:1;	Active connections count: 0;	Circuit breaker tripped count: 0;	Active connections per server: 0.0;]
},Server stats: [[Server:localhost:8081;	Zone:UNKNOWN;	Total Requests:0;	Successive connection failure:0;	Total blackout seconds:0;	Last connection made:Thu Jan 01 05:30:00 IST 1970;	First connection made: Thu Jan 01 05:30:00 IST 1970;	Active Connections:0;	total failure count in last (1000) msecs:0;	average resp time:0.0;	90 percentile resp time:0.0;	95 percentile resp time:0.0;	min resp time:0.0;	max resp time:0.0;	stddev resp time:0.0]
]}ServerList:com.netflix.loadbalancer.ConfigurationBasedServerList@7d8fd2ef
2023-08-22 16:27:02,222 [PollingServerListUpdater-0] INFO  c.netflix.config.ChainedDynamicProperty            - Flipping property: candidate-service.ribbon.ActiveConnectionsLimit to use NEXT property: niws.loadbalancer.availabilityFilteringRule.activeConnectionsLimit = 2147483647
2023-08-22 16:27:19,720 [http-nio-8082-exec-7] INFO  c.r.h.a.d.s.TenantConnectionProvider               - Get connection for tenant info7
2023-08-22 16:27:19,748 [http-nio-8082-exec-7] INFO  c.r.h.authentication.aop.LoggingAspects            - Request toUserDetails com.rbts.hrms.authentication.service.UserDetailsServiceImpl.loadUserByUsername(String)ended atTue Aug 22 16:27:19 IST 2023
2023-08-22 16:27:19,749 [http-nio-8082-exec-7] INFO  c.r.h.a.d.s.TenantConnectionProvider               - Release connection for tenant info7
2023-08-22 16:28:05,496 [http-nio-8082-exec-9] INFO  c.r.h.a.d.s.TenantConnectionProvider               - Get connection for tenant info7
2023-08-22 16:28:05,506 [http-nio-8082-exec-9] INFO  c.r.h.authentication.aop.LoggingAspects            - Request toUserDetails com.rbts.hrms.authentication.service.UserDetailsServiceImpl.loadUserByUsername(String)ended atTue Aug 22 16:28:05 IST 2023
2023-08-22 16:28:05,508 [http-nio-8082-exec-9] INFO  c.r.h.a.d.s.TenantConnectionProvider               - Release connection for tenant info7
2023-08-22 16:28:17,723 [http-nio-8082-exec-10] INFO  c.r.h.a.d.s.TenantConnectionProvider               - Get connection for tenant info7
2023-08-22 16:28:17,735 [http-nio-8082-exec-10] INFO  c.r.h.authentication.aop.LoggingAspects            - Request toUserDetails com.rbts.hrms.authentication.service.UserDetailsServiceImpl.loadUserByUsername(String)ended atTue Aug 22 16:28:17 IST 2023
2023-08-22 16:28:17,736 [http-nio-8082-exec-10] INFO  c.r.h.a.d.s.TenantConnectionProvider               - Release connection for tenant info7
2023-08-22 16:28:42,985 [http-nio-8082-exec-2] INFO  c.r.h.a.d.s.TenantConnectionProvider               - Get connection for tenant info7
2023-08-22 16:28:42,997 [http-nio-8082-exec-2] INFO  c.r.h.authentication.aop.LoggingAspects            - Request toUserDetails com.rbts.hrms.authentication.service.UserDetailsServiceImpl.loadUserByUsername(String)ended atTue Aug 22 16:28:42 IST 2023
2023-08-22 16:28:42,999 [http-nio-8082-exec-2] INFO  c.r.h.a.d.s.TenantConnectionProvider               - Release connection for tenant info7
2023-08-22 16:28:54,791 [http-nio-8082-exec-1] INFO  c.r.h.a.d.s.TenantConnectionProvider               - Get connection for tenant info7
2023-08-22 16:28:54,803 [http-nio-8082-exec-1] INFO  c.r.h.authentication.aop.LoggingAspects            - Request toUserDetails com.rbts.hrms.authentication.service.UserDetailsServiceImpl.loadUserByUsername(String)ended atTue Aug 22 16:28:54 IST 2023
2023-08-22 16:28:54,804 [http-nio-8082-exec-1] INFO  c.r.h.a.d.s.TenantConnectionProvider               - Release connection for tenant info7
2023-08-22 16:29:44,202 [http-nio-8082-exec-4] INFO  c.r.h.a.d.s.TenantConnectionProvider               - Get connection for tenant info7
2023-08-22 16:29:44,215 [http-nio-8082-exec-4] INFO  c.r.h.authentication.aop.LoggingAspects            - Request toUserDetails com.rbts.hrms.authentication.service.UserDetailsServiceImpl.loadUserByUsername(String)ended atTue Aug 22 16:29:44 IST 2023
2023-08-22 16:29:44,216 [http-nio-8082-exec-4] INFO  c.r.h.a.d.s.TenantConnectionProvider               - Release connection for tenant info7
2023-08-22 16:30:02,934 [http-nio-8082-exec-5] INFO  c.r.h.a.d.s.TenantConnectionProvider               - Get connection for tenant info7
2023-08-22 16:30:02,943 [http-nio-8082-exec-5] INFO  c.r.h.authentication.aop.LoggingAspects            - Request toUserDetails com.rbts.hrms.authentication.service.UserDetailsServiceImpl.loadUserByUsername(String)ended atTue Aug 22 16:30:02 IST 2023
2023-08-22 16:30:02,944 [http-nio-8082-exec-5] INFO  c.r.h.a.d.s.TenantConnectionProvider               - Release connection for tenant info7
2023-08-22 16:30:08,651 [http-nio-8082-exec-6] INFO  c.r.h.a.d.s.TenantConnectionProvider               - Get connection for tenant info7
2023-08-22 16:30:08,664 [http-nio-8082-exec-6] INFO  c.r.h.authentication.aop.LoggingAspects            - Request toUserDetails com.rbts.hrms.authentication.service.UserDetailsServiceImpl.loadUserByUsername(String)ended atTue Aug 22 16:30:08 IST 2023
2023-08-22 16:30:08,666 [http-nio-8082-exec-6] INFO  c.r.h.a.d.s.TenantConnectionProvider               - Release connection for tenant info7
2023-08-22 16:30:09,164 [http-nio-8082-exec-7] INFO  c.r.h.a.d.s.TenantConnectionProvider               - Get connection for tenant info7
2023-08-22 16:30:09,174 [http-nio-8082-exec-7] INFO  c.r.h.authentication.aop.LoggingAspects            - Request toUserDetails com.rbts.hrms.authentication.service.UserDetailsServiceImpl.loadUserByUsername(String)ended atTue Aug 22 16:30:09 IST 2023
2023-08-22 16:30:09,175 [http-nio-8082-exec-7] INFO  c.r.h.a.d.s.TenantConnectionProvider               - Release connection for tenant info7
2023-08-22 16:30:14,547 [AsyncResolver-bootstrap-executor-0] INFO  c.n.d.s.r.aws.ConfigClusterResolver                - Resolving eureka endpoints via configuration
2023-08-22 16:30:27,205 [http-nio-8082-exec-9] INFO  c.r.h.a.d.s.TenantConnectionProvider               - Get connection for tenant info7
2023-08-22 16:30:27,214 [http-nio-8082-exec-9] INFO  c.r.h.authentication.aop.LoggingAspects            - Request toUserDetails com.rbts.hrms.authentication.service.UserDetailsServiceImpl.loadUserByUsername(String)ended atTue Aug 22 16:30:27 IST 2023
2023-08-22 16:30:27,215 [http-nio-8082-exec-9] INFO  c.r.h.a.d.s.TenantConnectionProvider               - Release connection for tenant info7
2023-08-22 16:30:48,745 [http-nio-8082-exec-2] INFO  c.r.h.a.d.s.TenantConnectionProvider               - Get connection for tenant info7
2023-08-22 16:30:48,757 [http-nio-8082-exec-2] INFO  c.r.h.authentication.aop.LoggingAspects            - Request toUserDetails com.rbts.hrms.authentication.service.UserDetailsServiceImpl.loadUserByUsername(String)ended atTue Aug 22 16:30:48 IST 2023
2023-08-22 16:30:48,758 [http-nio-8082-exec-2] INFO  c.r.h.a.d.s.TenantConnectionProvider               - Release connection for tenant info7
2023-08-22 16:31:17,634 [http-nio-8082-exec-1] INFO  c.r.h.a.d.s.TenantConnectionProvider               - Get connection for tenant info7
2023-08-22 16:31:17,644 [http-nio-8082-exec-1] INFO  c.r.h.authentication.aop.LoggingAspects            - Request toUserDetails com.rbts.hrms.authentication.service.UserDetailsServiceImpl.loadUserByUsername(String)ended atTue Aug 22 16:31:17 IST 2023
2023-08-22 16:31:17,645 [http-nio-8082-exec-1] INFO  c.r.h.a.d.s.TenantConnectionProvider               - Release connection for tenant info7
2023-08-22 16:31:32,180 [http-nio-8082-exec-4] INFO  c.r.h.a.d.s.TenantConnectionProvider               - Get connection for tenant info7
2023-08-22 16:31:32,190 [http-nio-8082-exec-4] INFO  c.r.h.authentication.aop.LoggingAspects            - Request toUserDetails com.rbts.hrms.authentication.service.UserDetailsServiceImpl.loadUserByUsername(String)ended atTue Aug 22 16:31:32 IST 2023
2023-08-22 16:31:32,191 [http-nio-8082-exec-4] INFO  c.r.h.a.d.s.TenantConnectionProvider               - Release connection for tenant info7
2023-08-22 16:31:44,799 [http-nio-8082-exec-3] INFO  c.r.h.a.d.s.TenantConnectionProvider               - Get connection for tenant info7
2023-08-22 16:31:44,809 [http-nio-8082-exec-3] INFO  c.r.h.authentication.aop.LoggingAspects            - Request toUserDetails com.rbts.hrms.authentication.service.UserDetailsServiceImpl.loadUserByUsername(String)ended atTue Aug 22 16:31:44 IST 2023
2023-08-22 16:31:44,810 [http-nio-8082-exec-3] INFO  c.r.h.a.d.s.TenantConnectionProvider               - Release connection for tenant info7
2023-08-22 16:35:14,562 [AsyncResolver-bootstrap-executor-0] INFO  c.n.d.s.r.aws.ConfigClusterResolver                - Resolving eureka endpoints via configuration
2023-08-22 16:35:59,798 [http-nio-8082-exec-7] INFO  c.r.h.a.d.s.TenantConnectionProvider               - Get connection for tenant info7
2023-08-22 16:35:59,809 [http-nio-8082-exec-7] INFO  c.r.h.authentication.aop.LoggingAspects            - Request toUserDetails com.rbts.hrms.authentication.service.UserDetailsServiceImpl.loadUserByUsername(String)ended atTue Aug 22 16:35:59 IST 2023
2023-08-22 16:35:59,810 [http-nio-8082-exec-7] INFO  c.r.h.a.d.s.TenantConnectionProvider               - Release connection for tenant info7
2023-08-22 16:36:22,279 [http-nio-8082-exec-9] INFO  c.r.h.a.d.s.TenantConnectionProvider               - Get connection for tenant info7
2023-08-22 16:36:22,288 [http-nio-8082-exec-9] INFO  c.r.h.authentication.aop.LoggingAspects            - Request toUserDetails com.rbts.hrms.authentication.service.UserDetailsServiceImpl.loadUserByUsername(String)ended atTue Aug 22 16:36:22 IST 2023
2023-08-22 16:36:22,290 [http-nio-8082-exec-9] INFO  c.r.h.a.d.s.TenantConnectionProvider               - Release connection for tenant info7
2023-08-22 16:40:14,572 [AsyncResolver-bootstrap-executor-0] INFO  c.n.d.s.r.aws.ConfigClusterResolver                - Resolving eureka endpoints via configuration
2023-08-22 16:41:59,672 [http-nio-8082-exec-2] INFO  c.r.h.a.d.s.TenantConnectionProvider               - Get connection for tenant info7
2023-08-22 16:41:59,681 [http-nio-8082-exec-2] INFO  c.r.h.authentication.aop.LoggingAspects            - Request toUserDetails com.rbts.hrms.authentication.service.UserDetailsServiceImpl.loadUserByUsername(String)ended atTue Aug 22 16:41:59 IST 2023
2023-08-22 16:41:59,682 [http-nio-8082-exec-2] INFO  c.r.h.a.d.s.TenantConnectionProvider               - Release connection for tenant info7
2023-08-22 16:45:14,588 [AsyncResolver-bootstrap-executor-0] INFO  c.n.d.s.r.aws.ConfigClusterResolver                - Resolving eureka endpoints via configuration
2023-08-22 16:49:44,410 [http-nio-8082-exec-8] INFO  c.r.h.a.d.s.TenantConnectionProvider               - Get connection for tenant info8
2023-08-22 16:49:44,437 [http-nio-8082-exec-8] INFO  c.r.h.authentication.aop.LoggingAspects            - Request toResponseEntity com.rbts.hrms.authentication.controller.AdminController.registerUser(SignupRequest)started atTue Aug 22 16:49:44 IST 2023
2023-08-22 16:49:45,042 [http-nio-8082-exec-8] INFO  c.r.h.authentication.aop.LoggingAspects            - Request toResponseEntity com.rbts.hrms.authentication.service.SignupService.save(SignupRequest)ended atTue Aug 22 16:49:45 IST 2023
2023-08-22 16:49:45,094 [http-nio-8082-exec-8] INFO  c.r.h.a.d.s.TenantConnectionProvider               - Release connection for tenant info8
2023-08-22 16:49:53,962 [http-nio-8082-exec-9] INFO  c.r.h.authentication.aop.LoggingAspects            - Request toResponseEntity com.rbts.hrms.authentication.controller.PublicController.authenticateUser(LoginRequest,HttpServletRequest)started atTue Aug 22 16:49:53 IST 2023
2023-08-22 16:49:53,963 [http-nio-8082-exec-9] INFO  c.r.h.a.d.s.TenantConnectionProvider               - Get connection for tenant info8
2023-08-22 16:49:53,992 [http-nio-8082-exec-9] INFO  c.r.h.authentication.aop.LoggingAspects            - Request toUserDetails com.rbts.hrms.authentication.service.UserDetailsServiceImpl.loadUserByUsername(String)ended atTue Aug 22 16:49:53 IST 2023
2023-08-22 16:49:54,335 [http-nio-8082-exec-9] INFO  c.r.h.authentication.aop.LoggingAspects            - Request toRefreshToken com.rbts.hrms.authentication.service.RefreshTokenService.createRefreshToken(Long)ended atTue Aug 22 16:49:54 IST 2023
2023-08-22 16:49:54,361 [http-nio-8082-exec-9] INFO  c.r.h.a.d.s.TenantConnectionProvider               - Release connection for tenant info8
2023-08-22 16:50:14,598 [AsyncResolver-bootstrap-executor-0] INFO  c.n.d.s.r.aws.ConfigClusterResolver                - Resolving eureka endpoints via configuration
2023-08-22 16:55:14,610 [AsyncResolver-bootstrap-executor-0] INFO  c.n.d.s.r.aws.ConfigClusterResolver                - Resolving eureka endpoints via configuration
2023-08-22 17:00:14,626 [AsyncResolver-bootstrap-executor-0] INFO  c.n.d.s.r.aws.ConfigClusterResolver                - Resolving eureka endpoints via configuration
2023-08-22 17:12:48,892 [MyHikariPool housekeeper] WARN  com.zaxxer.hikari.pool.HikariPool                  - MyHikariPool - Thread starvation or clock leap detected (housekeeper delta=12m8s810ms528µs700ns).
2023-08-22 17:15:31,146 [http-nio-8082-exec-1] INFO  c.r.h.a.d.s.TenantConnectionProvider               - Get connection for tenant info8
2023-08-22 17:15:31,162 [http-nio-8082-exec-1] INFO  c.r.h.authentication.aop.LoggingAspects            - Request toUserDetails com.rbts.hrms.authentication.service.UserDetailsServiceImpl.loadUserByUsername(String)ended atTue Aug 22 17:15:31 IST 2023
2023-08-22 17:15:31,162 [http-nio-8082-exec-1] INFO  c.r.h.a.d.s.TenantConnectionProvider               - Release connection for tenant info8
2023-08-22 17:15:53,985 [http-nio-8082-exec-4] INFO  c.r.h.a.d.s.TenantConnectionProvider               - Get connection for tenant info8
2023-08-22 17:15:54,011 [http-nio-8082-exec-4] INFO  c.r.h.authentication.aop.LoggingAspects            - Request toUserDetails com.rbts.hrms.authentication.service.UserDetailsServiceImpl.loadUserByUsername(String)ended atTue Aug 22 17:15:54 IST 2023
2023-08-22 17:15:54,011 [http-nio-8082-exec-4] INFO  c.r.h.a.d.s.TenantConnectionProvider               - Release connection for tenant info8
2023-08-22 17:16:08,905 [http-nio-8082-exec-3] INFO  c.r.h.a.d.s.TenantConnectionProvider               - Get connection for tenant info8
2023-08-22 17:16:08,924 [http-nio-8082-exec-3] INFO  c.r.h.authentication.aop.LoggingAspects            - Request toUserDetails com.rbts.hrms.authentication.service.UserDetailsServiceImpl.loadUserByUsername(String)ended atTue Aug 22 17:16:08 IST 2023
2023-08-22 17:16:08,926 [http-nio-8082-exec-3] INFO  c.r.h.a.d.s.TenantConnectionProvider               - Release connection for tenant info8
2023-08-22 17:16:20,296 [http-nio-8082-exec-5] INFO  c.r.h.a.d.s.TenantConnectionProvider               - Get connection for tenant info8
2023-08-22 17:16:20,322 [http-nio-8082-exec-5] INFO  c.r.h.authentication.aop.LoggingAspects            - Request toUserDetails com.rbts.hrms.authentication.service.UserDetailsServiceImpl.loadUserByUsername(String)ended atTue Aug 22 17:16:20 IST 2023
2023-08-22 17:16:20,322 [http-nio-8082-exec-5] INFO  c.r.h.a.d.s.TenantConnectionProvider               - Release connection for tenant info8
2023-08-22 17:16:53,450 [AsyncResolver-bootstrap-executor-0] INFO  c.n.d.s.r.aws.ConfigClusterResolver                - Resolving eureka endpoints via configuration
2023-08-22 17:16:58,982 [http-nio-8082-exec-6] INFO  c.r.h.a.d.s.TenantConnectionProvider               - Get connection for tenant info8
2023-08-22 17:16:59,006 [http-nio-8082-exec-6] INFO  c.r.h.authentication.aop.LoggingAspects            - Request toUserDetails com.rbts.hrms.authentication.service.UserDetailsServiceImpl.loadUserByUsername(String)ended atTue Aug 22 17:16:59 IST 2023
2023-08-22 17:16:59,006 [http-nio-8082-exec-6] INFO  c.r.h.a.d.s.TenantConnectionProvider               - Release connection for tenant info8
2023-08-22 17:18:03,535 [http-nio-8082-exec-9] INFO  c.r.h.a.d.s.TenantConnectionProvider               - Get connection for tenant info8
2023-08-22 17:18:03,551 [http-nio-8082-exec-9] INFO  c.r.h.authentication.aop.LoggingAspects            - Request toUserDetails com.rbts.hrms.authentication.service.UserDetailsServiceImpl.loadUserByUsername(String)ended atTue Aug 22 17:18:03 IST 2023
2023-08-22 17:18:03,551 [http-nio-8082-exec-9] INFO  c.r.h.a.d.s.TenantConnectionProvider               - Release connection for tenant info8
2023-08-22 17:18:42,691 [http-nio-8082-exec-2] INFO  c.r.h.a.d.s.TenantConnectionProvider               - Get connection for tenant info8
2023-08-22 17:18:42,716 [http-nio-8082-exec-2] INFO  c.r.h.authentication.aop.LoggingAspects            - Request toUserDetails com.rbts.hrms.authentication.service.UserDetailsServiceImpl.loadUserByUsername(String)ended atTue Aug 22 17:18:42 IST 2023
2023-08-22 17:18:42,724 [http-nio-8082-exec-2] INFO  c.r.h.a.d.s.TenantConnectionProvider               - Release connection for tenant info8
2023-08-22 17:19:20,805 [http-nio-8082-exec-4] INFO  c.r.h.a.d.s.TenantConnectionProvider               - Get connection for tenant info8
2023-08-22 17:19:20,827 [http-nio-8082-exec-4] INFO  c.r.h.authentication.aop.LoggingAspects            - Request toUserDetails com.rbts.hrms.authentication.service.UserDetailsServiceImpl.loadUserByUsername(String)ended atTue Aug 22 17:19:20 IST 2023
2023-08-22 17:19:20,827 [http-nio-8082-exec-4] INFO  c.r.h.a.d.s.TenantConnectionProvider               - Release connection for tenant info8
2023-08-22 17:20:24,406 [http-nio-8082-exec-5] INFO  c.r.h.a.d.s.TenantConnectionProvider               - Get connection for tenant info8
2023-08-22 17:20:24,421 [http-nio-8082-exec-5] INFO  c.r.h.authentication.aop.LoggingAspects            - Request toUserDetails com.rbts.hrms.authentication.service.UserDetailsServiceImpl.loadUserByUsername(String)ended atTue Aug 22 17:20:24 IST 2023
2023-08-22 17:20:24,423 [http-nio-8082-exec-5] INFO  c.r.h.a.d.s.TenantConnectionProvider               - Release connection for tenant info8
2023-08-22 17:21:52,388 [http-nio-8082-exec-7] INFO  c.r.h.a.d.s.TenantConnectionProvider               - Get connection for tenant info8
2023-08-22 17:21:52,413 [http-nio-8082-exec-7] INFO  c.r.h.authentication.aop.LoggingAspects            - Request toUserDetails com.rbts.hrms.authentication.service.UserDetailsServiceImpl.loadUserByUsername(String)ended atTue Aug 22 17:21:52 IST 2023
2023-08-22 17:21:52,413 [http-nio-8082-exec-7] INFO  c.r.h.a.d.s.TenantConnectionProvider               - Release connection for tenant info8
2023-08-22 17:21:53,460 [AsyncResolver-bootstrap-executor-0] INFO  c.n.d.s.r.aws.ConfigClusterResolver                - Resolving eureka endpoints via configuration
2023-08-22 17:24:05,798 [http-nio-8082-exec-9] INFO  c.r.h.a.d.s.TenantConnectionProvider               - Get connection for tenant info8
2023-08-22 17:24:05,821 [http-nio-8082-exec-9] INFO  c.r.h.authentication.aop.LoggingAspects            - Request toUserDetails com.rbts.hrms.authentication.service.UserDetailsServiceImpl.loadUserByUsername(String)ended atTue Aug 22 17:24:05 IST 2023
2023-08-22 17:24:05,823 [http-nio-8082-exec-9] INFO  c.r.h.a.d.s.TenantConnectionProvider               - Release connection for tenant info8
2023-08-22 17:25:23,362 [http-nio-8082-exec-2] INFO  c.r.h.a.d.s.TenantConnectionProvider               - Get connection for tenant info8
2023-08-22 17:25:23,383 [http-nio-8082-exec-2] INFO  c.r.h.authentication.aop.LoggingAspects            - Request toUserDetails com.rbts.hrms.authentication.service.UserDetailsServiceImpl.loadUserByUsername(String)ended atTue Aug 22 17:25:23 IST 2023
2023-08-22 17:25:23,385 [http-nio-8082-exec-2] INFO  c.r.h.a.d.s.TenantConnectionProvider               - Release connection for tenant info8
2023-08-22 17:25:32,845 [http-nio-8082-exec-4] INFO  c.r.h.a.d.s.TenantConnectionProvider               - Get connection for tenant info8
2023-08-22 17:25:32,869 [http-nio-8082-exec-4] INFO  c.r.h.authentication.aop.LoggingAspects            - Request toUserDetails com.rbts.hrms.authentication.service.UserDetailsServiceImpl.loadUserByUsername(String)ended atTue Aug 22 17:25:32 IST 2023
2023-08-22 17:25:32,869 [http-nio-8082-exec-4] INFO  c.r.h.a.d.s.TenantConnectionProvider               - Release connection for tenant info8
2023-08-22 17:26:39,905 [http-nio-8082-exec-5] INFO  c.r.h.a.d.s.TenantConnectionProvider               - Get connection for tenant info8
2023-08-22 17:26:39,922 [http-nio-8082-exec-5] INFO  c.r.h.authentication.aop.LoggingAspects            - Request toUserDetails com.rbts.hrms.authentication.service.UserDetailsServiceImpl.loadUserByUsername(String)ended atTue Aug 22 17:26:39 IST 2023
2023-08-22 17:26:39,930 [http-nio-8082-exec-5] INFO  c.r.h.a.d.s.TenantConnectionProvider               - Release connection for tenant info8
2023-08-22 17:26:47,598 [http-nio-8082-exec-7] INFO  c.r.h.a.d.s.TenantConnectionProvider               - Get connection for tenant info8
2023-08-22 17:26:47,616 [http-nio-8082-exec-7] INFO  c.r.h.authentication.aop.LoggingAspects            - Request toUserDetails com.rbts.hrms.authentication.service.UserDetailsServiceImpl.loadUserByUsername(String)ended atTue Aug 22 17:26:47 IST 2023
2023-08-22 17:26:47,616 [http-nio-8082-exec-7] INFO  c.r.h.a.d.s.TenantConnectionProvider               - Release connection for tenant info8
2023-08-22 17:26:53,472 [AsyncResolver-bootstrap-executor-0] INFO  c.n.d.s.r.aws.ConfigClusterResolver                - Resolving eureka endpoints via configuration
2023-08-22 17:27:25,329 [http-nio-8082-exec-9] INFO  c.r.h.a.d.s.TenantConnectionProvider               - Get connection for tenant info8
2023-08-22 17:27:25,352 [http-nio-8082-exec-9] INFO  c.r.h.authentication.aop.LoggingAspects            - Request toUserDetails com.rbts.hrms.authentication.service.UserDetailsServiceImpl.loadUserByUsername(String)ended atTue Aug 22 17:27:25 IST 2023
2023-08-22 17:27:25,352 [http-nio-8082-exec-9] INFO  c.r.h.a.d.s.TenantConnectionProvider               - Release connection for tenant info8
2023-08-22 17:27:42,067 [http-nio-8082-exec-2] INFO  c.r.h.a.d.s.TenantConnectionProvider               - Get connection for tenant info8
2023-08-22 17:27:42,083 [http-nio-8082-exec-2] INFO  c.r.h.authentication.aop.LoggingAspects            - Request toUserDetails com.rbts.hrms.authentication.service.UserDetailsServiceImpl.loadUserByUsername(String)ended atTue Aug 22 17:27:42 IST 2023
2023-08-22 17:27:42,083 [http-nio-8082-exec-2] INFO  c.r.h.a.d.s.TenantConnectionProvider               - Release connection for tenant info8
2023-08-22 17:27:53,164 [http-nio-8082-exec-1] INFO  c.r.h.a.d.s.TenantConnectionProvider               - Get connection for tenant info8
2023-08-22 17:27:53,180 [http-nio-8082-exec-1] INFO  c.r.h.authentication.aop.LoggingAspects            - Request toUserDetails com.rbts.hrms.authentication.service.UserDetailsServiceImpl.loadUserByUsername(String)ended atTue Aug 22 17:27:53 IST 2023
2023-08-22 17:27:53,182 [http-nio-8082-exec-1] INFO  c.r.h.a.d.s.TenantConnectionProvider               - Release connection for tenant info8
2023-08-22 17:28:13,095 [http-nio-8082-exec-4] INFO  c.r.h.a.d.s.TenantConnectionProvider               - Get connection for tenant info8
2023-08-22 17:28:13,111 [http-nio-8082-exec-4] INFO  c.r.h.authentication.aop.LoggingAspects            - Request toUserDetails com.rbts.hrms.authentication.service.UserDetailsServiceImpl.loadUserByUsername(String)ended atTue Aug 22 17:28:13 IST 2023
2023-08-22 17:28:13,120 [http-nio-8082-exec-4] INFO  c.r.h.a.d.s.TenantConnectionProvider               - Release connection for tenant info8
2023-08-22 17:28:28,345 [http-nio-8082-exec-5] INFO  c.r.h.a.d.s.TenantConnectionProvider               - Get connection for tenant info8
2023-08-22 17:28:28,361 [http-nio-8082-exec-5] INFO  c.r.h.authentication.aop.LoggingAspects            - Request toUserDetails com.rbts.hrms.authentication.service.UserDetailsServiceImpl.loadUserByUsername(String)ended atTue Aug 22 17:28:28 IST 2023
2023-08-22 17:28:28,369 [http-nio-8082-exec-5] INFO  c.r.h.a.d.s.TenantConnectionProvider               - Release connection for tenant info8
2023-08-22 17:28:35,129 [http-nio-8082-exec-7] INFO  c.r.h.a.d.s.TenantConnectionProvider               - Get connection for tenant info8
2023-08-22 17:28:35,144 [http-nio-8082-exec-7] INFO  c.r.h.authentication.aop.LoggingAspects            - Request toUserDetails com.rbts.hrms.authentication.service.UserDetailsServiceImpl.loadUserByUsername(String)ended atTue Aug 22 17:28:35 IST 2023
2023-08-22 17:28:35,144 [http-nio-8082-exec-7] INFO  c.r.h.a.d.s.TenantConnectionProvider               - Release connection for tenant info8
2023-08-22 17:29:19,855 [http-nio-8082-exec-8] INFO  c.r.h.a.d.s.TenantConnectionProvider               - Get connection for tenant info8
2023-08-22 17:29:19,872 [http-nio-8082-exec-8] INFO  c.r.h.authentication.aop.LoggingAspects            - Request toUserDetails com.rbts.hrms.authentication.service.UserDetailsServiceImpl.loadUserByUsername(String)ended atTue Aug 22 17:29:19 IST 2023
2023-08-22 17:29:19,872 [http-nio-8082-exec-8] INFO  c.r.h.a.d.s.TenantConnectionProvider               - Release connection for tenant info8
2023-08-22 17:29:48,741 [http-nio-8082-exec-9] INFO  c.r.h.a.d.s.TenantConnectionProvider               - Get connection for tenant info8
2023-08-22 17:29:48,765 [http-nio-8082-exec-9] INFO  c.r.h.authentication.aop.LoggingAspects            - Request toUserDetails com.rbts.hrms.authentication.service.UserDetailsServiceImpl.loadUserByUsername(String)ended atTue Aug 22 17:29:48 IST 2023
2023-08-22 17:29:48,770 [http-nio-8082-exec-9] INFO  c.r.h.a.d.s.TenantConnectionProvider               - Release connection for tenant info8
2023-08-22 17:31:34,663 [http-nio-8082-exec-1] INFO  c.r.h.a.d.s.TenantConnectionProvider               - Get connection for tenant info8
2023-08-22 17:31:34,680 [http-nio-8082-exec-1] INFO  c.r.h.authentication.aop.LoggingAspects            - Request toUserDetails com.rbts.hrms.authentication.service.UserDetailsServiceImpl.loadUserByUsername(String)ended atTue Aug 22 17:31:34 IST 2023
2023-08-22 17:31:34,688 [http-nio-8082-exec-1] INFO  c.r.h.a.d.s.TenantConnectionProvider               - Release connection for tenant info8
2023-08-22 17:31:53,481 [AsyncResolver-bootstrap-executor-0] INFO  c.n.d.s.r.aws.ConfigClusterResolver                - Resolving eureka endpoints via configuration
2023-08-22 17:33:09,597 [http-nio-8082-exec-5] INFO  c.r.h.a.d.s.TenantConnectionProvider               - Get connection for tenant info8
2023-08-22 17:33:09,598 [http-nio-8082-exec-5] INFO  c.r.h.authentication.aop.LoggingAspects            - Request toUserDetails com.rbts.hrms.authentication.service.UserDetailsServiceImpl.loadUserByUsername(String)ended atTue Aug 22 17:33:09 IST 2023
2023-08-22 17:33:09,598 [http-nio-8082-exec-5] INFO  c.r.h.a.d.s.TenantConnectionProvider               - Release connection for tenant info8
2023-08-22 17:33:34,823 [http-nio-8082-exec-6] INFO  c.r.h.a.d.s.TenantConnectionProvider               - Get connection for tenant info8
2023-08-22 17:33:34,845 [http-nio-8082-exec-6] INFO  c.r.h.authentication.aop.LoggingAspects            - Request toUserDetails com.rbts.hrms.authentication.service.UserDetailsServiceImpl.loadUserByUsername(String)ended atTue Aug 22 17:33:34 IST 2023
2023-08-22 17:33:34,853 [http-nio-8082-exec-6] INFO  c.r.h.a.d.s.TenantConnectionProvider               - Release connection for tenant info8
2023-08-22 17:33:49,691 [http-nio-8082-exec-7] INFO  c.r.h.a.d.s.TenantConnectionProvider               - Get connection for tenant info8
2023-08-22 17:33:49,712 [http-nio-8082-exec-7] INFO  c.r.h.authentication.aop.LoggingAspects            - Request toUserDetails com.rbts.hrms.authentication.service.UserDetailsServiceImpl.loadUserByUsername(String)ended atTue Aug 22 17:33:49 IST 2023
2023-08-22 17:33:49,712 [http-nio-8082-exec-7] INFO  c.r.h.a.d.s.TenantConnectionProvider               - Release connection for tenant info8
2023-08-22 17:34:01,490 [http-nio-8082-exec-8] INFO  c.r.h.a.d.s.TenantConnectionProvider               - Get connection for tenant info8
2023-08-22 17:34:01,504 [http-nio-8082-exec-8] INFO  c.r.h.authentication.aop.LoggingAspects            - Request toUserDetails com.rbts.hrms.authentication.service.UserDetailsServiceImpl.loadUserByUsername(String)ended atTue Aug 22 17:34:01 IST 2023
2023-08-22 17:34:01,507 [http-nio-8082-exec-8] INFO  c.r.h.a.d.s.TenantConnectionProvider               - Release connection for tenant info8
2023-08-22 17:34:54,592 [http-nio-8082-exec-9] INFO  c.r.h.a.d.s.TenantConnectionProvider               - Get connection for tenant info8
2023-08-22 17:34:54,610 [http-nio-8082-exec-9] INFO  c.r.h.authentication.aop.LoggingAspects            - Request toUserDetails com.rbts.hrms.authentication.service.UserDetailsServiceImpl.loadUserByUsername(String)ended atTue Aug 22 17:34:54 IST 2023
2023-08-22 17:34:54,610 [http-nio-8082-exec-9] INFO  c.r.h.a.d.s.TenantConnectionProvider               - Release connection for tenant info8
2023-08-22 17:35:03,394 [http-nio-8082-exec-10] INFO  c.r.h.a.d.s.TenantConnectionProvider               - Get connection for tenant info8
2023-08-22 17:35:03,408 [http-nio-8082-exec-10] INFO  c.r.h.authentication.aop.LoggingAspects            - Request toUserDetails com.rbts.hrms.authentication.service.UserDetailsServiceImpl.loadUserByUsername(String)ended atTue Aug 22 17:35:03 IST 2023
2023-08-22 17:35:03,408 [http-nio-8082-exec-10] INFO  c.r.h.a.d.s.TenantConnectionProvider               - Release connection for tenant info8
2023-08-22 17:35:14,744 [http-nio-8082-exec-2] INFO  c.r.h.a.d.s.TenantConnectionProvider               - Get connection for tenant info8
2023-08-22 17:35:14,759 [http-nio-8082-exec-2] INFO  c.r.h.authentication.aop.LoggingAspects            - Request toUserDetails com.rbts.hrms.authentication.service.UserDetailsServiceImpl.loadUserByUsername(String)ended atTue Aug 22 17:35:14 IST 2023
2023-08-22 17:35:14,759 [http-nio-8082-exec-2] INFO  c.r.h.a.d.s.TenantConnectionProvider               - Release connection for tenant info8
2023-08-22 17:35:27,074 [http-nio-8082-exec-1] INFO  c.r.h.a.d.s.TenantConnectionProvider               - Get connection for tenant info8
2023-08-22 17:35:27,090 [http-nio-8082-exec-1] INFO  c.r.h.authentication.aop.LoggingAspects            - Request toUserDetails com.rbts.hrms.authentication.service.UserDetailsServiceImpl.loadUserByUsername(String)ended atTue Aug 22 17:35:27 IST 2023
2023-08-22 17:35:27,099 [http-nio-8082-exec-1] INFO  c.r.h.a.d.s.TenantConnectionProvider               - Release connection for tenant info8
2023-08-22 17:35:35,743 [http-nio-8082-exec-4] INFO  c.r.h.a.d.s.TenantConnectionProvider               - Get connection for tenant info8
2023-08-22 17:35:35,766 [http-nio-8082-exec-4] INFO  c.r.h.authentication.aop.LoggingAspects            - Request toUserDetails com.rbts.hrms.authentication.service.UserDetailsServiceImpl.loadUserByUsername(String)ended atTue Aug 22 17:35:35 IST 2023
2023-08-22 17:35:35,769 [http-nio-8082-exec-4] INFO  c.r.h.a.d.s.TenantConnectionProvider               - Release connection for tenant info8
2023-08-22 17:35:42,738 [http-nio-8082-exec-3] INFO  c.r.h.a.d.s.TenantConnectionProvider               - Get connection for tenant info8
2023-08-22 17:35:42,755 [http-nio-8082-exec-3] INFO  c.r.h.authentication.aop.LoggingAspects            - Request toUserDetails com.rbts.hrms.authentication.service.UserDetailsServiceImpl.loadUserByUsername(String)ended atTue Aug 22 17:35:42 IST 2023
2023-08-22 17:35:42,756 [http-nio-8082-exec-3] INFO  c.r.h.a.d.s.TenantConnectionProvider               - Release connection for tenant info8
2023-08-22 17:36:33,822 [http-nio-8082-exec-5] INFO  c.r.h.a.d.s.TenantConnectionProvider               - Get connection for tenant info8
2023-08-22 17:36:33,847 [http-nio-8082-exec-5] INFO  c.r.h.authentication.aop.LoggingAspects            - Request toUserDetails com.rbts.hrms.authentication.service.UserDetailsServiceImpl.loadUserByUsername(String)ended atTue Aug 22 17:36:33 IST 2023
2023-08-22 17:36:33,847 [http-nio-8082-exec-5] INFO  c.r.h.a.d.s.TenantConnectionProvider               - Release connection for tenant info8
2023-08-22 17:36:53,483 [AsyncResolver-bootstrap-executor-0] INFO  c.n.d.s.r.aws.ConfigClusterResolver                - Resolving eureka endpoints via configuration
2023-08-22 17:36:53,999 [http-nio-8082-exec-7] INFO  c.r.h.a.d.s.TenantConnectionProvider               - Get connection for tenant info8
2023-08-22 17:36:54,017 [http-nio-8082-exec-7] INFO  c.r.h.authentication.aop.LoggingAspects            - Request toUserDetails com.rbts.hrms.authentication.service.UserDetailsServiceImpl.loadUserByUsername(String)ended atTue Aug 22 17:36:54 IST 2023
2023-08-22 17:36:54,017 [http-nio-8082-exec-7] INFO  c.r.h.a.d.s.TenantConnectionProvider               - Release connection for tenant info8
2023-08-22 17:39:06,249 [http-nio-8082-exec-9] INFO  c.r.h.a.d.s.TenantConnectionProvider               - Get connection for tenant info8
2023-08-22 17:39:06,266 [http-nio-8082-exec-9] INFO  c.r.h.authentication.aop.LoggingAspects            - Request toUserDetails com.rbts.hrms.authentication.service.UserDetailsServiceImpl.loadUserByUsername(String)ended atTue Aug 22 17:39:06 IST 2023
2023-08-22 17:39:06,266 [http-nio-8082-exec-9] INFO  c.r.h.a.d.s.TenantConnectionProvider               - Release connection for tenant info8
2023-08-22 17:41:53,484 [AsyncResolver-bootstrap-executor-0] INFO  c.n.d.s.r.aws.ConfigClusterResolver                - Resolving eureka endpoints via configuration
2023-08-22 17:46:53,495 [AsyncResolver-bootstrap-executor-0] INFO  c.n.d.s.r.aws.ConfigClusterResolver                - Resolving eureka endpoints via configuration
2023-08-22 17:51:53,508 [AsyncResolver-bootstrap-executor-0] INFO  c.n.d.s.r.aws.ConfigClusterResolver                - Resolving eureka endpoints via configuration
2023-08-22 17:56:53,517 [AsyncResolver-bootstrap-executor-0] INFO  c.n.d.s.r.aws.ConfigClusterResolver                - Resolving eureka endpoints via configuration
2023-08-22 18:01:53,520 [AsyncResolver-bootstrap-executor-0] INFO  c.n.d.s.r.aws.ConfigClusterResolver                - Resolving eureka endpoints via configuration
2023-08-22 18:06:53,533 [AsyncResolver-bootstrap-executor-0] INFO  c.n.d.s.r.aws.ConfigClusterResolver                - Resolving eureka endpoints via configuration
2023-08-22 18:35:54,542 [MyHikariPool housekeeper] WARN  com.zaxxer.hikari.pool.HikariPool                  - MyHikariPool - Thread starvation or clock leap detected (housekeeper delta=25m4s612ms940µs800ns).
2023-08-22 18:36:28,152 [AsyncResolver-bootstrap-executor-0] INFO  c.n.d.s.r.aws.ConfigClusterResolver                - Resolving eureka endpoints via configuration
2023-08-22 18:41:28,156 [AsyncResolver-bootstrap-executor-0] INFO  c.n.d.s.r.aws.ConfigClusterResolver                - Resolving eureka endpoints via configuration
2023-08-22 18:46:28,172 [AsyncResolver-bootstrap-executor-0] INFO  c.n.d.s.r.aws.ConfigClusterResolver                - Resolving eureka endpoints via configuration
2023-08-22 18:59:10,625 [MyHikariPool housekeeper] WARN  com.zaxxer.hikari.pool.HikariPool                  - MyHikariPool - Thread starvation or clock leap detected (housekeeper delta=12m45s940ms414µs400ns).
2023-08-22 19:03:44,119 [AsyncResolver-bootstrap-executor-0] INFO  c.n.d.s.r.aws.ConfigClusterResolver                - Resolving eureka endpoints via configuration
2023-08-22 19:08:44,122 [AsyncResolver-bootstrap-executor-0] INFO  c.n.d.s.r.aws.ConfigClusterResolver                - Resolving eureka endpoints via configuration
