2023-08-23 10:02:14,816 [background-preinit] INFO  o.h.validator.internal.util.Version                - HV000001: Hibernate Validator 6.2.5.Final
2023-08-23 10:02:14,885 [main] INFO  c.r.h.a.AuthenticationServiceApplication           - Starting AuthenticationServiceApplication using Java 17.0.6 on LAPTOP-MC3CCPBF with PID 3112 (C:\Users\Acer\Desktop\hrms-application-parent\hrms-authentication-service\target\classes started by Acer in C:\Users\Acer\Desktop\hrms-application-parent\hrms-authentication-service)
2023-08-23 10:02:14,887 [main] INFO  c.r.h.a.AuthenticationServiceApplication           - No active profile set, falling back to 1 default profile: "default"
2023-08-23 10:02:18,235 [main] INFO  o.s.d.r.c.RepositoryConfigurationDelegate          - Multiple Spring Data modules found, entering strict repository configuration mode
2023-08-23 10:02:18,238 [main] INFO  o.s.d.r.c.RepositoryConfigurationDelegate          - Bootstrapping Spring Data JPA repositories in DEFAULT mode.
2023-08-23 10:02:18,576 [main] INFO  o.s.d.r.c.RepositoryConfigurationDelegate          - Finished Spring Data repository scanning in 324 ms. Found 5 JPA repository interfaces.
2023-08-23 10:02:18,595 [main] INFO  o.s.d.r.c.RepositoryConfigurationDelegate          - Multiple Spring Data modules found, entering strict repository configuration mode
2023-08-23 10:02:18,597 [main] INFO  o.s.d.r.c.RepositoryConfigurationDelegate          - Bootstrapping Spring Data Redis repositories in DEFAULT mode.
2023-08-23 10:02:18,623 [main] INFO  o.s.d.r.c.RepositoryConfigurationExtensionSupport  - Spring Data Redis - Could not safely identify store assignment for repository candidate interface com.rbts.hrms.authentication.repository.LoginDetailsRepository; If you want this repository to be a Redis repository, consider annotating your entities with one of these annotations: org.springframework.data.redis.core.RedisHash (preferred), or consider extending one of the following types with your repository: org.springframework.data.keyvalue.repository.KeyValueRepository
2023-08-23 10:02:18,625 [main] INFO  o.s.d.r.c.RepositoryConfigurationExtensionSupport  - Spring Data Redis - Could not safely identify store assignment for repository candidate interface com.rbts.hrms.authentication.repository.PasswordsRepository; If you want this repository to be a Redis repository, consider annotating your entities with one of these annotations: org.springframework.data.redis.core.RedisHash (preferred), or consider extending one of the following types with your repository: org.springframework.data.keyvalue.repository.KeyValueRepository
2023-08-23 10:02:18,626 [main] INFO  o.s.d.r.c.RepositoryConfigurationExtensionSupport  - Spring Data Redis - Could not safely identify store assignment for repository candidate interface com.rbts.hrms.authentication.repository.RefreshTokenRepository; If you want this repository to be a Redis repository, consider annotating your entities with one of these annotations: org.springframework.data.redis.core.RedisHash (preferred), or consider extending one of the following types with your repository: org.springframework.data.keyvalue.repository.KeyValueRepository
2023-08-23 10:02:18,628 [main] INFO  o.s.d.r.c.RepositoryConfigurationExtensionSupport  - Spring Data Redis - Could not safely identify store assignment for repository candidate interface com.rbts.hrms.authentication.repository.RoleRepository; If you want this repository to be a Redis repository, consider annotating your entities with one of these annotations: org.springframework.data.redis.core.RedisHash (preferred), or consider extending one of the following types with your repository: org.springframework.data.keyvalue.repository.KeyValueRepository
2023-08-23 10:02:18,632 [main] INFO  o.s.d.r.c.RepositoryConfigurationExtensionSupport  - Spring Data Redis - Could not safely identify store assignment for repository candidate interface com.rbts.hrms.authentication.repository.UsersRepository; If you want this repository to be a Redis repository, consider annotating your entities with one of these annotations: org.springframework.data.redis.core.RedisHash (preferred), or consider extending one of the following types with your repository: org.springframework.data.keyvalue.repository.KeyValueRepository
2023-08-23 10:02:18,633 [main] INFO  o.s.d.r.c.RepositoryConfigurationDelegate          - Finished Spring Data repository scanning in 21 ms. Found 0 Redis repository interfaces.
2023-08-23 10:02:18,983 [main] WARN  o.s.boot.actuate.endpoint.EndpointId               - Endpoint ID 'hystrix.stream' contains invalid characters, please migrate to a valid format.
2023-08-23 10:02:19,323 [main] INFO  o.s.cloud.context.scope.GenericScope               - BeanFactory id=cd4f3e5a-7989-35ff-8fa3-bd1e73885aa2
2023-08-23 10:02:19,864 [main] INFO  o.s.c.s.PostProcessorRegistrationDelegate$BeanPostProcessorChecker - Bean 'zuulConfiguration' of type [com.rbts.hrms.authentication.ZuulConfiguration$$EnhancerBySpringCGLIB$$1eb000ed] is not eligible for getting processed by all BeanPostProcessors (for example: not eligible for auto-proxying)
2023-08-23 10:02:19,885 [main] INFO  o.s.c.s.PostProcessorRegistrationDelegate$BeanPostProcessorChecker - Bean 'org.springframework.cloud.commons.config.CommonsConfigAutoConfiguration' of type [org.springframework.cloud.commons.config.CommonsConfigAutoConfiguration] is not eligible for getting processed by all BeanPostProcessors (for example: not eligible for auto-proxying)
2023-08-23 10:02:19,889 [main] INFO  o.s.c.s.PostProcessorRegistrationDelegate$BeanPostProcessorChecker - Bean 'org.springframework.cloud.client.loadbalancer.LoadBalancerDefaultMappingsProviderAutoConfiguration' of type [org.springframework.cloud.client.loadbalancer.LoadBalancerDefaultMappingsProviderAutoConfiguration] is not eligible for getting processed by all BeanPostProcessors (for example: not eligible for auto-proxying)
2023-08-23 10:02:19,891 [main] INFO  o.s.c.s.PostProcessorRegistrationDelegate$BeanPostProcessorChecker - Bean 'loadBalancerClientsDefaultsMappingsProvider' of type [org.springframework.cloud.client.loadbalancer.LoadBalancerDefaultMappingsProviderAutoConfiguration$$Lambda$577/0x00000008010c7be0] is not eligible for getting processed by all BeanPostProcessors (for example: not eligible for auto-proxying)
2023-08-23 10:02:19,895 [main] INFO  o.s.c.s.PostProcessorRegistrationDelegate$BeanPostProcessorChecker - Bean 'defaultsBindHandlerAdvisor' of type [org.springframework.cloud.commons.config.DefaultsBindHandlerAdvisor] is not eligible for getting processed by all BeanPostProcessors (for example: not eligible for auto-proxying)
2023-08-23 10:02:19,922 [main] INFO  o.s.c.s.PostProcessorRegistrationDelegate$BeanPostProcessorChecker - Bean 'zuul-org.springframework.cloud.netflix.zuul.filters.ZuulProperties' of type [org.springframework.cloud.netflix.zuul.filters.ZuulProperties] is not eligible for getting processed by all BeanPostProcessors (for example: not eligible for auto-proxying)
2023-08-23 10:02:19,945 [main] INFO  o.s.c.s.PostProcessorRegistrationDelegate$BeanPostProcessorChecker - Bean 'server-org.springframework.boot.autoconfigure.web.ServerProperties' of type [org.springframework.boot.autoconfigure.web.ServerProperties] is not eligible for getting processed by all BeanPostProcessors (for example: not eligible for auto-proxying)
2023-08-23 10:02:19,953 [main] INFO  o.s.c.s.PostProcessorRegistrationDelegate$BeanPostProcessorChecker - Bean 'org.springframework.boot.autoconfigure.web.servlet.error.ErrorMvcAutoConfiguration' of type [org.springframework.boot.autoconfigure.web.servlet.error.ErrorMvcAutoConfiguration] is not eligible for getting processed by all BeanPostProcessors (for example: not eligible for auto-proxying)
2023-08-23 10:02:19,962 [main] INFO  o.s.c.s.PostProcessorRegistrationDelegate$BeanPostProcessorChecker - Bean 'errorAttributes' of type [org.springframework.boot.web.servlet.error.DefaultErrorAttributes] is not eligible for getting processed by all BeanPostProcessors (for example: not eligible for auto-proxying)
2023-08-23 10:02:19,971 [main] INFO  o.s.c.s.PostProcessorRegistrationDelegate$BeanPostProcessorChecker - Bean 'spring.web-org.springframework.boot.autoconfigure.web.WebProperties' of type [org.springframework.boot.autoconfigure.web.WebProperties] is not eligible for getting processed by all BeanPostProcessors (for example: not eligible for auto-proxying)
2023-08-23 10:02:19,973 [main] INFO  o.s.c.s.PostProcessorRegistrationDelegate$BeanPostProcessorChecker - Bean 'org.springframework.boot.autoconfigure.web.servlet.error.ErrorMvcAutoConfiguration$DefaultErrorViewResolverConfiguration' of type [org.springframework.boot.autoconfigure.web.servlet.error.ErrorMvcAutoConfiguration$DefaultErrorViewResolverConfiguration] is not eligible for getting processed by all BeanPostProcessors (for example: not eligible for auto-proxying)
2023-08-23 10:02:19,975 [main] INFO  o.s.c.s.PostProcessorRegistrationDelegate$BeanPostProcessorChecker - Bean 'conventionErrorViewResolver' of type [org.springframework.boot.autoconfigure.web.servlet.error.DefaultErrorViewResolver] is not eligible for getting processed by all BeanPostProcessors (for example: not eligible for auto-proxying)
2023-08-23 10:02:19,980 [main] INFO  o.s.c.s.PostProcessorRegistrationDelegate$BeanPostProcessorChecker - Bean 'basicErrorController' of type [org.springframework.boot.autoconfigure.web.servlet.error.BasicErrorController] is not eligible for getting processed by all BeanPostProcessors (for example: not eligible for auto-proxying)
2023-08-23 10:02:19,986 [main] INFO  o.s.c.s.PostProcessorRegistrationDelegate$BeanPostProcessorChecker - Bean 'requestInterceptor' of type [com.rbts.hrms.authentication.dataconfig.RequestInterceptor] is not eligible for getting processed by all BeanPostProcessors (for example: not eligible for auto-proxying)
2023-08-23 10:02:19,988 [main] INFO  o.s.c.s.PostProcessorRegistrationDelegate$BeanPostProcessorChecker - Bean 'pathMatchingConfigurationAdapter' of type [com.rbts.hrms.authentication.dataconfig.PathMatchingConfigurationAdapter$$EnhancerBySpringCGLIB$$faae02e6] is not eligible for getting processed by all BeanPostProcessors (for example: not eligible for auto-proxying)
2023-08-23 10:02:19,998 [main] INFO  o.s.c.s.PostProcessorRegistrationDelegate$BeanPostProcessorChecker - Bean 'org.springframework.security.config.annotation.web.configuration.WebMvcSecurityConfiguration' of type [org.springframework.security.config.annotation.web.configuration.WebMvcSecurityConfiguration] is not eligible for getting processed by all BeanPostProcessors (for example: not eligible for auto-proxying)
2023-08-23 10:02:20,026 [main] INFO  o.s.c.s.PostProcessorRegistrationDelegate$BeanPostProcessorChecker - Bean 'spring.mvc-org.springframework.boot.autoconfigure.web.servlet.WebMvcProperties' of type [org.springframework.boot.autoconfigure.web.servlet.WebMvcProperties] is not eligible for getting processed by all BeanPostProcessors (for example: not eligible for auto-proxying)
2023-08-23 10:02:20,032 [main] INFO  o.s.c.s.PostProcessorRegistrationDelegate$BeanPostProcessorChecker - Bean 'org.springframework.boot.autoconfigure.web.servlet.WebMvcAutoConfiguration$WebMvcAutoConfigurationAdapter' of type [org.springframework.boot.autoconfigure.web.servlet.WebMvcAutoConfiguration$WebMvcAutoConfigurationAdapter] is not eligible for getting processed by all BeanPostProcessors (for example: not eligible for auto-proxying)
2023-08-23 10:02:20,049 [main] INFO  o.s.c.s.PostProcessorRegistrationDelegate$BeanPostProcessorChecker - Bean 'spring.jpa-org.springframework.boot.autoconfigure.orm.jpa.JpaProperties' of type [org.springframework.boot.autoconfigure.orm.jpa.JpaProperties] is not eligible for getting processed by all BeanPostProcessors (for example: not eligible for auto-proxying)
2023-08-23 10:02:20,051 [main] INFO  o.s.c.s.PostProcessorRegistrationDelegate$BeanPostProcessorChecker - Bean 'org.springframework.boot.autoconfigure.orm.jpa.JpaBaseConfiguration$JpaWebConfiguration' of type [org.springframework.boot.autoconfigure.orm.jpa.JpaBaseConfiguration$JpaWebConfiguration] is not eligible for getting processed by all BeanPostProcessors (for example: not eligible for auto-proxying)
2023-08-23 10:02:20,055 [main] WARN  o.s.b.a.o.j.JpaBaseConfiguration$JpaWebConfiguration - spring.jpa.open-in-view is enabled by default. Therefore, database queries may be performed during view rendering. Explicitly configure spring.jpa.open-in-view to disable this warning
2023-08-23 10:02:20,068 [main] INFO  o.s.c.s.PostProcessorRegistrationDelegate$BeanPostProcessorChecker - Bean 'org.springframework.boot.autoconfigure.sql.init.DataSourceInitializationConfiguration' of type [org.springframework.boot.autoconfigure.sql.init.DataSourceInitializationConfiguration] is not eligible for getting processed by all BeanPostProcessors (for example: not eligible for auto-proxying)
2023-08-23 10:02:20,072 [main] INFO  o.s.c.s.PostProcessorRegistrationDelegate$BeanPostProcessorChecker - Bean 'org.springframework.boot.autoconfigure.jdbc.DataSourceConfiguration$Hikari' of type [org.springframework.boot.autoconfigure.jdbc.DataSourceConfiguration$Hikari] is not eligible for getting processed by all BeanPostProcessors (for example: not eligible for auto-proxying)
2023-08-23 10:02:20,087 [main] INFO  o.s.c.s.PostProcessorRegistrationDelegate$BeanPostProcessorChecker - Bean 'spring.datasource-org.springframework.boot.autoconfigure.jdbc.DataSourceProperties' of type [org.springframework.boot.autoconfigure.jdbc.DataSourceProperties] is not eligible for getting processed by all BeanPostProcessors (for example: not eligible for auto-proxying)
2023-08-23 10:02:20,115 [main] INFO  o.s.c.s.PostProcessorRegistrationDelegate$BeanPostProcessorChecker - Bean 'dataSource' of type [com.zaxxer.hikari.HikariDataSource] is not eligible for getting processed by all BeanPostProcessors (for example: not eligible for auto-proxying)
2023-08-23 10:02:20,132 [main] INFO  o.s.c.s.PostProcessorRegistrationDelegate$BeanPostProcessorChecker - Bean 'spring.sql.init-org.springframework.boot.autoconfigure.sql.init.SqlInitializationProperties' of type [org.springframework.boot.autoconfigure.sql.init.SqlInitializationProperties] is not eligible for getting processed by all BeanPostProcessors (for example: not eligible for auto-proxying)
2023-08-23 10:02:20,138 [main] INFO  o.s.c.s.PostProcessorRegistrationDelegate$BeanPostProcessorChecker - Bean 'dataSourceScriptDatabaseInitializer' of type [org.springframework.boot.autoconfigure.sql.init.SqlDataSourceScriptDatabaseInitializer] is not eligible for getting processed by all BeanPostProcessors (for example: not eligible for auto-proxying)
2023-08-23 10:02:20,142 [main] INFO  o.s.c.s.PostProcessorRegistrationDelegate$BeanPostProcessorChecker - Bean 'hibernateConfig' of type [com.rbts.hrms.authentication.dataconfig.Multitenant.HibernateConfig$$EnhancerBySpringCGLIB$$c3dfc824] is not eligible for getting processed by all BeanPostProcessors (for example: not eligible for auto-proxying)
2023-08-23 10:02:20,147 [main] INFO  o.s.c.s.PostProcessorRegistrationDelegate$BeanPostProcessorChecker - Bean 'tenantConnectionProvider' of type [com.rbts.hrms.authentication.dataconfig.schema.TenantConnectionProvider] is not eligible for getting processed by all BeanPostProcessors (for example: not eligible for auto-proxying)
2023-08-23 10:02:20,152 [main] INFO  o.s.c.s.PostProcessorRegistrationDelegate$BeanPostProcessorChecker - Bean 'tenantSchemaResolver' of type [com.rbts.hrms.authentication.dataconfig.Multitenant.TenantSchemaResolver] is not eligible for getting processed by all BeanPostProcessors (for example: not eligible for auto-proxying)
2023-08-23 10:02:20,190 [main] INFO  o.s.c.s.PostProcessorRegistrationDelegate$BeanPostProcessorChecker - Bean 'jpaVendorAdapter' of type [org.springframework.orm.jpa.vendor.HibernateJpaVendorAdapter] is not eligible for getting processed by all BeanPostProcessors (for example: not eligible for auto-proxying)
2023-08-23 10:02:20,233 [main] INFO  o.hibernate.jpa.internal.util.LogHelper            - HHH000204: Processing PersistenceUnitInfo [name: default]
2023-08-23 10:02:20,338 [main] INFO  org.hibernate.Version                              - HHH000412: Hibernate ORM core version 5.6.15.Final
2023-08-23 10:02:20,603 [main] INFO  org.hibernate.annotations.common.Version           - HCANN000001: Hibernate Commons Annotations {5.1.2.Final}
2023-08-23 10:02:20,998 [main] INFO  com.zaxxer.hikari.HikariDataSource                 - MyHikariPool - Starting...
2023-08-23 10:02:21,330 [main] INFO  com.zaxxer.hikari.HikariDataSource                 - MyHikariPool - Start completed.
2023-08-23 10:02:21,506 [main] INFO  org.hibernate.dialect.Dialect                      - HHH000400: Using dialect: org.hibernate.dialect.PostgreSQLDialect
2023-08-23 10:02:22,915 [main] INFO  o.h.e.t.j.p.i.JtaPlatformInitiator                 - HHH000490: Using JtaPlatform implementation: [org.hibernate.engine.transaction.jta.platform.internal.NoJtaPlatform]
2023-08-23 10:02:22,931 [main] INFO  o.s.o.j.LocalContainerEntityManagerFactoryBean     - Initialized JPA EntityManagerFactory for persistence unit 'default'
2023-08-23 10:02:22,937 [main] INFO  o.s.c.s.PostProcessorRegistrationDelegate$BeanPostProcessorChecker - Bean 'entityManagerFactory' of type [org.springframework.orm.jpa.LocalContainerEntityManagerFactoryBean] is not eligible for getting processed by all BeanPostProcessors (for example: not eligible for auto-proxying)
2023-08-23 10:02:22,956 [main] INFO  o.s.c.s.PostProcessorRegistrationDelegate$BeanPostProcessorChecker - Bean 'entityManagerFactory' of type [jdk.proxy2.$Proxy165] is not eligible for getting processed by all BeanPostProcessors (for example: not eligible for auto-proxying)
2023-08-23 10:02:22,973 [main] INFO  o.s.c.s.PostProcessorRegistrationDelegate$BeanPostProcessorChecker - Bean 'openEntityManagerInViewInterceptor' of type [org.springframework.orm.jpa.support.OpenEntityManagerInViewInterceptor] is not eligible for getting processed by all BeanPostProcessors (for example: not eligible for auto-proxying)
2023-08-23 10:02:22,977 [main] INFO  o.s.c.s.PostProcessorRegistrationDelegate$BeanPostProcessorChecker - Bean 'openEntityManagerInViewInterceptorConfigurer' of type [org.springframework.boot.autoconfigure.orm.jpa.JpaBaseConfiguration$JpaWebConfiguration$1] is not eligible for getting processed by all BeanPostProcessors (for example: not eligible for auto-proxying)
2023-08-23 10:02:22,991 [main] INFO  o.s.c.s.PostProcessorRegistrationDelegate$BeanPostProcessorChecker - Bean 'management.metrics-org.springframework.boot.actuate.autoconfigure.metrics.MetricsProperties' of type [org.springframework.boot.actuate.autoconfigure.metrics.MetricsProperties] is not eligible for getting processed by all BeanPostProcessors (for example: not eligible for auto-proxying)
2023-08-23 10:02:22,993 [main] INFO  o.s.c.s.PostProcessorRegistrationDelegate$BeanPostProcessorChecker - Bean 'org.springframework.boot.actuate.autoconfigure.metrics.web.servlet.WebMvcMetricsAutoConfiguration' of type [org.springframework.boot.actuate.autoconfigure.metrics.web.servlet.WebMvcMetricsAutoConfiguration] is not eligible for getting processed by all BeanPostProcessors (for example: not eligible for auto-proxying)
2023-08-23 10:02:22,996 [main] INFO  o.s.c.s.PostProcessorRegistrationDelegate$BeanPostProcessorChecker - Bean 'org.springframework.boot.actuate.autoconfigure.metrics.export.simple.SimpleMetricsExportAutoConfiguration' of type [org.springframework.boot.actuate.autoconfigure.metrics.export.simple.SimpleMetricsExportAutoConfiguration] is not eligible for getting processed by all BeanPostProcessors (for example: not eligible for auto-proxying)
2023-08-23 10:02:23,002 [main] INFO  o.s.c.s.PostProcessorRegistrationDelegate$BeanPostProcessorChecker - Bean 'management.metrics.export.simple-org.springframework.boot.actuate.autoconfigure.metrics.export.simple.SimpleProperties' of type [org.springframework.boot.actuate.autoconfigure.metrics.export.simple.SimpleProperties] is not eligible for getting processed by all BeanPostProcessors (for example: not eligible for auto-proxying)
2023-08-23 10:02:23,006 [main] INFO  o.s.c.s.PostProcessorRegistrationDelegate$BeanPostProcessorChecker - Bean 'simpleConfig' of type [org.springframework.boot.actuate.autoconfigure.metrics.export.simple.SimplePropertiesConfigAdapter] is not eligible for getting processed by all BeanPostProcessors (for example: not eligible for auto-proxying)
2023-08-23 10:02:23,013 [main] INFO  o.s.c.s.PostProcessorRegistrationDelegate$BeanPostProcessorChecker - Bean 'org.springframework.boot.actuate.autoconfigure.metrics.MetricsAutoConfiguration' of type [org.springframework.boot.actuate.autoconfigure.metrics.MetricsAutoConfiguration] is not eligible for getting processed by all BeanPostProcessors (for example: not eligible for auto-proxying)
2023-08-23 10:02:23,015 [main] INFO  o.s.c.s.PostProcessorRegistrationDelegate$BeanPostProcessorChecker - Bean 'micrometerClock' of type [io.micrometer.core.instrument.Clock$1] is not eligible for getting processed by all BeanPostProcessors (for example: not eligible for auto-proxying)
2023-08-23 10:02:23,043 [main] INFO  o.s.c.s.PostProcessorRegistrationDelegate$BeanPostProcessorChecker - Bean 'simpleMeterRegistry' of type [io.micrometer.core.instrument.simple.SimpleMeterRegistry] is not eligible for getting processed by all BeanPostProcessors (for example: not eligible for auto-proxying)
2023-08-23 10:02:23,058 [main] INFO  o.s.c.s.PostProcessorRegistrationDelegate$BeanPostProcessorChecker - Bean 'webMvcTagsProvider' of type [org.springframework.boot.actuate.metrics.web.servlet.DefaultWebMvcTagsProvider] is not eligible for getting processed by all BeanPostProcessors (for example: not eligible for auto-proxying)
2023-08-23 10:02:23,060 [main] INFO  o.s.c.s.PostProcessorRegistrationDelegate$BeanPostProcessorChecker - Bean 'metricsWebMvcConfigurer' of type [org.springframework.boot.actuate.autoconfigure.metrics.web.servlet.WebMvcMetricsAutoConfiguration$MetricsWebMvcConfigurer] is not eligible for getting processed by all BeanPostProcessors (for example: not eligible for auto-proxying)
2023-08-23 10:02:23,065 [main] INFO  o.s.c.s.PostProcessorRegistrationDelegate$BeanPostProcessorChecker - Bean 'org.springframework.data.web.config.SpringDataWebConfiguration' of type [org.springframework.data.web.config.SpringDataWebConfiguration] is not eligible for getting processed by all BeanPostProcessors (for example: not eligible for auto-proxying)
2023-08-23 10:02:23,108 [main] INFO  o.s.c.s.PostProcessorRegistrationDelegate$BeanPostProcessorChecker - Bean 'org.springframework.cloud.client.discovery.composite.CompositeDiscoveryClientAutoConfiguration' of type [org.springframework.cloud.client.discovery.composite.CompositeDiscoveryClientAutoConfiguration] is not eligible for getting processed by all BeanPostProcessors (for example: not eligible for auto-proxying)
2023-08-23 10:02:23,117 [main] INFO  o.s.c.s.PostProcessorRegistrationDelegate$BeanPostProcessorChecker - Bean 'org.springframework.cloud.commons.util.UtilAutoConfiguration' of type [org.springframework.cloud.commons.util.UtilAutoConfiguration] is not eligible for getting processed by all BeanPostProcessors (for example: not eligible for auto-proxying)
2023-08-23 10:02:23,124 [main] INFO  o.s.c.s.PostProcessorRegistrationDelegate$BeanPostProcessorChecker - Bean 'inetUtilsProperties' of type [org.springframework.cloud.commons.util.InetUtilsProperties] is not eligible for getting processed by all BeanPostProcessors (for example: not eligible for auto-proxying)
2023-08-23 10:02:23,126 [main] INFO  o.s.c.s.PostProcessorRegistrationDelegate$BeanPostProcessorChecker - Bean 'inetUtils' of type [org.springframework.cloud.commons.util.InetUtils] is not eligible for getting processed by all BeanPostProcessors (for example: not eligible for auto-proxying)
2023-08-23 10:02:23,127 [main] INFO  o.s.c.s.PostProcessorRegistrationDelegate$BeanPostProcessorChecker - Bean 'org.springframework.cloud.client.discovery.simple.SimpleDiscoveryClientAutoConfiguration' of type [org.springframework.cloud.client.discovery.simple.SimpleDiscoveryClientAutoConfiguration] is not eligible for getting processed by all BeanPostProcessors (for example: not eligible for auto-proxying)
2023-08-23 10:02:23,282 [main] INFO  o.s.c.s.PostProcessorRegistrationDelegate$BeanPostProcessorChecker - Bean 'simpleDiscoveryProperties' of type [org.springframework.cloud.client.discovery.simple.SimpleDiscoveryProperties] is not eligible for getting processed by all BeanPostProcessors (for example: not eligible for auto-proxying)
2023-08-23 10:02:23,284 [main] INFO  o.s.c.s.PostProcessorRegistrationDelegate$BeanPostProcessorChecker - Bean 'simpleDiscoveryClient' of type [org.springframework.cloud.client.discovery.simple.SimpleDiscoveryClient] is not eligible for getting processed by all BeanPostProcessors (for example: not eligible for auto-proxying)
2023-08-23 10:02:23,287 [main] INFO  o.s.c.s.PostProcessorRegistrationDelegate$BeanPostProcessorChecker - Bean 'org.springframework.cloud.netflix.eureka.EurekaDiscoveryClientConfiguration' of type [org.springframework.cloud.netflix.eureka.EurekaDiscoveryClientConfiguration] is not eligible for getting processed by all BeanPostProcessors (for example: not eligible for auto-proxying)
2023-08-23 10:02:23,298 [main] INFO  o.s.c.s.PostProcessorRegistrationDelegate$BeanPostProcessorChecker - Bean 'org.springframework.cloud.netflix.eureka.EurekaClientAutoConfiguration' of type [org.springframework.cloud.netflix.eureka.EurekaClientAutoConfiguration] is not eligible for getting processed by all BeanPostProcessors (for example: not eligible for auto-proxying)
2023-08-23 10:02:23,325 [main] INFO  o.s.c.s.PostProcessorRegistrationDelegate$BeanPostProcessorChecker - Bean 'eurekaClientConfigBean' of type [org.springframework.cloud.netflix.eureka.EurekaClientConfigBean] is not eligible for getting processed by all BeanPostProcessors (for example: not eligible for auto-proxying)
2023-08-23 10:02:23,343 [main] INFO  o.s.c.s.PostProcessorRegistrationDelegate$BeanPostProcessorChecker - Bean 'discoveryClient' of type [org.springframework.cloud.netflix.eureka.EurekaDiscoveryClient] is not eligible for getting processed by all BeanPostProcessors (for example: not eligible for auto-proxying)
2023-08-23 10:02:23,345 [main] INFO  o.s.c.s.PostProcessorRegistrationDelegate$BeanPostProcessorChecker - Bean 'compositeDiscoveryClient' of type [org.springframework.cloud.client.discovery.composite.CompositeDiscoveryClient] is not eligible for getting processed by all BeanPostProcessors (for example: not eligible for auto-proxying)
2023-08-23 10:02:23,348 [main] INFO  o.s.c.s.PostProcessorRegistrationDelegate$BeanPostProcessorChecker - Bean 'org.springframework.cloud.netflix.zuul.ZuulProxyAutoConfiguration' of type [org.springframework.cloud.netflix.zuul.ZuulProxyAutoConfiguration] is not eligible for getting processed by all BeanPostProcessors (for example: not eligible for auto-proxying)
2023-08-23 10:02:23,361 [main] INFO  o.s.c.s.PostProcessorRegistrationDelegate$BeanPostProcessorChecker - Bean 'serviceRouteMapper' of type [org.springframework.cloud.netflix.zuul.filters.discovery.SimpleServiceRouteMapper] is not eligible for getting processed by all BeanPostProcessors (for example: not eligible for auto-proxying)
2023-08-23 10:02:23,374 [main] INFO  o.s.c.s.PostProcessorRegistrationDelegate$BeanPostProcessorChecker - Bean 'org.springframework.cloud.netflix.eureka.config.DiscoveryClientOptionalArgsConfiguration' of type [org.springframework.cloud.netflix.eureka.config.DiscoveryClientOptionalArgsConfiguration] is not eligible for getting processed by all BeanPostProcessors (for example: not eligible for auto-proxying)
2023-08-23 10:02:23,382 [main] INFO  o.s.c.s.PostProcessorRegistrationDelegate$BeanPostProcessorChecker - Bean 'tlsProperties' of type [org.springframework.cloud.configuration.TlsProperties] is not eligible for getting processed by all BeanPostProcessors (for example: not eligible for auto-proxying)
2023-08-23 10:02:23,387 [main] INFO  o.s.c.n.e.c.DiscoveryClientOptionalArgsConfiguration - Eureka HTTP Client uses Jersey
2023-08-23 10:02:23,394 [main] INFO  o.s.c.s.PostProcessorRegistrationDelegate$BeanPostProcessorChecker - Bean 'discoveryClientOptionalArgs' of type [org.springframework.cloud.netflix.eureka.MutableDiscoveryClientOptionalArgs] is not eligible for getting processed by all BeanPostProcessors (for example: not eligible for auto-proxying)
2023-08-23 10:02:23,401 [main] INFO  o.s.c.s.PostProcessorRegistrationDelegate$BeanPostProcessorChecker - Bean 'org.springframework.cloud.netflix.eureka.EurekaClientAutoConfiguration$RefreshableEurekaClientConfiguration' of type [org.springframework.cloud.netflix.eureka.EurekaClientAutoConfiguration$RefreshableEurekaClientConfiguration] is not eligible for getting processed by all BeanPostProcessors (for example: not eligible for auto-proxying)
2023-08-23 10:02:23,409 [main] INFO  o.s.c.s.PostProcessorRegistrationDelegate$BeanPostProcessorChecker - Bean 'serviceManagementMetadataProvider' of type [org.springframework.cloud.netflix.eureka.metadata.DefaultManagementMetadataProvider] is not eligible for getting processed by all BeanPostProcessors (for example: not eligible for auto-proxying)
2023-08-23 10:02:23,676 [main] INFO  o.s.c.s.PostProcessorRegistrationDelegate$BeanPostProcessorChecker - Bean 'eurekaInstanceConfigBean' of type [org.springframework.cloud.netflix.eureka.EurekaInstanceConfigBean] is not eligible for getting processed by all BeanPostProcessors (for example: not eligible for auto-proxying)
2023-08-23 10:02:23,697 [main] INFO  o.s.c.s.PostProcessorRegistrationDelegate$BeanPostProcessorChecker - Bean 'scopedTarget.eurekaRegistration' of type [org.springframework.cloud.netflix.eureka.serviceregistry.EurekaRegistration] is not eligible for getting processed by all BeanPostProcessors (for example: not eligible for auto-proxying)
2023-08-23 10:02:23,707 [main] INFO  o.s.c.s.PostProcessorRegistrationDelegate$BeanPostProcessorChecker - Bean 'discoveryRouteLocator' of type [org.springframework.cloud.netflix.zuul.filters.discovery.DiscoveryClientRouteLocator] is not eligible for getting processed by all BeanPostProcessors (for example: not eligible for auto-proxying)
2023-08-23 10:02:23,712 [main] INFO  o.s.c.s.PostProcessorRegistrationDelegate$BeanPostProcessorChecker - Bean 'primaryRouteLocator' of type [org.springframework.cloud.netflix.zuul.filters.CompositeRouteLocator] is not eligible for getting processed by all BeanPostProcessors (for example: not eligible for auto-proxying)
2023-08-23 10:02:23,741 [main] INFO  o.s.c.s.PostProcessorRegistrationDelegate$BeanPostProcessorChecker - Bean 'zuulController' of type [org.springframework.cloud.netflix.zuul.web.ZuulController] is not eligible for getting processed by all BeanPostProcessors (for example: not eligible for auto-proxying)
2023-08-23 10:02:24,136 [main] INFO  o.s.b.w.embedded.tomcat.TomcatWebServer            - Tomcat initialized with port(s): 8082 (http)
2023-08-23 10:02:24,147 [main] INFO  o.apache.coyote.http11.Http11NioProtocol           - Initializing ProtocolHandler ["http-nio-8082"]
2023-08-23 10:02:24,148 [main] INFO  org.apache.catalina.core.StandardService           - Starting service [Tomcat]
2023-08-23 10:02:24,148 [main] INFO  org.apache.catalina.core.StandardEngine            - Starting Servlet engine: [Apache Tomcat/9.0.74]
2023-08-23 10:02:24,441 [main] INFO  o.a.c.c.C.[Tomcat].[localhost].[/]                 - Initializing Spring embedded WebApplicationContext
2023-08-23 10:02:24,442 [main] INFO  o.s.b.w.s.c.ServletWebServerApplicationContext     - Root WebApplicationContext: initialization completed in 9450 ms
2023-08-23 10:02:24,576 [main] WARN  c.n.c.sources.URLConfigurationSource               - No URLs will be polled as dynamic configuration sources.
2023-08-23 10:02:24,576 [main] INFO  c.n.c.sources.URLConfigurationSource               - To enable URLs as dynamic configuration sources, define System property archaius.configurationSource.additionalUrls or make config.properties available on classpath.
2023-08-23 10:02:24,591 [main] INFO  c.netflix.config.DynamicPropertyFactory            - DynamicPropertyFactory is initialized with configuration sources: com.netflix.config.ConcurrentCompositeConfiguration@258ac1e6
2023-08-23 10:02:25,841 [main] INFO  o.s.b.a.e.web.ServletEndpointRegistrar             - Registered '/actuator/hystrix.stream' to hystrix.stream-actuator-endpoint
2023-08-23 10:02:27,666 [main] INFO  o.s.b.a.e.web.EndpointLinksResolver                - Exposing 23 endpoint(s) beneath base path '/actuator'
2023-08-23 10:02:27,780 [main] INFO  o.s.s.web.DefaultSecurityFilterChain               - Will secure any request with [org.springframework.security.web.session.DisableEncodeUrlFilter@3b256d50, org.springframework.security.web.context.request.async.WebAsyncManagerIntegrationFilter@52ebacbf, org.springframework.security.web.context.SecurityContextPersistenceFilter@7c3b8b26, org.springframework.security.web.header.HeaderWriterFilter@5effc15d, org.springframework.web.filter.CorsFilter@aad7ade, org.springframework.security.web.authentication.logout.LogoutFilter@4149067d, com.rbts.hrms.authentication.security.AuthTokenFilter@3fb920d9, org.springframework.security.web.savedrequest.RequestCacheAwareFilter@2a64e2d0, org.springframework.security.web.servletapi.SecurityContextHolderAwareRequestFilter@10c9bd51, org.springframework.security.web.authentication.AnonymousAuthenticationFilter@67599bae, org.springframework.security.web.session.SessionManagementFilter@b94c22d, org.springframework.security.web.access.ExceptionTranslationFilter@6903bec9, org.springframework.security.web.access.intercept.FilterSecurityInterceptor@39df2652]
2023-08-23 10:02:27,866 [main] WARN  c.n.c.sources.URLConfigurationSource               - No URLs will be polled as dynamic configuration sources.
2023-08-23 10:02:27,866 [main] INFO  c.n.c.sources.URLConfigurationSource               - To enable URLs as dynamic configuration sources, define System property archaius.configurationSource.additionalUrls or make config.properties available on classpath.
2023-08-23 10:02:28,664 [main] WARN  o.s.c.l.c.LoadBalancerCacheAutoConfiguration$LoadBalancerCaffeineWarnLogger - Spring Cloud LoadBalancer is currently working with the default cache. While this cache implementation is useful for development and tests, it's recommended to use Caffeine cache in production.You can switch to using Caffeine cache, by adding it and org.springframework.cache.caffeine.CaffeineCacheManager to the classpath.
2023-08-23 10:02:28,921 [main] INFO  o.s.c.netflix.zuul.ZuulFilterInitializer           - Starting filter initializer
2023-08-23 10:02:28,974 [main] INFO  o.s.c.netflix.eureka.InstanceInfoFactory           - Setting initial instance status as: STARTING
2023-08-23 10:02:29,112 [main] INFO  com.netflix.discovery.DiscoveryClient              - Initializing Eureka in region us-east-1
2023-08-23 10:02:29,186 [main] INFO  c.n.d.provider.DiscoveryJerseyProvider             - Using JSON encoding codec LegacyJacksonJson
2023-08-23 10:02:29,186 [main] INFO  c.n.d.provider.DiscoveryJerseyProvider             - Using JSON decoding codec LegacyJacksonJson
2023-08-23 10:02:29,467 [main] INFO  c.n.d.provider.DiscoveryJerseyProvider             - Using XML encoding codec XStreamXml
2023-08-23 10:02:29,468 [main] INFO  c.n.d.provider.DiscoveryJerseyProvider             - Using XML decoding codec XStreamXml
2023-08-23 10:02:29,774 [main] INFO  c.n.d.s.r.aws.ConfigClusterResolver                - Resolving eureka endpoints via configuration
2023-08-23 10:02:29,807 [main] INFO  com.netflix.discovery.DiscoveryClient              - Starting heartbeat executor: renew interval is: 30
2023-08-23 10:02:29,812 [main] INFO  c.n.discovery.InstanceInfoReplicator               - InstanceInfoReplicator onDemand update allowed rate per min is 4
2023-08-23 10:02:29,821 [main] INFO  com.netflix.discovery.DiscoveryClient              - Discovery Client initialized at timestamp 1692765149819 with initial instances count: 0
2023-08-23 10:02:29,839 [main] INFO  o.s.c.n.e.s.EurekaServiceRegistry                  - Registering application AUTHENTICATION-SERVICE with eureka with status UP
2023-08-23 10:02:29,842 [main] INFO  com.netflix.discovery.DiscoveryClient              - Saw local status change event StatusChangeEvent [timestamp=1692765149842, current=UP, previous=STARTING]
2023-08-23 10:02:29,846 [DiscoveryClient-InstanceInfoReplicator-0] INFO  com.netflix.discovery.DiscoveryClient              - DiscoveryClient_AUTHENTICATION-SERVICE/host.docker.internal:authentication-service:8082: registering service...
2023-08-23 10:02:29,847 [main] INFO  o.apache.coyote.http11.Http11NioProtocol           - Starting ProtocolHandler ["http-nio-8082"]
2023-08-23 10:02:29,898 [main] INFO  o.s.b.w.embedded.tomcat.TomcatWebServer            - Tomcat started on port(s): 8082 (http) with context path ''
2023-08-23 10:02:29,901 [main] INFO  o.s.c.n.e.s.EurekaAutoServiceRegistration          - Updating port to 8082
2023-08-23 10:02:30,049 [DiscoveryClient-InstanceInfoReplicator-0] INFO  com.netflix.discovery.DiscoveryClient              - DiscoveryClient_AUTHENTICATION-SERVICE/host.docker.internal:authentication-service:8082 - registration status: 204
2023-08-23 10:02:30,063 [main] INFO  c.r.h.a.AuthenticationServiceApplication           - Started AuthenticationServiceApplication in 16.146 seconds (JVM running for 17.688)
2023-08-23 10:07:29,856 [AsyncResolver-bootstrap-executor-0] INFO  c.n.d.s.r.aws.ConfigClusterResolver                - Resolving eureka endpoints via configuration
2023-08-23 10:12:29,875 [AsyncResolver-bootstrap-executor-0] INFO  c.n.d.s.r.aws.ConfigClusterResolver                - Resolving eureka endpoints via configuration
2023-08-23 10:17:29,882 [AsyncResolver-bootstrap-executor-0] INFO  c.n.d.s.r.aws.ConfigClusterResolver                - Resolving eureka endpoints via configuration
2023-08-23 10:22:29,896 [AsyncResolver-bootstrap-executor-0] INFO  c.n.d.s.r.aws.ConfigClusterResolver                - Resolving eureka endpoints via configuration
2023-08-23 10:27:29,906 [AsyncResolver-bootstrap-executor-0] INFO  c.n.d.s.r.aws.ConfigClusterResolver                - Resolving eureka endpoints via configuration
2023-08-23 10:30:30,041 [http-nio-8082-exec-2] INFO  o.a.c.c.C.[Tomcat].[localhost].[/]                 - Initializing Spring DispatcherServlet 'dispatcherServlet'
2023-08-23 10:30:30,049 [http-nio-8082-exec-2] INFO  o.s.web.servlet.DispatcherServlet                  - Initializing Servlet 'dispatcherServlet'
2023-08-23 10:30:30,049 [http-nio-8082-exec-2] INFO  o.s.web.servlet.DispatcherServlet                  - Completed initialization in 0 ms
2023-08-23 10:30:30,310 [http-nio-8082-exec-2] INFO  c.r.h.authentication.aop.LoggingAspects            - Request toResponseEntity com.rbts.hrms.authentication.controller.PublicController.authenticateUser(LoginRequest,HttpServletRequest)started atWed Aug 23 10:30:30 IST 2023
2023-08-23 10:30:30,671 [http-nio-8082-exec-2] INFO  c.r.h.a.d.s.TenantConnectionProvider               - Get connection for tenant info8
2023-08-23 10:30:30,951 [http-nio-8082-exec-2] INFO  c.r.h.authentication.aop.LoggingAspects            - Request toUserDetails com.rbts.hrms.authentication.service.UserDetailsServiceImpl.loadUserByUsername(String)ended atWed Aug 23 10:30:30 IST 2023
2023-08-23 10:30:32,202 [http-nio-8082-exec-2] INFO  c.r.h.authentication.aop.LoggingAspects            - Request toRefreshToken com.rbts.hrms.authentication.service.RefreshTokenService.createRefreshToken(Long)ended atWed Aug 23 10:30:32 IST 2023
2023-08-23 10:30:32,270 [http-nio-8082-exec-2] INFO  c.r.h.a.d.s.TenantConnectionProvider               - Release connection for tenant info8
2023-08-23 10:32:06,026 [http-nio-8082-exec-5] ERROR c.r.h.authentication.security.JwtUtils             - JWT token is expired: JWT expired at 2023-08-23T04:49:54Z. Current time: 2023-08-23T10:32:06Z, a difference of 20532026 milliseconds.  Allowed clock skew: 0 milliseconds.
2023-08-23 10:32:06,028 [http-nio-8082-exec-5] ERROR c.r.h.a.security.AuthEntryPointJwt                 - Unauthorized error: Full authentication is required to access this resource
2023-08-23 10:32:29,909 [AsyncResolver-bootstrap-executor-0] INFO  c.n.d.s.r.aws.ConfigClusterResolver                - Resolving eureka endpoints via configuration
2023-08-23 10:32:38,090 [http-nio-8082-exec-6] ERROR c.r.h.authentication.security.JwtUtils             - JWT token is expired: JWT expired at 2023-08-23T04:49:54Z. Current time: 2023-08-23T10:32:38Z, a difference of 20564089 milliseconds.  Allowed clock skew: 0 milliseconds.
2023-08-23 10:32:38,092 [http-nio-8082-exec-6] ERROR c.r.h.a.security.AuthEntryPointJwt                 - Unauthorized error: Full authentication is required to access this resource
2023-08-23 10:32:58,676 [http-nio-8082-exec-7] ERROR c.r.h.authentication.security.JwtUtils             - JWT token is expired: JWT expired at 2023-08-23T04:49:54Z. Current time: 2023-08-23T10:32:58Z, a difference of 20584676 milliseconds.  Allowed clock skew: 0 milliseconds.
2023-08-23 10:32:58,677 [http-nio-8082-exec-7] ERROR c.r.h.a.security.AuthEntryPointJwt                 - Unauthorized error: Full authentication is required to access this resource
2023-08-23 10:33:41,057 [http-nio-8082-exec-9] ERROR c.r.h.authentication.security.JwtUtils             - JWT token is expired: JWT expired at 2023-08-23T04:49:54Z. Current time: 2023-08-23T10:33:41Z, a difference of 20627056 milliseconds.  Allowed clock skew: 0 milliseconds.
2023-08-23 10:33:41,058 [http-nio-8082-exec-9] ERROR c.r.h.a.security.AuthEntryPointJwt                 - Unauthorized error: Full authentication is required to access this resource
2023-08-23 10:34:03,066 [http-nio-8082-exec-8] ERROR c.r.h.authentication.security.JwtUtils             - JWT token is expired: JWT expired at 2023-08-23T04:49:54Z. Current time: 2023-08-23T10:34:03Z, a difference of 20649065 milliseconds.  Allowed clock skew: 0 milliseconds.
2023-08-23 10:34:03,067 [http-nio-8082-exec-8] ERROR c.r.h.a.security.AuthEntryPointJwt                 - Unauthorized error: Full authentication is required to access this resource
2023-08-23 10:35:08,652 [http-nio-8082-exec-2] INFO  c.r.h.a.d.s.TenantConnectionProvider               - Get connection for tenant info8
2023-08-23 10:35:08,671 [http-nio-8082-exec-2] INFO  c.r.h.authentication.aop.LoggingAspects            - Request toUserDetails com.rbts.hrms.authentication.service.UserDetailsServiceImpl.loadUserByUsername(String)ended atWed Aug 23 10:35:08 IST 2023
2023-08-23 10:35:08,673 [http-nio-8082-exec-2] INFO  c.r.h.a.d.s.TenantConnectionProvider               - Release connection for tenant info8
2023-08-23 10:35:08,838 [http-nio-8082-exec-2] INFO  c.netflix.config.ChainedDynamicProperty            - Flipping property: candidate-service.ribbon.ActiveConnectionsLimit to use NEXT property: niws.loadbalancer.availabilityFilteringRule.activeConnectionsLimit = 2147483647
2023-08-23 10:35:08,871 [http-nio-8082-exec-2] INFO  c.netflix.loadbalancer.BaseLoadBalancer            - Client: candidate-service instantiated a LoadBalancer: DynamicServerListLoadBalancer:{NFLoadBalancer:name=candidate-service,current list of Servers=[],Load balancer stats=Zone stats: {},Server stats: []}ServerList:null
2023-08-23 10:35:08,877 [http-nio-8082-exec-2] INFO  c.n.l.DynamicServerListLoadBalancer                - Using serverListUpdater PollingServerListUpdater
2023-08-23 10:35:08,893 [http-nio-8082-exec-2] INFO  c.netflix.config.ChainedDynamicProperty            - Flipping property: candidate-service.ribbon.ActiveConnectionsLimit to use NEXT property: niws.loadbalancer.availabilityFilteringRule.activeConnectionsLimit = 2147483647
2023-08-23 10:35:08,895 [http-nio-8082-exec-2] INFO  c.n.l.DynamicServerListLoadBalancer                - DynamicServerListLoadBalancer for client candidate-service initialized: DynamicServerListLoadBalancer:{NFLoadBalancer:name=candidate-service,current list of Servers=[localhost:8081],Load balancer stats=Zone stats: {unknown=[Zone:unknown;	Instance count:1;	Active connections count: 0;	Circuit breaker tripped count: 0;	Active connections per server: 0.0;]
},Server stats: [[Server:localhost:8081;	Zone:UNKNOWN;	Total Requests:0;	Successive connection failure:0;	Total blackout seconds:0;	Last connection made:Thu Jan 01 05:30:00 IST 1970;	First connection made: Thu Jan 01 05:30:00 IST 1970;	Active Connections:0;	total failure count in last (1000) msecs:0;	average resp time:0.0;	90 percentile resp time:0.0;	95 percentile resp time:0.0;	min resp time:0.0;	max resp time:0.0;	stddev resp time:0.0]
]}ServerList:com.netflix.loadbalancer.ConfigurationBasedServerList@77c581dc
2023-08-23 10:35:09,880 [PollingServerListUpdater-0] INFO  c.netflix.config.ChainedDynamicProperty            - Flipping property: candidate-service.ribbon.ActiveConnectionsLimit to use NEXT property: niws.loadbalancer.availabilityFilteringRule.activeConnectionsLimit = 2147483647
2023-08-23 10:37:29,913 [AsyncResolver-bootstrap-executor-0] INFO  c.n.d.s.r.aws.ConfigClusterResolver                - Resolving eureka endpoints via configuration
2023-08-23 10:41:44,518 [http-nio-8082-exec-4] INFO  c.r.h.a.d.s.TenantConnectionProvider               - Get connection for tenant info8
2023-08-23 10:41:44,535 [http-nio-8082-exec-4] INFO  c.r.h.authentication.aop.LoggingAspects            - Request toUserDetails com.rbts.hrms.authentication.service.UserDetailsServiceImpl.loadUserByUsername(String)ended atWed Aug 23 10:41:44 IST 2023
2023-08-23 10:41:44,537 [http-nio-8082-exec-4] INFO  c.r.h.a.d.s.TenantConnectionProvider               - Release connection for tenant info8
2023-08-23 10:42:25,912 [http-nio-8082-exec-5] INFO  c.r.h.a.d.s.TenantConnectionProvider               - Get connection for tenant info8
2023-08-23 10:42:25,931 [http-nio-8082-exec-5] INFO  c.r.h.authentication.aop.LoggingAspects            - Request toUserDetails com.rbts.hrms.authentication.service.UserDetailsServiceImpl.loadUserByUsername(String)ended atWed Aug 23 10:42:25 IST 2023
2023-08-23 10:42:25,940 [http-nio-8082-exec-5] INFO  c.r.h.a.d.s.TenantConnectionProvider               - Release connection for tenant info8
2023-08-23 10:42:29,930 [AsyncResolver-bootstrap-executor-0] INFO  c.n.d.s.r.aws.ConfigClusterResolver                - Resolving eureka endpoints via configuration
2023-08-23 10:43:07,187 [http-nio-8082-exec-7] INFO  c.r.h.a.d.s.TenantConnectionProvider               - Get connection for tenant info8
2023-08-23 10:43:07,215 [http-nio-8082-exec-7] INFO  c.r.h.authentication.aop.LoggingAspects            - Request toUserDetails com.rbts.hrms.authentication.service.UserDetailsServiceImpl.loadUserByUsername(String)ended atWed Aug 23 10:43:07 IST 2023
2023-08-23 10:43:07,216 [http-nio-8082-exec-7] INFO  c.r.h.a.d.s.TenantConnectionProvider               - Release connection for tenant info8
2023-08-23 10:44:42,216 [http-nio-8082-exec-10] INFO  c.r.h.a.d.s.TenantConnectionProvider               - Get connection for tenant info8
2023-08-23 10:44:42,240 [http-nio-8082-exec-10] INFO  c.r.h.authentication.aop.LoggingAspects            - Request toUserDetails com.rbts.hrms.authentication.service.UserDetailsServiceImpl.loadUserByUsername(String)ended atWed Aug 23 10:44:42 IST 2023
2023-08-23 10:44:42,240 [http-nio-8082-exec-10] INFO  c.r.h.a.d.s.TenantConnectionProvider               - Release connection for tenant info8
2023-08-23 10:47:29,941 [AsyncResolver-bootstrap-executor-0] INFO  c.n.d.s.r.aws.ConfigClusterResolver                - Resolving eureka endpoints via configuration
2023-08-23 10:47:36,434 [http-nio-8082-exec-2] INFO  c.r.h.authentication.aop.LoggingAspects            - Request toList com.rbts.hrms.authentication.controller.AdminController.getAll()started atWed Aug 23 10:47:36 IST 2023
2023-08-23 10:47:36,478 [http-nio-8082-exec-2] INFO  c.r.h.a.d.s.TenantConnectionProvider               - Get connection for tenant info8
2023-08-23 10:47:36,487 [http-nio-8082-exec-2] INFO  c.r.h.authentication.aop.LoggingAspects            - Request toList com.rbts.hrms.authentication.service.SignupService.get()ended atWed Aug 23 10:47:36 IST 2023
2023-08-23 10:47:36,496 [http-nio-8082-exec-2] INFO  c.r.h.a.d.s.TenantConnectionProvider               - Release connection for tenant info8
2023-08-23 10:47:53,529 [http-nio-8082-exec-4] INFO  c.r.h.authentication.aop.LoggingAspects            - Request toList com.rbts.hrms.authentication.controller.AdminController.getAllUser()started atWed Aug 23 10:47:53 IST 2023
2023-08-23 10:47:53,537 [http-nio-8082-exec-4] INFO  c.r.h.a.d.s.TenantConnectionProvider               - Get connection for tenant info8
2023-08-23 10:47:53,545 [http-nio-8082-exec-4] INFO  c.r.h.authentication.aop.LoggingAspects            - Request toList com.rbts.hrms.authentication.service.SignupService.getUser()ended atWed Aug 23 10:47:53 IST 2023
2023-08-23 10:47:53,545 [http-nio-8082-exec-4] INFO  c.r.h.a.d.s.TenantConnectionProvider               - Release connection for tenant info8
2023-08-23 10:52:29,978 [AsyncResolver-bootstrap-executor-0] INFO  c.n.d.s.r.aws.ConfigClusterResolver                - Resolving eureka endpoints via configuration
2023-08-23 10:53:27,158 [http-nio-8082-exec-7] INFO  c.r.h.a.d.s.TenantConnectionProvider               - Get connection for tenant info8
2023-08-23 10:53:27,175 [http-nio-8082-exec-7] INFO  c.r.h.authentication.aop.LoggingAspects            - Request toUserDetails com.rbts.hrms.authentication.service.UserDetailsServiceImpl.loadUserByUsername(String)ended atWed Aug 23 10:53:27 IST 2023
2023-08-23 10:53:27,177 [http-nio-8082-exec-7] INFO  c.r.h.a.d.s.TenantConnectionProvider               - Release connection for tenant info8
2023-08-23 10:57:29,984 [AsyncResolver-bootstrap-executor-0] INFO  c.n.d.s.r.aws.ConfigClusterResolver                - Resolving eureka endpoints via configuration
2023-08-23 10:57:46,011 [http-nio-8082-exec-8] INFO  c.r.h.a.d.s.TenantConnectionProvider               - Get connection for tenant info8
2023-08-23 10:57:46,036 [http-nio-8082-exec-8] INFO  c.r.h.authentication.aop.LoggingAspects            - Request toUserDetails com.rbts.hrms.authentication.service.UserDetailsServiceImpl.loadUserByUsername(String)ended atWed Aug 23 10:57:46 IST 2023
2023-08-23 10:57:46,036 [http-nio-8082-exec-8] INFO  c.r.h.a.d.s.TenantConnectionProvider               - Release connection for tenant info8
2023-08-23 11:02:29,992 [AsyncResolver-bootstrap-executor-0] INFO  c.n.d.s.r.aws.ConfigClusterResolver                - Resolving eureka endpoints via configuration
2023-08-23 11:07:30,008 [AsyncResolver-bootstrap-executor-0] INFO  c.n.d.s.r.aws.ConfigClusterResolver                - Resolving eureka endpoints via configuration
2023-08-23 11:12:30,014 [AsyncResolver-bootstrap-executor-0] INFO  c.n.d.s.r.aws.ConfigClusterResolver                - Resolving eureka endpoints via configuration
2023-08-23 11:17:30,018 [AsyncResolver-bootstrap-executor-0] INFO  c.n.d.s.r.aws.ConfigClusterResolver                - Resolving eureka endpoints via configuration
2023-08-23 11:22:30,022 [AsyncResolver-bootstrap-executor-0] INFO  c.n.d.s.r.aws.ConfigClusterResolver                - Resolving eureka endpoints via configuration
2023-08-23 11:27:30,025 [AsyncResolver-bootstrap-executor-0] INFO  c.n.d.s.r.aws.ConfigClusterResolver                - Resolving eureka endpoints via configuration
2023-08-23 11:32:30,043 [AsyncResolver-bootstrap-executor-0] INFO  c.n.d.s.r.aws.ConfigClusterResolver                - Resolving eureka endpoints via configuration
2023-08-23 12:16:04,175 [MyHikariPool housekeeper] WARN  com.zaxxer.hikari.pool.HikariPool                  - MyHikariPool - Thread starvation or clock leap detected (housekeeper delta=40m41s154ms580s400ns).
2023-08-23 12:17:41,212 [AsyncResolver-bootstrap-executor-0] INFO  c.n.d.s.r.aws.ConfigClusterResolver                - Resolving eureka endpoints via configuration
2023-08-23 12:18:39,615 [http-nio-8082-exec-1] ERROR c.r.h.a.security.AuthEntryPointJwt                 - Unauthorized error: Full authentication is required to access this resource
2023-08-23 12:22:41,229 [AsyncResolver-bootstrap-executor-0] INFO  c.n.d.s.r.aws.ConfigClusterResolver                - Resolving eureka endpoints via configuration
2023-08-23 12:22:43,917 [http-nio-8082-exec-4] INFO  c.r.h.a.d.s.TenantConnectionProvider               - Get connection for tenant info8
2023-08-23 12:22:43,928 [http-nio-8082-exec-4] INFO  c.r.h.authentication.aop.LoggingAspects            - Request toUserDetails com.rbts.hrms.authentication.service.UserDetailsServiceImpl.loadUserByUsername(String)ended atWed Aug 23 12:22:43 IST 2023
2023-08-23 12:22:43,930 [http-nio-8082-exec-4] INFO  c.r.h.a.d.s.TenantConnectionProvider               - Release connection for tenant info8
2023-08-23 12:27:25,999 [http-nio-8082-exec-6] INFO  c.r.h.a.d.s.TenantConnectionProvider               - Get connection for tenant info8
2023-08-23 12:27:26,015 [http-nio-8082-exec-6] INFO  c.r.h.authentication.aop.LoggingAspects            - Request toUserDetails com.rbts.hrms.authentication.service.UserDetailsServiceImpl.loadUserByUsername(String)ended atWed Aug 23 12:27:26 IST 2023
2023-08-23 12:27:26,017 [http-nio-8082-exec-6] INFO  c.r.h.a.d.s.TenantConnectionProvider               - Release connection for tenant info8
2023-08-23 12:27:41,240 [AsyncResolver-bootstrap-executor-0] INFO  c.n.d.s.r.aws.ConfigClusterResolver                - Resolving eureka endpoints via configuration
2023-08-23 12:32:41,251 [AsyncResolver-bootstrap-executor-0] INFO  c.n.d.s.r.aws.ConfigClusterResolver                - Resolving eureka endpoints via configuration
2023-08-23 12:34:19,567 [http-nio-8082-exec-10] INFO  c.r.h.a.d.s.TenantConnectionProvider               - Get connection for tenant info8
2023-08-23 12:34:19,576 [http-nio-8082-exec-10] INFO  c.r.h.authentication.aop.LoggingAspects            - Request toUserDetails com.rbts.hrms.authentication.service.UserDetailsServiceImpl.loadUserByUsername(String)ended atWed Aug 23 12:34:19 IST 2023
2023-08-23 12:34:19,577 [http-nio-8082-exec-10] INFO  c.r.h.a.d.s.TenantConnectionProvider               - Release connection for tenant info8
2023-08-23 12:34:39,110 [http-nio-8082-exec-1] INFO  c.r.h.a.d.s.TenantConnectionProvider               - Get connection for tenant info8
2023-08-23 12:34:39,120 [http-nio-8082-exec-1] INFO  c.r.h.authentication.aop.LoggingAspects            - Request toUserDetails com.rbts.hrms.authentication.service.UserDetailsServiceImpl.loadUserByUsername(String)ended atWed Aug 23 12:34:39 IST 2023
2023-08-23 12:34:39,122 [http-nio-8082-exec-1] INFO  c.r.h.a.d.s.TenantConnectionProvider               - Release connection for tenant info8
2023-08-23 12:35:08,934 [http-nio-8082-exec-5] INFO  c.r.h.a.d.s.TenantConnectionProvider               - Get connection for tenant info8
2023-08-23 12:35:08,942 [http-nio-8082-exec-5] INFO  c.r.h.authentication.aop.LoggingAspects            - Request toUserDetails com.rbts.hrms.authentication.service.UserDetailsServiceImpl.loadUserByUsername(String)ended atWed Aug 23 12:35:08 IST 2023
2023-08-23 12:35:08,944 [http-nio-8082-exec-5] INFO  c.r.h.a.d.s.TenantConnectionProvider               - Release connection for tenant info8
2023-08-23 12:35:30,529 [http-nio-8082-exec-4] INFO  c.r.h.a.d.s.TenantConnectionProvider               - Get connection for tenant info8
2023-08-23 12:35:30,537 [http-nio-8082-exec-4] INFO  c.r.h.authentication.aop.LoggingAspects            - Request toUserDetails com.rbts.hrms.authentication.service.UserDetailsServiceImpl.loadUserByUsername(String)ended atWed Aug 23 12:35:30 IST 2023
2023-08-23 12:35:30,538 [http-nio-8082-exec-4] INFO  c.r.h.a.d.s.TenantConnectionProvider               - Release connection for tenant info8
2023-08-23 12:37:41,259 [AsyncResolver-bootstrap-executor-0] INFO  c.n.d.s.r.aws.ConfigClusterResolver                - Resolving eureka endpoints via configuration
2023-08-23 12:38:59,678 [http-nio-8082-exec-9] INFO  c.r.h.a.d.s.TenantConnectionProvider               - Get connection for tenant info8
2023-08-23 12:38:59,688 [http-nio-8082-exec-9] INFO  c.r.h.authentication.aop.LoggingAspects            - Request toUserDetails com.rbts.hrms.authentication.service.UserDetailsServiceImpl.loadUserByUsername(String)ended atWed Aug 23 12:38:59 IST 2023
2023-08-23 12:38:59,689 [http-nio-8082-exec-9] INFO  c.r.h.a.d.s.TenantConnectionProvider               - Release connection for tenant info8
2023-08-23 12:39:20,476 [http-nio-8082-exec-8] INFO  c.r.h.a.d.s.TenantConnectionProvider               - Get connection for tenant info8
2023-08-23 12:39:20,482 [http-nio-8082-exec-8] INFO  c.r.h.authentication.aop.LoggingAspects            - Request toUserDetails com.rbts.hrms.authentication.service.UserDetailsServiceImpl.loadUserByUsername(String)ended atWed Aug 23 12:39:20 IST 2023
2023-08-23 12:39:20,483 [http-nio-8082-exec-8] INFO  c.r.h.a.d.s.TenantConnectionProvider               - Release connection for tenant info8
2023-08-23 12:39:53,705 [http-nio-8082-exec-3] INFO  c.r.h.authentication.aop.LoggingAspects            - Request toList com.rbts.hrms.authentication.controller.AdminController.getAllUser()started atWed Aug 23 12:39:53 IST 2023
2023-08-23 12:39:53,706 [http-nio-8082-exec-3] INFO  c.r.h.a.d.s.TenantConnectionProvider               - Get connection for tenant info8
2023-08-23 12:39:53,710 [http-nio-8082-exec-3] INFO  c.r.h.authentication.aop.LoggingAspects            - Request toList com.rbts.hrms.authentication.service.SignupService.getUser()ended atWed Aug 23 12:39:53 IST 2023
2023-08-23 12:39:53,711 [http-nio-8082-exec-3] INFO  c.r.h.a.d.s.TenantConnectionProvider               - Release connection for tenant info8
2023-08-23 12:40:53,812 [http-nio-8082-exec-1] INFO  c.r.h.a.d.s.TenantConnectionProvider               - Get connection for tenant info8
2023-08-23 12:40:53,820 [http-nio-8082-exec-1] INFO  c.r.h.authentication.aop.LoggingAspects            - Request toUserDetails com.rbts.hrms.authentication.service.UserDetailsServiceImpl.loadUserByUsername(String)ended atWed Aug 23 12:40:53 IST 2023
2023-08-23 12:40:53,821 [http-nio-8082-exec-1] INFO  c.r.h.a.d.s.TenantConnectionProvider               - Release connection for tenant info8
2023-08-23 12:42:41,273 [AsyncResolver-bootstrap-executor-0] INFO  c.n.d.s.r.aws.ConfigClusterResolver                - Resolving eureka endpoints via configuration
2023-08-23 12:42:46,538 [http-nio-8082-exec-5] INFO  c.r.h.a.d.s.TenantConnectionProvider               - Get connection for tenant info8
2023-08-23 12:42:46,546 [http-nio-8082-exec-5] INFO  c.r.h.authentication.aop.LoggingAspects            - Request toUserDetails com.rbts.hrms.authentication.service.UserDetailsServiceImpl.loadUserByUsername(String)ended atWed Aug 23 12:42:46 IST 2023
2023-08-23 12:42:46,547 [http-nio-8082-exec-5] INFO  c.r.h.a.d.s.TenantConnectionProvider               - Release connection for tenant info8
2023-08-23 12:42:46,674 [http-nio-8082-exec-4] INFO  c.r.h.authentication.aop.LoggingAspects            - Request toUsers com.rbts.hrms.authentication.controller.AdminController.getById(Long)started atWed Aug 23 12:42:46 IST 2023
2023-08-23 12:42:46,677 [http-nio-8082-exec-4] INFO  c.r.h.a.d.s.TenantConnectionProvider               - Get connection for tenant info8
2023-08-23 12:42:46,680 [http-nio-8082-exec-4] INFO  c.r.h.authentication.aop.LoggingAspects            - Request toUsers com.rbts.hrms.authentication.service.SignupService.getById(Long)ended atWed Aug 23 12:42:46 IST 2023
2023-08-23 12:42:46,691 [http-nio-8082-exec-4] INFO  c.r.h.a.d.s.TenantConnectionProvider               - Release connection for tenant info8
2023-08-23 12:43:28,536 [http-nio-8082-exec-7] INFO  c.r.h.a.d.s.TenantConnectionProvider               - Get connection for tenant info8
2023-08-23 12:43:28,544 [http-nio-8082-exec-7] INFO  c.r.h.authentication.aop.LoggingAspects            - Request toUserDetails com.rbts.hrms.authentication.service.UserDetailsServiceImpl.loadUserByUsername(String)ended atWed Aug 23 12:43:28 IST 2023
2023-08-23 12:43:28,545 [http-nio-8082-exec-7] INFO  c.r.h.a.d.s.TenantConnectionProvider               - Release connection for tenant info8
2023-08-23 12:43:49,020 [http-nio-8082-exec-8] INFO  c.r.h.a.d.s.TenantConnectionProvider               - Get connection for tenant info8
2023-08-23 12:43:49,029 [http-nio-8082-exec-8] INFO  c.r.h.authentication.aop.LoggingAspects            - Request toUserDetails com.rbts.hrms.authentication.service.UserDetailsServiceImpl.loadUserByUsername(String)ended atWed Aug 23 12:43:49 IST 2023
2023-08-23 12:43:49,031 [http-nio-8082-exec-8] INFO  c.r.h.a.d.s.TenantConnectionProvider               - Release connection for tenant info8
2023-08-23 12:44:26,094 [http-nio-8082-exec-3] INFO  c.r.h.a.d.s.TenantConnectionProvider               - Get connection for tenant info8
2023-08-23 12:44:26,102 [http-nio-8082-exec-3] INFO  c.r.h.authentication.aop.LoggingAspects            - Request toUserDetails com.rbts.hrms.authentication.service.UserDetailsServiceImpl.loadUserByUsername(String)ended atWed Aug 23 12:44:26 IST 2023
2023-08-23 12:44:26,103 [http-nio-8082-exec-3] INFO  c.r.h.a.d.s.TenantConnectionProvider               - Release connection for tenant info8
2023-08-23 12:47:12,650 [http-nio-8082-exec-2] ERROR c.r.h.a.security.AuthEntryPointJwt                 - Unauthorized error: Full authentication is required to access this resource
2023-08-23 12:47:41,278 [AsyncResolver-bootstrap-executor-0] INFO  c.n.d.s.r.aws.ConfigClusterResolver                - Resolving eureka endpoints via configuration
2023-08-23 12:49:50,723 [http-nio-8082-exec-7] ERROR c.r.h.a.security.AuthEntryPointJwt                 - Unauthorized error: Full authentication is required to access this resource
2023-08-23 12:50:45,671 [http-nio-8082-exec-6] INFO  c.r.h.authentication.aop.LoggingAspects            - Request toResponseEntity com.rbts.hrms.authentication.controller.PublicController.authenticateUser(LoginRequest,HttpServletRequest)started atWed Aug 23 12:50:45 IST 2023
2023-08-23 12:50:45,672 [http-nio-8082-exec-6] INFO  c.r.h.a.d.s.TenantConnectionProvider               - Get connection for tenant info8
2023-08-23 12:50:45,684 [http-nio-8082-exec-6] INFO  c.r.h.authentication.aop.LoggingAspects            - Request toUserDetails com.rbts.hrms.authentication.service.UserDetailsServiceImpl.loadUserByUsername(String)ended atWed Aug 23 12:50:45 IST 2023
2023-08-23 12:50:45,824 [http-nio-8082-exec-6] INFO  c.r.h.authentication.aop.LoggingAspects            - Request toRefreshToken com.rbts.hrms.authentication.service.RefreshTokenService.createRefreshToken(Long)ended atWed Aug 23 12:50:45 IST 2023
2023-08-23 12:50:45,830 [http-nio-8082-exec-6] INFO  c.r.h.a.d.s.TenantConnectionProvider               - Release connection for tenant info8
2023-08-23 12:51:47,726 [http-nio-8082-exec-10] INFO  c.r.h.a.d.s.TenantConnectionProvider               - Get connection for tenant info8
2023-08-23 12:51:47,737 [http-nio-8082-exec-10] INFO  c.r.h.authentication.aop.LoggingAspects            - Request toUserDetails com.rbts.hrms.authentication.service.UserDetailsServiceImpl.loadUserByUsername(String)ended atWed Aug 23 12:51:47 IST 2023
2023-08-23 12:51:47,738 [http-nio-8082-exec-10] INFO  c.r.h.a.d.s.TenantConnectionProvider               - Release connection for tenant info8
2023-08-23 12:52:41,287 [AsyncResolver-bootstrap-executor-0] INFO  c.n.d.s.r.aws.ConfigClusterResolver                - Resolving eureka endpoints via configuration
2023-08-23 12:57:41,292 [AsyncResolver-bootstrap-executor-0] INFO  c.n.d.s.r.aws.ConfigClusterResolver                - Resolving eureka endpoints via configuration
2023-08-23 13:02:41,297 [AsyncResolver-bootstrap-executor-0] INFO  c.n.d.s.r.aws.ConfigClusterResolver                - Resolving eureka endpoints via configuration
2023-08-23 14:07:50,227 [MyHikariPool housekeeper] WARN  com.zaxxer.hikari.pool.HikariPool                  - MyHikariPool - Thread starvation or clock leap detected (housekeeper delta=1h3m45s257ms41s).
2023-08-23 14:09:51,166 [http-nio-8082-exec-1] ERROR c.r.h.a.security.AuthEntryPointJwt                 - Unauthorized error: Full authentication is required to access this resource
2023-08-23 14:10:01,619 [http-nio-8082-exec-2] INFO  c.r.h.authentication.aop.LoggingAspects            - Request toResponseEntity com.rbts.hrms.authentication.controller.PublicController.authenticateUser(LoginRequest,HttpServletRequest)started atWed Aug 23 14:10:01 IST 2023
2023-08-23 14:10:01,620 [http-nio-8082-exec-2] INFO  c.r.h.a.d.s.TenantConnectionProvider               - Get connection for tenant info8
2023-08-23 14:10:01,629 [http-nio-8082-exec-2] INFO  c.r.h.authentication.aop.LoggingAspects            - Request toUserDetails com.rbts.hrms.authentication.service.UserDetailsServiceImpl.loadUserByUsername(String)ended atWed Aug 23 14:10:01 IST 2023
2023-08-23 14:10:01,791 [http-nio-8082-exec-2] INFO  c.r.h.authentication.aop.LoggingAspects            - Request toRefreshToken com.rbts.hrms.authentication.service.RefreshTokenService.createRefreshToken(Long)ended atWed Aug 23 14:10:01 IST 2023
2023-08-23 14:10:01,801 [http-nio-8082-exec-2] INFO  c.r.h.a.d.s.TenantConnectionProvider               - Release connection for tenant info8
2023-08-23 14:10:43,843 [http-nio-8082-exec-4] INFO  c.r.h.a.d.s.TenantConnectionProvider               - Get connection for tenant info8
2023-08-23 14:10:43,854 [http-nio-8082-exec-4] INFO  c.r.h.authentication.aop.LoggingAspects            - Request toUserDetails com.rbts.hrms.authentication.service.UserDetailsServiceImpl.loadUserByUsername(String)ended atWed Aug 23 14:10:43 IST 2023
2023-08-23 14:10:43,856 [http-nio-8082-exec-4] INFO  c.r.h.a.d.s.TenantConnectionProvider               - Release connection for tenant info8
2023-08-23 14:10:56,556 [AsyncResolver-bootstrap-executor-0] INFO  c.n.d.s.r.aws.ConfigClusterResolver                - Resolving eureka endpoints via configuration
2023-08-23 14:11:00,957 [http-nio-8082-exec-5] ERROR c.r.h.a.security.AuthEntryPointJwt                 - Unauthorized error: Full authentication is required to access this resource
2023-08-23 14:15:56,567 [AsyncResolver-bootstrap-executor-0] INFO  c.n.d.s.r.aws.ConfigClusterResolver                - Resolving eureka endpoints via configuration
2023-08-23 14:20:12,164 [http-nio-8082-exec-9] INFO  c.r.h.a.d.s.TenantConnectionProvider               - Get connection for tenant info8
2023-08-23 14:20:12,172 [http-nio-8082-exec-9] INFO  c.r.h.authentication.aop.LoggingAspects            - Request toUserDetails com.rbts.hrms.authentication.service.UserDetailsServiceImpl.loadUserByUsername(String)ended atWed Aug 23 14:20:12 IST 2023
2023-08-23 14:20:12,174 [http-nio-8082-exec-9] INFO  c.r.h.a.d.s.TenantConnectionProvider               - Release connection for tenant info8
2023-08-23 14:20:31,169 [http-nio-8082-exec-10] INFO  c.r.h.a.d.s.TenantConnectionProvider               - Get connection for tenant info8
2023-08-23 14:20:31,179 [http-nio-8082-exec-10] INFO  c.r.h.authentication.aop.LoggingAspects            - Request toUserDetails com.rbts.hrms.authentication.service.UserDetailsServiceImpl.loadUserByUsername(String)ended atWed Aug 23 14:20:31 IST 2023
2023-08-23 14:20:31,181 [http-nio-8082-exec-10] INFO  c.r.h.a.d.s.TenantConnectionProvider               - Release connection for tenant info8
2023-08-23 14:20:31,220 [http-nio-8082-exec-3] INFO  c.r.h.authentication.aop.LoggingAspects            - Request toUsers com.rbts.hrms.authentication.controller.AdminController.getById(Long)started atWed Aug 23 14:20:31 IST 2023
2023-08-23 14:20:31,222 [http-nio-8082-exec-3] INFO  c.r.h.a.d.s.TenantConnectionProvider               - Get connection for tenant info8
2023-08-23 14:20:31,227 [http-nio-8082-exec-3] INFO  c.r.h.authentication.aop.LoggingAspects            - Request toUsers com.rbts.hrms.authentication.service.SignupService.getById(Long)ended atWed Aug 23 14:20:31 IST 2023
2023-08-23 14:20:31,230 [http-nio-8082-exec-3] INFO  c.r.h.a.d.s.TenantConnectionProvider               - Release connection for tenant info8
2023-08-23 14:20:56,576 [AsyncResolver-bootstrap-executor-0] INFO  c.n.d.s.r.aws.ConfigClusterResolver                - Resolving eureka endpoints via configuration
2023-08-23 14:23:23,707 [http-nio-8082-exec-4] ERROR c.r.h.a.security.AuthEntryPointJwt                 - Unauthorized error: Full authentication is required to access this resource
2023-08-23 14:25:48,681 [http-nio-8082-exec-6] INFO  c.r.h.a.d.s.TenantConnectionProvider               - Get connection for tenant info8
2023-08-23 14:25:48,693 [http-nio-8082-exec-6] INFO  c.r.h.authentication.aop.LoggingAspects            - Request toUserDetails com.rbts.hrms.authentication.service.UserDetailsServiceImpl.loadUserByUsername(String)ended atWed Aug 23 14:25:48 IST 2023
2023-08-23 14:25:48,696 [http-nio-8082-exec-6] INFO  c.r.h.a.d.s.TenantConnectionProvider               - Release connection for tenant info8
2023-08-23 14:25:56,584 [AsyncResolver-bootstrap-executor-0] INFO  c.n.d.s.r.aws.ConfigClusterResolver                - Resolving eureka endpoints via configuration
2023-08-23 14:26:57,053 [http-nio-8082-exec-3] INFO  c.r.h.a.d.s.TenantConnectionProvider               - Get connection for tenant info8
2023-08-23 14:26:57,061 [http-nio-8082-exec-3] INFO  c.r.h.authentication.aop.LoggingAspects            - Request toUserDetails com.rbts.hrms.authentication.service.UserDetailsServiceImpl.loadUserByUsername(String)ended atWed Aug 23 14:26:57 IST 2023
2023-08-23 14:26:57,062 [http-nio-8082-exec-3] INFO  c.r.h.a.d.s.TenantConnectionProvider               - Release connection for tenant info8
2023-08-23 14:27:03,475 [http-nio-8082-exec-10] INFO  c.r.h.a.d.s.TenantConnectionProvider               - Get connection for tenant info8
2023-08-23 14:27:03,485 [http-nio-8082-exec-10] INFO  c.r.h.authentication.aop.LoggingAspects            - Request toUserDetails com.rbts.hrms.authentication.service.UserDetailsServiceImpl.loadUserByUsername(String)ended atWed Aug 23 14:27:03 IST 2023
2023-08-23 14:27:03,486 [http-nio-8082-exec-10] INFO  c.r.h.a.d.s.TenantConnectionProvider               - Release connection for tenant info8
2023-08-23 14:27:23,381 [http-nio-8082-exec-1] INFO  c.r.h.a.d.s.TenantConnectionProvider               - Get connection for tenant info8
2023-08-23 14:27:23,391 [http-nio-8082-exec-1] INFO  c.r.h.authentication.aop.LoggingAspects            - Request toUserDetails com.rbts.hrms.authentication.service.UserDetailsServiceImpl.loadUserByUsername(String)ended atWed Aug 23 14:27:23 IST 2023
2023-08-23 14:27:23,392 [http-nio-8082-exec-1] INFO  c.r.h.a.d.s.TenantConnectionProvider               - Release connection for tenant info8
2023-08-23 14:27:47,861 [http-nio-8082-exec-2] INFO  c.r.h.a.d.s.TenantConnectionProvider               - Get connection for tenant info8
2023-08-23 14:27:47,872 [http-nio-8082-exec-2] INFO  c.r.h.authentication.aop.LoggingAspects            - Request toUserDetails com.rbts.hrms.authentication.service.UserDetailsServiceImpl.loadUserByUsername(String)ended atWed Aug 23 14:27:47 IST 2023
2023-08-23 14:27:47,873 [http-nio-8082-exec-2] INFO  c.r.h.a.d.s.TenantConnectionProvider               - Release connection for tenant info8
2023-08-23 14:30:56,597 [AsyncResolver-bootstrap-executor-0] INFO  c.n.d.s.r.aws.ConfigClusterResolver                - Resolving eureka endpoints via configuration
2023-08-23 14:35:56,607 [AsyncResolver-bootstrap-executor-0] INFO  c.n.d.s.r.aws.ConfigClusterResolver                - Resolving eureka endpoints via configuration
2023-08-23 14:38:28,198 [http-nio-8082-exec-7] INFO  c.r.h.a.d.s.TenantConnectionProvider               - Get connection for tenant info8
2023-08-23 14:38:28,208 [http-nio-8082-exec-7] INFO  c.r.h.authentication.aop.LoggingAspects            - Request toUserDetails com.rbts.hrms.authentication.service.UserDetailsServiceImpl.loadUserByUsername(String)ended atWed Aug 23 14:38:28 IST 2023
2023-08-23 14:38:28,210 [http-nio-8082-exec-7] INFO  c.r.h.a.d.s.TenantConnectionProvider               - Release connection for tenant info8
2023-08-23 14:40:56,624 [AsyncResolver-bootstrap-executor-0] INFO  c.n.d.s.r.aws.ConfigClusterResolver                - Resolving eureka endpoints via configuration
2023-08-23 14:45:56,636 [AsyncResolver-bootstrap-executor-0] INFO  c.n.d.s.r.aws.ConfigClusterResolver                - Resolving eureka endpoints via configuration
2023-08-23 14:50:56,646 [AsyncResolver-bootstrap-executor-0] INFO  c.n.d.s.r.aws.ConfigClusterResolver                - Resolving eureka endpoints via configuration
2023-08-23 14:55:56,650 [AsyncResolver-bootstrap-executor-0] INFO  c.n.d.s.r.aws.ConfigClusterResolver                - Resolving eureka endpoints via configuration
2023-08-23 15:00:56,664 [AsyncResolver-bootstrap-executor-0] INFO  c.n.d.s.r.aws.ConfigClusterResolver                - Resolving eureka endpoints via configuration
2023-08-23 15:05:56,673 [AsyncResolver-bootstrap-executor-0] INFO  c.n.d.s.r.aws.ConfigClusterResolver                - Resolving eureka endpoints via configuration
2023-08-23 15:10:56,688 [AsyncResolver-bootstrap-executor-0] INFO  c.n.d.s.r.aws.ConfigClusterResolver                - Resolving eureka endpoints via configuration
2023-08-23 15:15:56,714 [AsyncResolver-bootstrap-executor-0] INFO  c.n.d.s.r.aws.ConfigClusterResolver                - Resolving eureka endpoints via configuration
2023-08-23 15:20:56,721 [AsyncResolver-bootstrap-executor-0] INFO  c.n.d.s.r.aws.ConfigClusterResolver                - Resolving eureka endpoints via configuration
2023-08-23 15:25:56,731 [AsyncResolver-bootstrap-executor-0] INFO  c.n.d.s.r.aws.ConfigClusterResolver                - Resolving eureka endpoints via configuration
2023-08-23 15:30:56,741 [AsyncResolver-bootstrap-executor-0] INFO  c.n.d.s.r.aws.ConfigClusterResolver                - Resolving eureka endpoints via configuration
2023-08-23 15:35:56,751 [AsyncResolver-bootstrap-executor-0] INFO  c.n.d.s.r.aws.ConfigClusterResolver                - Resolving eureka endpoints via configuration
2023-08-23 15:40:56,755 [AsyncResolver-bootstrap-executor-0] INFO  c.n.d.s.r.aws.ConfigClusterResolver                - Resolving eureka endpoints via configuration
2023-08-23 15:45:56,763 [AsyncResolver-bootstrap-executor-0] INFO  c.n.d.s.r.aws.ConfigClusterResolver                - Resolving eureka endpoints via configuration
2023-08-23 15:50:56,777 [AsyncResolver-bootstrap-executor-0] INFO  c.n.d.s.r.aws.ConfigClusterResolver                - Resolving eureka endpoints via configuration
2023-08-23 15:55:56,781 [AsyncResolver-bootstrap-executor-0] INFO  c.n.d.s.r.aws.ConfigClusterResolver                - Resolving eureka endpoints via configuration
2023-08-23 16:00:56,784 [AsyncResolver-bootstrap-executor-0] INFO  c.n.d.s.r.aws.ConfigClusterResolver                - Resolving eureka endpoints via configuration
2023-08-23 16:05:56,801 [AsyncResolver-bootstrap-executor-0] INFO  c.n.d.s.r.aws.ConfigClusterResolver                - Resolving eureka endpoints via configuration
2023-08-23 16:10:56,817 [AsyncResolver-bootstrap-executor-0] INFO  c.n.d.s.r.aws.ConfigClusterResolver                - Resolving eureka endpoints via configuration
2023-08-23 16:15:56,827 [AsyncResolver-bootstrap-executor-0] INFO  c.n.d.s.r.aws.ConfigClusterResolver                - Resolving eureka endpoints via configuration
2023-08-23 16:20:56,837 [AsyncResolver-bootstrap-executor-0] INFO  c.n.d.s.r.aws.ConfigClusterResolver                - Resolving eureka endpoints via configuration
2023-08-23 16:25:56,845 [AsyncResolver-bootstrap-executor-0] INFO  c.n.d.s.r.aws.ConfigClusterResolver                - Resolving eureka endpoints via configuration
2023-08-23 16:30:56,848 [AsyncResolver-bootstrap-executor-0] INFO  c.n.d.s.r.aws.ConfigClusterResolver                - Resolving eureka endpoints via configuration
2023-08-23 16:35:56,860 [AsyncResolver-bootstrap-executor-0] INFO  c.n.d.s.r.aws.ConfigClusterResolver                - Resolving eureka endpoints via configuration
2023-08-23 16:40:56,867 [AsyncResolver-bootstrap-executor-0] INFO  c.n.d.s.r.aws.ConfigClusterResolver                - Resolving eureka endpoints via configuration
2023-08-23 16:45:56,872 [AsyncResolver-bootstrap-executor-0] INFO  c.n.d.s.r.aws.ConfigClusterResolver                - Resolving eureka endpoints via configuration
2023-08-23 16:50:56,880 [AsyncResolver-bootstrap-executor-0] INFO  c.n.d.s.r.aws.ConfigClusterResolver                - Resolving eureka endpoints via configuration
2023-08-23 16:55:56,890 [AsyncResolver-bootstrap-executor-0] INFO  c.n.d.s.r.aws.ConfigClusterResolver                - Resolving eureka endpoints via configuration
2023-08-23 17:00:56,892 [AsyncResolver-bootstrap-executor-0] INFO  c.n.d.s.r.aws.ConfigClusterResolver                - Resolving eureka endpoints via configuration
2023-08-23 17:05:56,894 [AsyncResolver-bootstrap-executor-0] INFO  c.n.d.s.r.aws.ConfigClusterResolver                - Resolving eureka endpoints via configuration
