2023-08-01 09:30:06,673 [background-preinit] INFO  o.h.validator.internal.util.Version                - HV000001: Hibernate Validator 6.2.5.Final
2023-08-01 09:30:06,725 [restartedMain] INFO  c.r.h.multitenant.MultitenantApplication           - Starting MultitenantApplication using Java 17 on LAPTOP-NKMSSN2B with PID 21772 (C:\Users\Admin\Desktop\ServerCode\hrms-application-parent\hrms-multitenant-service\target\classes started by Admin in C:\Users\Admin\Desktop\ServerCode\hrms-application-parent\hrms-multitenant-service)
2023-08-01 09:30:06,727 [restartedMain] INFO  c.r.h.multitenant.MultitenantApplication           - No active profile set, falling back to 1 default profile: "default"
2023-08-01 09:30:06,823 [restartedMain] INFO  o.s.b.d.e.DevToolsPropertyDefaultsPostProcessor    - Devtools property defaults active! Set 'spring.devtools.add-properties' to 'false' to disable
2023-08-01 09:30:06,824 [restartedMain] INFO  o.s.b.d.e.DevToolsPropertyDefaultsPostProcessor    - For additional web related logging consider setting the 'logging.level.web' property to 'DEBUG'
2023-08-01 09:30:08,142 [restartedMain] INFO  o.s.c.a.ConfigurationClassParser                   - Properties location [classpath:META-INF/build-info.properties] not resolvable: class path resource [META-INF/build-info.properties] cannot be opened because it does not exist
2023-08-01 09:30:08,600 [restartedMain] INFO  o.s.d.r.c.RepositoryConfigurationDelegate          - Bootstrapping Spring Data JPA repositories in DEFAULT mode.
2023-08-01 09:30:08,898 [restartedMain] INFO  o.s.d.r.c.RepositoryConfigurationDelegate          - Finished Spring Data repository scanning in 283 ms. Found 2 JPA repository interfaces.
2023-08-01 09:30:09,345 [restartedMain] INFO  o.s.cloud.context.scope.GenericScope               - BeanFactory id=a4100b78-c757-3517-aedc-fdebe551232f
2023-08-01 09:30:11,416 [restartedMain] INFO  o.s.b.w.embedded.tomcat.TomcatWebServer            - Tomcat initialized with port(s): 8083 (http)
2023-08-01 09:30:11,430 [restartedMain] INFO  o.apache.coyote.http11.Http11NioProtocol           - Initializing ProtocolHandler ["http-nio-8083"]
2023-08-01 09:30:11,431 [restartedMain] INFO  org.apache.catalina.core.StandardService           - Starting service [Tomcat]
2023-08-01 09:30:11,432 [restartedMain] INFO  org.apache.catalina.core.StandardEngine            - Starting Servlet engine: [Apache Tomcat/9.0.74]
2023-08-01 09:30:11,722 [restartedMain] INFO  o.a.c.c.C.[Tomcat].[localhost].[/]                 - Initializing Spring embedded WebApplicationContext
2023-08-01 09:30:11,722 [restartedMain] INFO  o.s.b.w.s.c.ServletWebServerApplicationContext     - Root WebApplicationContext: initialization completed in 4897 ms
2023-08-01 09:30:12,412 [restartedMain] INFO  o.hibernate.jpa.internal.util.LogHelper            - HHH000204: Processing PersistenceUnitInfo [name: default]
2023-08-01 09:30:12,502 [restartedMain] INFO  org.hibernate.Version                              - HHH000412: Hibernate ORM core version 5.6.4.Final
2023-08-01 09:30:12,726 [restartedMain] INFO  org.hibernate.annotations.common.Version           - HCANN000001: Hibernate Commons Annotations {5.1.2.Final}
2023-08-01 09:30:12,920 [restartedMain] INFO  com.zaxxer.hikari.HikariDataSource                 - HikariPool-1 - Starting...
2023-08-01 09:30:13,331 [restartedMain] INFO  com.zaxxer.hikari.HikariDataSource                 - HikariPool-1 - Start completed.
2023-08-01 09:30:13,456 [restartedMain] INFO  org.hibernate.dialect.Dialect                      - HHH000400: Using dialect: org.hibernate.dialect.PostgreSQLDialect
2023-08-01 09:30:16,165 [restartedMain] INFO  o.h.e.t.j.p.i.JtaPlatformInitiator                 - HHH000490: Using JtaPlatform implementation: [org.hibernate.engine.transaction.jta.platform.internal.NoJtaPlatform]
2023-08-01 09:30:16,199 [restartedMain] INFO  o.s.o.j.LocalContainerEntityManagerFactoryBean     - Initialized JPA EntityManagerFactory for persistence unit 'default'
2023-08-01 09:30:19,097 [restartedMain] WARN  o.s.b.a.o.j.JpaBaseConfiguration$JpaWebConfiguration - spring.jpa.open-in-view is enabled by default. Therefore, database queries may be performed during view rendering. Explicitly configure spring.jpa.open-in-view to disable this warning
2023-08-01 09:30:22,082 [restartedMain] WARN  o.s.b.a.t.ThymeleafAutoConfiguration$DefaultTemplateResolverConfiguration - Cannot find template location: classpath:/templates/ (please add some templates, check your Thymeleaf configuration, or set spring.thymeleaf.check-template-location=false)
2023-08-01 09:30:22,269 [restartedMain] INFO  o.s.b.d.a.OptionalLiveReloadServer                 - LiveReload server is running on port 35729
2023-08-01 09:30:22,632 [restartedMain] INFO  o.s.c.n.e.c.DiscoveryClientOptionalArgsConfiguration - Eureka HTTP Client uses RestTemplate.
2023-08-01 09:30:22,932 [restartedMain] WARN  o.s.c.l.c.LoadBalancerCacheAutoConfiguration$LoadBalancerCaffeineWarnLogger - Spring Cloud LoadBalancer is currently working with the default cache. While this cache implementation is useful for development and tests, it's recommended to use Caffeine cache in production.You can switch to using Caffeine cache, by adding it and org.springframework.cache.caffeine.CaffeineCacheManager to the classpath.
2023-08-01 09:30:23,019 [restartedMain] INFO  o.s.b.a.e.web.EndpointLinksResolver                - Exposing 1 endpoint(s) beneath base path '/actuator'
2023-08-01 09:30:23,125 [restartedMain] INFO  o.s.c.netflix.eureka.InstanceInfoFactory           - Setting initial instance status as: STARTING
2023-08-01 09:30:23,329 [restartedMain] INFO  com.netflix.discovery.DiscoveryClient              - Initializing Eureka in region us-east-1
2023-08-01 09:30:23,335 [restartedMain] INFO  c.n.d.s.r.aws.ConfigClusterResolver                - Resolving eureka endpoints via configuration
2023-08-01 09:30:23,399 [restartedMain] INFO  com.netflix.discovery.DiscoveryClient              - Disable delta property : false
2023-08-01 09:30:23,399 [restartedMain] INFO  com.netflix.discovery.DiscoveryClient              - Single vip registry refresh property : null
2023-08-01 09:30:23,399 [restartedMain] INFO  com.netflix.discovery.DiscoveryClient              - Force full registry fetch : false
2023-08-01 09:30:23,399 [restartedMain] INFO  com.netflix.discovery.DiscoveryClient              - Application is null : false
2023-08-01 09:30:23,399 [restartedMain] INFO  com.netflix.discovery.DiscoveryClient              - Registered Applications size is zero : true
2023-08-01 09:30:23,399 [restartedMain] INFO  com.netflix.discovery.DiscoveryClient              - Application version is -1: true
2023-08-01 09:30:23,399 [restartedMain] INFO  com.netflix.discovery.DiscoveryClient              - Getting all instance registry info from the eureka server
2023-08-01 09:30:24,569 [restartedMain] INFO  com.netflix.discovery.DiscoveryClient              - The response status is 200
2023-08-01 09:30:24,580 [restartedMain] INFO  com.netflix.discovery.DiscoveryClient              - Starting heartbeat executor: renew interval is: 30
2023-08-01 09:30:24,594 [restartedMain] INFO  c.n.discovery.InstanceInfoReplicator               - InstanceInfoReplicator onDemand update allowed rate per min is 4
2023-08-01 09:30:24,623 [restartedMain] INFO  com.netflix.discovery.DiscoveryClient              - Discovery Client initialized at timestamp 1690862424620 with initial instances count: 0
2023-08-01 09:30:24,637 [restartedMain] INFO  o.s.c.n.e.s.EurekaServiceRegistry                  - Registering application HRMS-MULTITENANT-SERVICE with eureka with status UP
2023-08-01 09:30:24,637 [restartedMain] INFO  com.netflix.discovery.DiscoveryClient              - Saw local status change event StatusChangeEvent [timestamp=1690862424637, current=UP, previous=STARTING]
2023-08-01 09:30:24,640 [DiscoveryClient-InstanceInfoReplicator-0] INFO  com.netflix.discovery.DiscoveryClient              - DiscoveryClient_HRMS-MULTITENANT-SERVICE/host.docker.internal:hrms-multitenant-service:8083: registering service...
2023-08-01 09:30:24,640 [restartedMain] INFO  o.apache.coyote.http11.Http11NioProtocol           - Starting ProtocolHandler ["http-nio-8083"]
2023-08-01 09:30:24,695 [restartedMain] INFO  o.s.b.w.embedded.tomcat.TomcatWebServer            - Tomcat started on port(s): 8083 (http) with context path ''
2023-08-01 09:30:24,699 [restartedMain] INFO  o.s.c.n.e.s.EurekaAutoServiceRegistration          - Updating port to 8083
2023-08-01 09:30:24,926 [DiscoveryClient-InstanceInfoReplicator-0] INFO  com.netflix.discovery.DiscoveryClient              - DiscoveryClient_HRMS-MULTITENANT-SERVICE/host.docker.internal:hrms-multitenant-service:8083 - registration status: 204
2023-08-01 09:30:25,045 [restartedMain] INFO  c.r.h.multitenant.MultitenantApplication           - Started MultitenantApplication in 19.29 seconds (JVM running for 20.946)
2023-08-01 09:30:54,597 [DiscoveryClient-CacheRefreshExecutor-0] INFO  com.netflix.discovery.DiscoveryClient              - Disable delta property : false
2023-08-01 09:30:54,597 [DiscoveryClient-CacheRefreshExecutor-0] INFO  com.netflix.discovery.DiscoveryClient              - Single vip registry refresh property : null
2023-08-01 09:30:54,597 [DiscoveryClient-CacheRefreshExecutor-0] INFO  com.netflix.discovery.DiscoveryClient              - Force full registry fetch : false
2023-08-01 09:30:54,599 [DiscoveryClient-CacheRefreshExecutor-0] INFO  com.netflix.discovery.DiscoveryClient              - Application is null : false
2023-08-01 09:30:54,599 [DiscoveryClient-CacheRefreshExecutor-0] INFO  com.netflix.discovery.DiscoveryClient              - Registered Applications size is zero : true
2023-08-01 09:30:54,599 [DiscoveryClient-CacheRefreshExecutor-0] INFO  com.netflix.discovery.DiscoveryClient              - Application version is -1: false
2023-08-01 09:30:54,599 [DiscoveryClient-CacheRefreshExecutor-0] INFO  com.netflix.discovery.DiscoveryClient              - Getting all instance registry info from the eureka server
2023-08-01 09:30:54,620 [DiscoveryClient-CacheRefreshExecutor-0] INFO  com.netflix.discovery.DiscoveryClient              - The response status is 200
2023-08-01 09:35:23,419 [AsyncResolver-bootstrap-executor-0] INFO  c.n.d.s.r.aws.ConfigClusterResolver                - Resolving eureka endpoints via configuration
2023-08-01 10:53:54,679 [HikariPool-1 housekeeper] WARN  com.zaxxer.hikari.pool.HikariPool                  - HikariPool-1 - Thread starvation or clock leap detected (housekeeper delta=1h17m11s127ms607µs800ns).
2023-08-01 10:57:04,556 [AsyncResolver-bootstrap-executor-0] INFO  c.n.d.s.r.aws.ConfigClusterResolver                - Resolving eureka endpoints via configuration
2023-08-01 11:02:04,570 [AsyncResolver-bootstrap-executor-0] INFO  c.n.d.s.r.aws.ConfigClusterResolver                - Resolving eureka endpoints via configuration
2023-08-01 11:07:04,575 [AsyncResolver-bootstrap-executor-0] INFO  c.n.d.s.r.aws.ConfigClusterResolver                - Resolving eureka endpoints via configuration
2023-08-01 11:12:04,582 [AsyncResolver-bootstrap-executor-0] INFO  c.n.d.s.r.aws.ConfigClusterResolver                - Resolving eureka endpoints via configuration
2023-08-01 11:17:04,593 [AsyncResolver-bootstrap-executor-0] INFO  c.n.d.s.r.aws.ConfigClusterResolver                - Resolving eureka endpoints via configuration
2023-08-01 11:22:04,605 [AsyncResolver-bootstrap-executor-0] INFO  c.n.d.s.r.aws.ConfigClusterResolver                - Resolving eureka endpoints via configuration
2023-08-01 11:27:04,612 [AsyncResolver-bootstrap-executor-0] INFO  c.n.d.s.r.aws.ConfigClusterResolver                - Resolving eureka endpoints via configuration
2023-08-01 11:32:04,621 [AsyncResolver-bootstrap-executor-0] INFO  c.n.d.s.r.aws.ConfigClusterResolver                - Resolving eureka endpoints via configuration
2023-08-01 11:35:45,200 [HikariPool-1 housekeeper] WARN  com.zaxxer.hikari.pool.HikariPool                  - HikariPool-1 - Thread starvation or clock leap detected (housekeeper delta=49s820ms859µs100ns).
2023-08-01 11:37:24,452 [AsyncResolver-bootstrap-executor-0] INFO  c.n.d.s.r.aws.ConfigClusterResolver                - Resolving eureka endpoints via configuration
2023-08-01 11:42:24,462 [AsyncResolver-bootstrap-executor-0] INFO  c.n.d.s.r.aws.ConfigClusterResolver                - Resolving eureka endpoints via configuration
2023-08-01 11:47:24,469 [AsyncResolver-bootstrap-executor-0] INFO  c.n.d.s.r.aws.ConfigClusterResolver                - Resolving eureka endpoints via configuration
2023-08-01 11:51:57,550 [http-nio-8083-exec-2] INFO  o.a.c.c.C.[Tomcat].[localhost].[/]                 - Initializing Spring DispatcherServlet 'dispatcherServlet'
2023-08-01 11:51:57,550 [http-nio-8083-exec-2] INFO  o.s.web.servlet.DispatcherServlet                  - Initializing Servlet 'dispatcherServlet'
2023-08-01 11:51:57,576 [http-nio-8083-exec-2] INFO  o.s.web.servlet.DispatcherServlet                  - Completed initialization in 26 ms
2023-08-01 11:51:57,870 [http-nio-8083-exec-2] INFO  o.f.core.internal.license.VersionPrinter           - Flyway Community Edition 8.5.13 by Redgate
2023-08-01 11:51:57,870 [http-nio-8083-exec-2] INFO  o.f.core.internal.license.VersionPrinter           - See what's new here: https://flywaydb.org/documentation/learnmore/releaseNotes#8.5.13
2023-08-01 11:51:57,870 [http-nio-8083-exec-2] INFO  o.f.core.internal.license.VersionPrinter           - 
2023-08-01 11:51:57,902 [http-nio-8083-exec-2] INFO  o.f.c.i.database.base.BaseDatabaseType             - Database: jdbc:postgresql://localhost:5432/centraldb (PostgreSQL 15.2)
2023-08-01 11:51:57,918 [http-nio-8083-exec-2] WARN  o.f.core.internal.database.base.Database           - Flyway upgrade recommended: PostgreSQL 15.2 is newer than this version of Flyway and support has not been tested. The latest supported version of PostgreSQL is 14.
2023-08-01 11:51:57,935 [http-nio-8083-exec-2] INFO  o.f.core.internal.database.base.Schema             - Creating schema "itcinfotech1" ...
2023-08-01 11:51:57,951 [http-nio-8083-exec-2] INFO  o.f.c.i.s.JdbcTableSchemaHistory                   - Creating Schema History table "itcinfotech1"."flyway_schema_history" ...
2023-08-01 11:51:58,104 [http-nio-8083-exec-2] INFO  o.f.core.internal.command.DbMigrate                - Current version of schema "itcinfotech1": null
2023-08-01 11:51:58,130 [http-nio-8083-exec-2] INFO  o.f.core.internal.command.DbMigrate                - Migrating schema "itcinfotech1" to version "1.0 - client"
2023-08-01 11:51:58,170 [http-nio-8083-exec-2] ERROR o.f.core.internal.command.DbMigrate                - Migration of schema "itcinfotech1" to version "1.0 - client" failed! Changes successfully rolled back.
2023-08-01 11:51:58,194 [http-nio-8083-exec-2] ERROR o.a.c.c.C.[.[.[/].[dispatcherServlet]              - Servlet.service() for servlet [dispatcherServlet] in context with path [] threw exception [Request processing failed; nested exception is org.flywaydb.core.internal.command.DbMigrate$FlywayMigrateException: Migration V1_0__client.sql failed
---------------------------------
SQL State  : 23505
Error Code : 0
Message    : ERROR: duplicate key value violates unique constraint "permission_pkey"
  Detail: Key (id)=(5) already exists.
Location   : db/migration/V1_0__client.sql (C:\Users\Admin\Desktop\ServerCode\hrms-application-parent\hrms-multitenant-service\target\classes\db\migration\V1_0__client.sql)
Line       : 36
Statement  : insert into permission values(5,'ASSIGN_PANEL')
] with root cause
org.postgresql.util.PSQLException: ERROR: duplicate key value violates unique constraint "permission_pkey"
  Detail: Key (id)=(5) already exists.
	at org.postgresql.core.v3.QueryExecutorImpl.receiveErrorResponse(QueryExecutorImpl.java:2675)
	at org.postgresql.core.v3.QueryExecutorImpl.processResults(QueryExecutorImpl.java:2365)
	at org.postgresql.core.v3.QueryExecutorImpl.execute(QueryExecutorImpl.java:355)
	at org.postgresql.jdbc.PgStatement.executeInternal(PgStatement.java:490)
	at org.postgresql.jdbc.PgStatement.execute(PgStatement.java:408)
	at org.postgresql.jdbc.PgStatement.executeWithFlags(PgStatement.java:329)
	at org.postgresql.jdbc.PgStatement.executeCachedSql(PgStatement.java:315)
	at org.postgresql.jdbc.PgStatement.executeWithFlags(PgStatement.java:291)
	at org.postgresql.jdbc.PgStatement.execute(PgStatement.java:286)
	at com.zaxxer.hikari.pool.ProxyStatement.execute(ProxyStatement.java:94)
	at com.zaxxer.hikari.pool.HikariProxyStatement.execute(HikariProxyStatement.java)
	at org.flywaydb.core.internal.jdbc.JdbcTemplate.executeStatement(JdbcTemplate.java:201)
	at org.flywaydb.core.internal.sqlscript.ParsedSqlStatement.execute(ParsedSqlStatement.java:95)
	at org.flywaydb.core.internal.sqlscript.DefaultSqlScriptExecutor.executeStatement(DefaultSqlScriptExecutor.java:210)
	at org.flywaydb.core.internal.sqlscript.DefaultSqlScriptExecutor.execute(DefaultSqlScriptExecutor.java:126)
	at org.flywaydb.core.internal.resolver.sql.SqlMigrationExecutor.executeOnce(SqlMigrationExecutor.java:69)
	at org.flywaydb.core.internal.resolver.sql.SqlMigrationExecutor.lambda$execute$0(SqlMigrationExecutor.java:58)
	at org.flywaydb.core.internal.database.DefaultExecutionStrategy.execute(DefaultExecutionStrategy.java:27)
	at org.flywaydb.core.internal.resolver.sql.SqlMigrationExecutor.execute(SqlMigrationExecutor.java:57)
	at org.flywaydb.core.internal.command.DbMigrate.doMigrateGroup(DbMigrate.java:377)
	at org.flywaydb.core.internal.command.DbMigrate.lambda$applyMigrations$1(DbMigrate.java:275)
	at org.flywaydb.core.internal.jdbc.TransactionalExecutionTemplate.execute(TransactionalExecutionTemplate.java:55)
	at org.flywaydb.core.internal.command.DbMigrate.applyMigrations(DbMigrate.java:274)
	at org.flywaydb.core.internal.command.DbMigrate.migrateGroup(DbMigrate.java:247)
	at org.flywaydb.core.internal.command.DbMigrate.lambda$migrateAll$0(DbMigrate.java:141)
	at org.flywaydb.core.internal.database.postgresql.PostgreSQLAdvisoryLockTemplate.execute(PostgreSQLAdvisoryLockTemplate.java:69)
	at org.flywaydb.core.internal.database.postgresql.PostgreSQLConnection.lock(PostgreSQLConnection.java:99)
	at org.flywaydb.core.internal.schemahistory.JdbcTableSchemaHistory.lock(JdbcTableSchemaHistory.java:139)
	at org.flywaydb.core.internal.command.DbMigrate.migrateAll(DbMigrate.java:141)
	at org.flywaydb.core.internal.command.DbMigrate.migrate(DbMigrate.java:98)
	at org.flywaydb.core.Flyway$1.execute(Flyway.java:172)
	at org.flywaydb.core.Flyway$1.execute(Flyway.java:124)
	at org.flywaydb.core.FlywayExecutor.execute(FlywayExecutor.java:205)
	at org.flywaydb.core.Flyway.migrate(Flyway.java:124)
	at com.rbts.hrms.multitenant.service.ClientService.save(ClientService.java:132)
	at com.rbts.hrms.multitenant.service.ClientService$$FastClassBySpringCGLIB$$7f2ac73a.invoke(<generated>)
	at org.springframework.cglib.proxy.MethodProxy.invoke(MethodProxy.java:218)
	at org.springframework.aop.framework.CglibAopProxy$CglibMethodInvocation.invokeJoinpoint(CglibAopProxy.java:793)
	at org.springframework.aop.framework.ReflectiveMethodInvocation.proceed(ReflectiveMethodInvocation.java:163)
	at org.springframework.aop.framework.CglibAopProxy$CglibMethodInvocation.proceed(CglibAopProxy.java:763)
	at org.springframework.transaction.interceptor.TransactionInterceptor$1.proceedWithInvocation(TransactionInterceptor.java:123)
	at org.springframework.transaction.interceptor.TransactionAspectSupport.invokeWithinTransaction(TransactionAspectSupport.java:388)
	at org.springframework.transaction.interceptor.TransactionInterceptor.invoke(TransactionInterceptor.java:119)
	at org.springframework.aop.framework.ReflectiveMethodInvocation.proceed(ReflectiveMethodInvocation.java:186)
	at org.springframework.aop.framework.CglibAopProxy$CglibMethodInvocation.proceed(CglibAopProxy.java:763)
	at org.springframework.aop.framework.CglibAopProxy$DynamicAdvisedInterceptor.intercept(CglibAopProxy.java:708)
	at com.rbts.hrms.multitenant.service.ClientService$$EnhancerBySpringCGLIB$$5746bf6e.save(<generated>)
	at com.rbts.hrms.multitenant.controller.ClientResource.createClient(ClientResource.java:56)
	at java.base/jdk.internal.reflect.NativeMethodAccessorImpl.invoke0(Native Method)
	at java.base/jdk.internal.reflect.NativeMethodAccessorImpl.invoke(NativeMethodAccessorImpl.java:77)
	at java.base/jdk.internal.reflect.DelegatingMethodAccessorImpl.invoke(DelegatingMethodAccessorImpl.java:43)
	at java.base/java.lang.reflect.Method.invoke(Method.java:568)
	at org.springframework.web.method.support.InvocableHandlerMethod.doInvoke(InvocableHandlerMethod.java:205)
	at org.springframework.web.method.support.InvocableHandlerMethod.invokeForRequest(InvocableHandlerMethod.java:150)
	at org.springframework.web.servlet.mvc.method.annotation.ServletInvocableHandlerMethod.invokeAndHandle(ServletInvocableHandlerMethod.java:117)
	at org.springframework.web.servlet.mvc.method.annotation.RequestMappingHandlerAdapter.invokeHandlerMethod(RequestMappingHandlerAdapter.java:895)
	at org.springframework.web.servlet.mvc.method.annotation.RequestMappingHandlerAdapter.handleInternal(RequestMappingHandlerAdapter.java:808)
	at org.springframework.web.servlet.mvc.method.AbstractHandlerMethodAdapter.handle(AbstractHandlerMethodAdapter.java:87)
	at org.springframework.web.servlet.DispatcherServlet.doDispatch(DispatcherServlet.java:1070)
	at org.springframework.web.servlet.DispatcherServlet.doService(DispatcherServlet.java:963)
	at org.springframework.web.servlet.FrameworkServlet.processRequest(FrameworkServlet.java:1006)
	at org.springframework.web.servlet.FrameworkServlet.doPost(FrameworkServlet.java:909)
	at javax.servlet.http.HttpServlet.service(HttpServlet.java:555)
	at org.springframework.web.servlet.FrameworkServlet.service(FrameworkServlet.java:883)
	at javax.servlet.http.HttpServlet.service(HttpServlet.java:623)
	at org.apache.catalina.core.ApplicationFilterChain.internalDoFilter(ApplicationFilterChain.java:209)
	at org.apache.catalina.core.ApplicationFilterChain.doFilter(ApplicationFilterChain.java:153)
	at org.apache.tomcat.websocket.server.WsFilter.doFilter(WsFilter.java:51)
	at org.apache.catalina.core.ApplicationFilterChain.internalDoFilter(ApplicationFilterChain.java:178)
	at org.apache.catalina.core.ApplicationFilterChain.doFilter(ApplicationFilterChain.java:153)
	at org.springframework.boot.actuate.metrics.web.servlet.WebMvcMetricsFilter.doFilterInternal(WebMvcMetricsFilter.java:96)
	at org.springframework.web.filter.OncePerRequestFilter.doFilter(OncePerRequestFilter.java:117)
	at org.apache.catalina.core.ApplicationFilterChain.internalDoFilter(ApplicationFilterChain.java:178)
	at org.apache.catalina.core.ApplicationFilterChain.doFilter(ApplicationFilterChain.java:153)
	at org.springframework.web.filter.CharacterEncodingFilter.doFilterInternal(CharacterEncodingFilter.java:201)
	at org.springframework.web.filter.OncePerRequestFilter.doFilter(OncePerRequestFilter.java:117)
	at org.apache.catalina.core.ApplicationFilterChain.internalDoFilter(ApplicationFilterChain.java:178)
	at org.apache.catalina.core.ApplicationFilterChain.doFilter(ApplicationFilterChain.java:153)
	at org.apache.catalina.core.StandardWrapperValve.invoke(StandardWrapperValve.java:167)
	at org.apache.catalina.core.StandardContextValve.invoke(StandardContextValve.java:90)
	at org.apache.catalina.authenticator.AuthenticatorBase.invoke(AuthenticatorBase.java:481)
	at org.apache.catalina.core.StandardHostValve.invoke(StandardHostValve.java:130)
	at org.apache.catalina.valves.ErrorReportValve.invoke(ErrorReportValve.java:93)
	at org.apache.catalina.core.StandardEngineValve.invoke(StandardEngineValve.java:74)
	at org.apache.catalina.connector.CoyoteAdapter.service(CoyoteAdapter.java:343)
	at org.apache.coyote.http11.Http11Processor.service(Http11Processor.java:389)
	at org.apache.coyote.AbstractProcessorLight.process(AbstractProcessorLight.java:63)
	at org.apache.coyote.AbstractProtocol$ConnectionHandler.process(AbstractProtocol.java:926)
	at org.apache.tomcat.util.net.NioEndpoint$SocketProcessor.doRun(NioEndpoint.java:1791)
	at org.apache.tomcat.util.net.SocketProcessorBase.run(SocketProcessorBase.java:52)
	at org.apache.tomcat.util.threads.ThreadPoolExecutor.runWorker(ThreadPoolExecutor.java:1191)
	at org.apache.tomcat.util.threads.ThreadPoolExecutor$Worker.run(ThreadPoolExecutor.java:659)
	at org.apache.tomcat.util.threads.TaskThread$WrappingRunnable.run(TaskThread.java:61)
	at java.base/java.lang.Thread.run(Thread.java:833)
2023-08-01 11:52:24,478 [AsyncResolver-bootstrap-executor-0] INFO  c.n.d.s.r.aws.ConfigClusterResolver                - Resolving eureka endpoints via configuration
2023-08-01 11:57:24,492 [AsyncResolver-bootstrap-executor-0] INFO  c.n.d.s.r.aws.ConfigClusterResolver                - Resolving eureka endpoints via configuration
2023-08-01 12:02:24,504 [AsyncResolver-bootstrap-executor-0] INFO  c.n.d.s.r.aws.ConfigClusterResolver                - Resolving eureka endpoints via configuration
2023-08-01 12:07:24,512 [AsyncResolver-bootstrap-executor-0] INFO  c.n.d.s.r.aws.ConfigClusterResolver                - Resolving eureka endpoints via configuration
2023-08-01 12:12:24,521 [AsyncResolver-bootstrap-executor-0] INFO  c.n.d.s.r.aws.ConfigClusterResolver                - Resolving eureka endpoints via configuration
2023-08-01 12:17:24,533 [AsyncResolver-bootstrap-executor-0] INFO  c.n.d.s.r.aws.ConfigClusterResolver                - Resolving eureka endpoints via configuration
2023-08-01 12:21:37,725 [SpringApplicationShutdownHook] INFO  o.s.c.n.e.s.EurekaServiceRegistry                  - Unregistering application HRMS-MULTITENANT-SERVICE with eureka with status DOWN
2023-08-01 12:21:37,726 [SpringApplicationShutdownHook] INFO  com.netflix.discovery.DiscoveryClient              - Saw local status change event StatusChangeEvent [timestamp=1690872697726, current=DOWN, previous=UP]
2023-08-01 12:21:37,727 [DiscoveryClient-InstanceInfoReplicator-0] INFO  com.netflix.discovery.DiscoveryClient              - DiscoveryClient_HRMS-MULTITENANT-SERVICE/host.docker.internal:hrms-multitenant-service:8083: registering service...
2023-08-01 12:21:37,748 [DiscoveryClient-InstanceInfoReplicator-0] INFO  com.netflix.discovery.DiscoveryClient              - DiscoveryClient_HRMS-MULTITENANT-SERVICE/host.docker.internal:hrms-multitenant-service:8083 - registration status: 204
2023-08-01 12:21:37,786 [SpringApplicationShutdownHook] INFO  o.s.o.j.LocalContainerEntityManagerFactoryBean     - Closing JPA EntityManagerFactory for persistence unit 'default'
2023-08-01 12:21:37,798 [SpringApplicationShutdownHook] INFO  com.zaxxer.hikari.HikariDataSource                 - HikariPool-1 - Shutdown initiated...
2023-08-01 12:21:37,804 [SpringApplicationShutdownHook] INFO  com.zaxxer.hikari.HikariDataSource                 - HikariPool-1 - Shutdown completed.
2023-08-01 12:21:37,806 [SpringApplicationShutdownHook] INFO  com.netflix.discovery.DiscoveryClient              - Shutting down DiscoveryClient ...
2023-08-01 12:21:40,836 [SpringApplicationShutdownHook] INFO  com.netflix.discovery.DiscoveryClient              - Unregistering ...
2023-08-01 12:21:40,860 [SpringApplicationShutdownHook] INFO  com.netflix.discovery.DiscoveryClient              - DiscoveryClient_HRMS-MULTITENANT-SERVICE/host.docker.internal:hrms-multitenant-service:8083 - deregister  status: 200
2023-08-01 12:21:40,937 [SpringApplicationShutdownHook] INFO  com.netflix.discovery.DiscoveryClient              - Completed shut down of DiscoveryClient
2023-08-01 12:22:27,907 [background-preinit] INFO  o.h.validator.internal.util.Version                - HV000001: Hibernate Validator 6.2.5.Final
2023-08-01 12:22:27,928 [restartedMain] INFO  c.r.h.multitenant.MultitenantApplication           - Starting MultitenantApplication using Java 17 on LAPTOP-NKMSSN2B with PID 51460 (C:\Users\Admin\Desktop\ServerCode\hrms-application-parent\hrms-multitenant-service\target\classes started by Admin in C:\Users\Admin\Desktop\ServerCode\hrms-application-parent\hrms-multitenant-service)
2023-08-01 12:22:27,929 [restartedMain] INFO  c.r.h.multitenant.MultitenantApplication           - No active profile set, falling back to 1 default profile: "default"
2023-08-01 12:22:27,977 [restartedMain] INFO  o.s.b.d.e.DevToolsPropertyDefaultsPostProcessor    - Devtools property defaults active! Set 'spring.devtools.add-properties' to 'false' to disable
2023-08-01 12:22:27,977 [restartedMain] INFO  o.s.b.d.e.DevToolsPropertyDefaultsPostProcessor    - For additional web related logging consider setting the 'logging.level.web' property to 'DEBUG'
2023-08-01 12:22:28,702 [restartedMain] INFO  o.s.c.a.ConfigurationClassParser                   - Properties location [classpath:META-INF/build-info.properties] not resolvable: class path resource [META-INF/build-info.properties] cannot be opened because it does not exist
2023-08-01 12:22:28,998 [restartedMain] INFO  o.s.d.r.c.RepositoryConfigurationDelegate          - Bootstrapping Spring Data JPA repositories in DEFAULT mode.
2023-08-01 12:22:29,211 [restartedMain] INFO  o.s.d.r.c.RepositoryConfigurationDelegate          - Finished Spring Data repository scanning in 202 ms. Found 2 JPA repository interfaces.
2023-08-01 12:22:29,509 [restartedMain] INFO  o.s.cloud.context.scope.GenericScope               - BeanFactory id=a4100b78-c757-3517-aedc-fdebe551232f
2023-08-01 12:22:30,453 [restartedMain] INFO  o.s.b.w.embedded.tomcat.TomcatWebServer            - Tomcat initialized with port(s): 8083 (http)
2023-08-01 12:22:30,474 [restartedMain] INFO  o.apache.coyote.http11.Http11NioProtocol           - Initializing ProtocolHandler ["http-nio-8083"]
2023-08-01 12:22:30,476 [restartedMain] INFO  org.apache.catalina.core.StandardService           - Starting service [Tomcat]
2023-08-01 12:22:30,477 [restartedMain] INFO  org.apache.catalina.core.StandardEngine            - Starting Servlet engine: [Apache Tomcat/9.0.74]
2023-08-01 12:22:30,617 [restartedMain] INFO  o.a.c.c.C.[Tomcat].[localhost].[/]                 - Initializing Spring embedded WebApplicationContext
2023-08-01 12:22:30,617 [restartedMain] INFO  o.s.b.w.s.c.ServletWebServerApplicationContext     - Root WebApplicationContext: initialization completed in 2639 ms
2023-08-01 12:22:31,039 [restartedMain] INFO  o.hibernate.jpa.internal.util.LogHelper            - HHH000204: Processing PersistenceUnitInfo [name: default]
2023-08-01 12:22:31,087 [restartedMain] INFO  org.hibernate.Version                              - HHH000412: Hibernate ORM core version 5.6.4.Final
2023-08-01 12:22:31,212 [restartedMain] INFO  org.hibernate.annotations.common.Version           - HCANN000001: Hibernate Commons Annotations {5.1.2.Final}
2023-08-01 12:22:31,316 [restartedMain] INFO  com.zaxxer.hikari.HikariDataSource                 - HikariPool-1 - Starting...
2023-08-01 12:22:31,525 [restartedMain] INFO  com.zaxxer.hikari.HikariDataSource                 - HikariPool-1 - Start completed.
2023-08-01 12:22:31,540 [restartedMain] INFO  org.hibernate.dialect.Dialect                      - HHH000400: Using dialect: org.hibernate.dialect.PostgreSQLDialect
2023-08-01 12:22:32,237 [restartedMain] INFO  o.h.e.t.j.p.i.JtaPlatformInitiator                 - HHH000490: Using JtaPlatform implementation: [org.hibernate.engine.transaction.jta.platform.internal.NoJtaPlatform]
2023-08-01 12:22:32,244 [restartedMain] INFO  o.s.o.j.LocalContainerEntityManagerFactoryBean     - Initialized JPA EntityManagerFactory for persistence unit 'default'
2023-08-01 12:22:32,810 [restartedMain] WARN  o.s.b.a.o.j.JpaBaseConfiguration$JpaWebConfiguration - spring.jpa.open-in-view is enabled by default. Therefore, database queries may be performed during view rendering. Explicitly configure spring.jpa.open-in-view to disable this warning
2023-08-01 12:22:33,755 [restartedMain] WARN  o.s.b.a.t.ThymeleafAutoConfiguration$DefaultTemplateResolverConfiguration - Cannot find template location: classpath:/templates/ (please add some templates, check your Thymeleaf configuration, or set spring.thymeleaf.check-template-location=false)
2023-08-01 12:22:33,802 [restartedMain] INFO  o.s.b.d.a.OptionalLiveReloadServer                 - LiveReload server is running on port 35729
2023-08-01 12:22:33,940 [restartedMain] INFO  o.s.c.n.e.c.DiscoveryClientOptionalArgsConfiguration - Eureka HTTP Client uses RestTemplate.
2023-08-01 12:22:34,042 [restartedMain] WARN  o.s.c.l.c.LoadBalancerCacheAutoConfiguration$LoadBalancerCaffeineWarnLogger - Spring Cloud LoadBalancer is currently working with the default cache. While this cache implementation is useful for development and tests, it's recommended to use Caffeine cache in production.You can switch to using Caffeine cache, by adding it and org.springframework.cache.caffeine.CaffeineCacheManager to the classpath.
2023-08-01 12:22:34,111 [restartedMain] INFO  o.s.b.a.e.web.EndpointLinksResolver                - Exposing 1 endpoint(s) beneath base path '/actuator'
2023-08-01 12:22:34,155 [restartedMain] INFO  o.s.c.netflix.eureka.InstanceInfoFactory           - Setting initial instance status as: STARTING
2023-08-01 12:22:34,286 [restartedMain] INFO  com.netflix.discovery.DiscoveryClient              - Initializing Eureka in region us-east-1
2023-08-01 12:22:34,291 [restartedMain] INFO  c.n.d.s.r.aws.ConfigClusterResolver                - Resolving eureka endpoints via configuration
2023-08-01 12:22:34,326 [restartedMain] INFO  com.netflix.discovery.DiscoveryClient              - Disable delta property : false
2023-08-01 12:22:34,326 [restartedMain] INFO  com.netflix.discovery.DiscoveryClient              - Single vip registry refresh property : null
2023-08-01 12:22:34,327 [restartedMain] INFO  com.netflix.discovery.DiscoveryClient              - Force full registry fetch : false
2023-08-01 12:22:34,327 [restartedMain] INFO  com.netflix.discovery.DiscoveryClient              - Application is null : false
2023-08-01 12:22:34,327 [restartedMain] INFO  com.netflix.discovery.DiscoveryClient              - Registered Applications size is zero : true
2023-08-01 12:22:34,327 [restartedMain] INFO  com.netflix.discovery.DiscoveryClient              - Application version is -1: true
2023-08-01 12:22:34,327 [restartedMain] INFO  com.netflix.discovery.DiscoveryClient              - Getting all instance registry info from the eureka server
2023-08-01 12:22:34,649 [restartedMain] INFO  com.netflix.discovery.DiscoveryClient              - The response status is 200
2023-08-01 12:22:34,658 [restartedMain] INFO  com.netflix.discovery.DiscoveryClient              - Starting heartbeat executor: renew interval is: 30
2023-08-01 12:22:34,666 [restartedMain] INFO  c.n.discovery.InstanceInfoReplicator               - InstanceInfoReplicator onDemand update allowed rate per min is 4
2023-08-01 12:22:34,683 [restartedMain] INFO  com.netflix.discovery.DiscoveryClient              - Discovery Client initialized at timestamp 1690872754682 with initial instances count: 2
2023-08-01 12:22:34,689 [restartedMain] INFO  o.s.c.n.e.s.EurekaServiceRegistry                  - Registering application HRMS-MULTITENANT-SERVICE with eureka with status UP
2023-08-01 12:22:34,691 [restartedMain] INFO  com.netflix.discovery.DiscoveryClient              - Saw local status change event StatusChangeEvent [timestamp=1690872754691, current=UP, previous=STARTING]
2023-08-01 12:22:34,693 [DiscoveryClient-InstanceInfoReplicator-0] INFO  com.netflix.discovery.DiscoveryClient              - DiscoveryClient_HRMS-MULTITENANT-SERVICE/host.docker.internal:hrms-multitenant-service:8083: registering service...
2023-08-01 12:22:34,694 [restartedMain] INFO  o.apache.coyote.http11.Http11NioProtocol           - Starting ProtocolHandler ["http-nio-8083"]
2023-08-01 12:22:34,722 [restartedMain] INFO  o.s.b.w.embedded.tomcat.TomcatWebServer            - Tomcat started on port(s): 8083 (http) with context path ''
2023-08-01 12:22:34,723 [restartedMain] INFO  o.s.c.n.e.s.EurekaAutoServiceRegistration          - Updating port to 8083
2023-08-01 12:22:34,734 [DiscoveryClient-InstanceInfoReplicator-0] INFO  com.netflix.discovery.DiscoveryClient              - DiscoveryClient_HRMS-MULTITENANT-SERVICE/host.docker.internal:hrms-multitenant-service:8083 - registration status: 204
2023-08-01 12:22:34,860 [restartedMain] INFO  c.r.h.multitenant.MultitenantApplication           - Started MultitenantApplication in 7.509 seconds (JVM running for 8.236)
2023-08-01 12:22:48,053 [http-nio-8083-exec-1] INFO  o.a.c.c.C.[Tomcat].[localhost].[/]                 - Initializing Spring DispatcherServlet 'dispatcherServlet'
2023-08-01 12:22:48,054 [http-nio-8083-exec-1] INFO  o.s.web.servlet.DispatcherServlet                  - Initializing Servlet 'dispatcherServlet'
2023-08-01 12:22:48,059 [http-nio-8083-exec-1] INFO  o.s.web.servlet.DispatcherServlet                  - Completed initialization in 5 ms
2023-08-01 12:22:48,164 [http-nio-8083-exec-1] INFO  o.f.core.internal.license.VersionPrinter           - Flyway Community Edition 8.5.13 by Redgate
2023-08-01 12:22:48,165 [http-nio-8083-exec-1] INFO  o.f.core.internal.license.VersionPrinter           - See what's new here: https://flywaydb.org/documentation/learnmore/releaseNotes#8.5.13
2023-08-01 12:22:48,165 [http-nio-8083-exec-1] INFO  o.f.core.internal.license.VersionPrinter           - 
2023-08-01 12:22:48,184 [http-nio-8083-exec-1] INFO  o.f.c.i.database.base.BaseDatabaseType             - Database: jdbc:postgresql://localhost:5432/centraldb (PostgreSQL 15.2)
2023-08-01 12:22:48,194 [http-nio-8083-exec-1] WARN  o.f.core.internal.database.base.Database           - Flyway upgrade recommended: PostgreSQL 15.2 is newer than this version of Flyway and support has not been tested. The latest supported version of PostgreSQL is 14.
2023-08-01 12:22:48,240 [http-nio-8083-exec-1] INFO  o.f.core.internal.command.DbMigrate                - Current version of schema "itcinfotech1": null
2023-08-01 12:22:48,277 [http-nio-8083-exec-1] INFO  o.f.core.internal.command.DbMigrate                - Migrating schema "itcinfotech1" to version "1.0 - client"
2023-08-01 12:22:49,145 [http-nio-8083-exec-1] INFO  o.f.core.internal.command.DbMigrate                - Successfully applied 1 migration to schema "itcinfotech1", now at version v1.0 (execution time 00:00.941s)
2023-08-01 12:27:34,341 [AsyncResolver-bootstrap-executor-0] INFO  c.n.d.s.r.aws.ConfigClusterResolver                - Resolving eureka endpoints via configuration
2023-08-01 12:32:34,353 [AsyncResolver-bootstrap-executor-0] INFO  c.n.d.s.r.aws.ConfigClusterResolver                - Resolving eureka endpoints via configuration
2023-08-01 12:37:34,364 [AsyncResolver-bootstrap-executor-0] INFO  c.n.d.s.r.aws.ConfigClusterResolver                - Resolving eureka endpoints via configuration
2023-08-01 12:59:55,464 [HikariPool-1 housekeeper] WARN  com.zaxxer.hikari.pool.HikariPool                  - HikariPool-1 - Thread starvation or clock leap detected (housekeeper delta=17m53s571ms182µs100ns).
2023-08-01 12:59:57,937 [AsyncResolver-bootstrap-executor-0] INFO  c.n.d.s.r.aws.ConfigClusterResolver                - Resolving eureka endpoints via configuration
2023-08-01 13:04:57,940 [AsyncResolver-bootstrap-executor-0] INFO  c.n.d.s.r.aws.ConfigClusterResolver                - Resolving eureka endpoints via configuration
2023-08-01 13:09:57,945 [AsyncResolver-bootstrap-executor-0] INFO  c.n.d.s.r.aws.ConfigClusterResolver                - Resolving eureka endpoints via configuration
2023-08-01 13:14:57,961 [AsyncResolver-bootstrap-executor-0] INFO  c.n.d.s.r.aws.ConfigClusterResolver                - Resolving eureka endpoints via configuration
2023-08-01 13:19:57,973 [AsyncResolver-bootstrap-executor-0] INFO  c.n.d.s.r.aws.ConfigClusterResolver                - Resolving eureka endpoints via configuration
2023-08-01 13:24:57,990 [AsyncResolver-bootstrap-executor-0] INFO  c.n.d.s.r.aws.ConfigClusterResolver                - Resolving eureka endpoints via configuration
2023-08-01 13:29:58,001 [AsyncResolver-bootstrap-executor-0] INFO  c.n.d.s.r.aws.ConfigClusterResolver                - Resolving eureka endpoints via configuration
2023-08-01 13:34:58,018 [AsyncResolver-bootstrap-executor-0] INFO  c.n.d.s.r.aws.ConfigClusterResolver                - Resolving eureka endpoints via configuration
2023-08-01 13:39:58,024 [AsyncResolver-bootstrap-executor-0] INFO  c.n.d.s.r.aws.ConfigClusterResolver                - Resolving eureka endpoints via configuration
2023-08-01 13:44:58,036 [AsyncResolver-bootstrap-executor-0] INFO  c.n.d.s.r.aws.ConfigClusterResolver                - Resolving eureka endpoints via configuration
2023-08-01 13:49:58,046 [AsyncResolver-bootstrap-executor-0] INFO  c.n.d.s.r.aws.ConfigClusterResolver                - Resolving eureka endpoints via configuration
2023-08-01 14:02:22,968 [background-preinit] INFO  o.h.validator.internal.util.Version                - HV000001: Hibernate Validator 6.2.5.Final
2023-08-01 14:02:23,178 [restartedMain] INFO  c.r.h.multitenant.MultitenantApplication           - Starting MultitenantApplication using Java 17.0.7 on WINDOWS_SERVER with PID 6836 (E:\hrms-application-parent\hrms-multitenant-service\target\classes started by Admin in E:\hrms-application-parent\hrms-multitenant-service)
2023-08-01 14:02:23,242 [restartedMain] INFO  c.r.h.multitenant.MultitenantApplication           - No active profile set, falling back to 1 default profile: "default"
2023-08-01 14:02:23,411 [restartedMain] INFO  o.s.b.d.e.DevToolsPropertyDefaultsPostProcessor    - Devtools property defaults active! Set 'spring.devtools.add-properties' to 'false' to disable
2023-08-01 14:02:23,420 [restartedMain] INFO  o.s.b.d.e.DevToolsPropertyDefaultsPostProcessor    - For additional web related logging consider setting the 'logging.level.web' property to 'DEBUG'
2023-08-01 14:02:24,686 [restartedMain] INFO  o.s.c.a.ConfigurationClassParser                   - Properties location [classpath:META-INF/build-info.properties] not resolvable: class path resource [META-INF/build-info.properties] cannot be opened because it does not exist
2023-08-01 14:02:25,191 [restartedMain] INFO  o.s.d.r.c.RepositoryConfigurationDelegate          - Bootstrapping Spring Data JPA repositories in DEFAULT mode.
2023-08-01 14:02:25,348 [restartedMain] INFO  o.s.d.r.c.RepositoryConfigurationDelegate          - Finished Spring Data repository scanning in 135 ms. Found 2 JPA repository interfaces.
2023-08-01 14:02:25,648 [restartedMain] INFO  o.s.cloud.context.scope.GenericScope               - BeanFactory id=a4100b78-c757-3517-aedc-fdebe551232f
2023-08-01 14:02:26,558 [restartedMain] INFO  o.s.b.w.embedded.tomcat.TomcatWebServer            - Tomcat initialized with port(s): 8083 (http)
2023-08-01 14:02:26,567 [restartedMain] INFO  o.apache.coyote.http11.Http11NioProtocol           - Initializing ProtocolHandler ["http-nio-8083"]
2023-08-01 14:02:26,569 [restartedMain] INFO  org.apache.catalina.core.StandardService           - Starting service [Tomcat]
2023-08-01 14:02:26,569 [restartedMain] INFO  org.apache.catalina.core.StandardEngine            - Starting Servlet engine: [Apache Tomcat/9.0.74]
2023-08-01 14:02:26,679 [restartedMain] INFO  o.a.c.c.C.[Tomcat].[localhost].[/]                 - Initializing Spring embedded WebApplicationContext
2023-08-01 14:02:26,679 [restartedMain] INFO  o.s.b.w.s.c.ServletWebServerApplicationContext     - Root WebApplicationContext: initialization completed in 3244 ms
2023-08-01 14:02:27,074 [restartedMain] INFO  o.hibernate.jpa.internal.util.LogHelper            - HHH000204: Processing PersistenceUnitInfo [name: default]
2023-08-01 14:02:27,122 [restartedMain] INFO  org.hibernate.Version                              - HHH000412: Hibernate ORM core version 5.6.4.Final
2023-08-01 14:02:27,272 [restartedMain] INFO  org.hibernate.annotations.common.Version           - HCANN000001: Hibernate Commons Annotations {5.1.2.Final}
2023-08-01 14:02:27,353 [restartedMain] INFO  com.zaxxer.hikari.HikariDataSource                 - HikariPool-1 - Starting...
2023-08-01 14:02:27,489 [restartedMain] INFO  com.zaxxer.hikari.HikariDataSource                 - HikariPool-1 - Start completed.
2023-08-01 14:02:27,502 [restartedMain] INFO  org.hibernate.dialect.Dialect                      - HHH000400: Using dialect: org.hibernate.dialect.PostgreSQLDialect
2023-08-01 14:02:28,157 [restartedMain] INFO  o.h.e.t.j.p.i.JtaPlatformInitiator                 - HHH000490: Using JtaPlatform implementation: [org.hibernate.engine.transaction.jta.platform.internal.NoJtaPlatform]
2023-08-01 14:02:28,164 [restartedMain] INFO  o.s.o.j.LocalContainerEntityManagerFactoryBean     - Initialized JPA EntityManagerFactory for persistence unit 'default'
2023-08-01 14:02:28,725 [restartedMain] WARN  o.s.b.a.o.j.JpaBaseConfiguration$JpaWebConfiguration - spring.jpa.open-in-view is enabled by default. Therefore, database queries may be performed during view rendering. Explicitly configure spring.jpa.open-in-view to disable this warning
2023-08-01 14:02:29,546 [restartedMain] WARN  o.s.b.a.t.ThymeleafAutoConfiguration$DefaultTemplateResolverConfiguration - Cannot find template location: classpath:/templates/ (please add some templates, check your Thymeleaf configuration, or set spring.thymeleaf.check-template-location=false)
2023-08-01 14:02:29,587 [restartedMain] INFO  o.s.b.d.a.OptionalLiveReloadServer                 - LiveReload server is running on port 35729
2023-08-01 14:02:29,667 [restartedMain] INFO  o.s.c.n.e.c.DiscoveryClientOptionalArgsConfiguration - Eureka HTTP Client uses RestTemplate.
2023-08-01 14:02:29,770 [restartedMain] WARN  o.s.c.l.c.LoadBalancerCacheAutoConfiguration$LoadBalancerCaffeineWarnLogger - Spring Cloud LoadBalancer is currently working with the default cache. While this cache implementation is useful for development and tests, it's recommended to use Caffeine cache in production.You can switch to using Caffeine cache, by adding it and org.springframework.cache.caffeine.CaffeineCacheManager to the classpath.
2023-08-01 14:02:29,837 [restartedMain] INFO  o.s.b.a.e.web.EndpointLinksResolver                - Exposing 1 endpoint(s) beneath base path '/actuator'
2023-08-01 14:02:29,919 [restartedMain] INFO  o.s.c.netflix.eureka.InstanceInfoFactory           - Setting initial instance status as: STARTING
2023-08-01 14:02:29,978 [restartedMain] INFO  com.netflix.discovery.DiscoveryClient              - Initializing Eureka in region us-east-1
2023-08-01 14:02:29,982 [restartedMain] INFO  c.n.d.s.r.aws.ConfigClusterResolver                - Resolving eureka endpoints via configuration
2023-08-01 14:02:30,001 [restartedMain] INFO  com.netflix.discovery.DiscoveryClient              - Disable delta property : false
2023-08-01 14:02:30,002 [restartedMain] INFO  com.netflix.discovery.DiscoveryClient              - Single vip registry refresh property : null
2023-08-01 14:02:30,002 [restartedMain] INFO  com.netflix.discovery.DiscoveryClient              - Force full registry fetch : false
2023-08-01 14:02:30,002 [restartedMain] INFO  com.netflix.discovery.DiscoveryClient              - Application is null : false
2023-08-01 14:02:30,002 [restartedMain] INFO  com.netflix.discovery.DiscoveryClient              - Registered Applications size is zero : true
2023-08-01 14:02:30,002 [restartedMain] INFO  com.netflix.discovery.DiscoveryClient              - Application version is -1: true
2023-08-01 14:02:30,002 [restartedMain] INFO  com.netflix.discovery.DiscoveryClient              - Getting all instance registry info from the eureka server
2023-08-01 14:02:30,375 [restartedMain] INFO  com.netflix.discovery.DiscoveryClient              - The response status is 200
2023-08-01 14:02:30,378 [restartedMain] INFO  com.netflix.discovery.DiscoveryClient              - Starting heartbeat executor: renew interval is: 30
2023-08-01 14:02:30,380 [restartedMain] INFO  c.n.discovery.InstanceInfoReplicator               - InstanceInfoReplicator onDemand update allowed rate per min is 4
2023-08-01 14:02:30,384 [restartedMain] INFO  com.netflix.discovery.DiscoveryClient              - Discovery Client initialized at timestamp 1690878750384 with initial instances count: 0
2023-08-01 14:02:30,389 [restartedMain] INFO  o.s.c.n.e.s.EurekaServiceRegistry                  - Registering application HRMS-MULTITENANT-SERVICE with eureka with status UP
2023-08-01 14:02:30,390 [restartedMain] INFO  com.netflix.discovery.DiscoveryClient              - Saw local status change event StatusChangeEvent [timestamp=1690878750390, current=UP, previous=STARTING]
2023-08-01 14:02:30,392 [DiscoveryClient-InstanceInfoReplicator-0] INFO  com.netflix.discovery.DiscoveryClient              - DiscoveryClient_HRMS-MULTITENANT-SERVICE/WINDOWS_SERVER.mshome.net:hrms-multitenant-service:8083: registering service...
2023-08-01 14:02:30,392 [restartedMain] INFO  o.apache.coyote.http11.Http11NioProtocol           - Starting ProtocolHandler ["http-nio-8083"]
2023-08-01 14:02:30,435 [restartedMain] INFO  o.s.b.w.embedded.tomcat.TomcatWebServer            - Tomcat started on port(s): 8083 (http) with context path ''
2023-08-01 14:02:30,444 [restartedMain] INFO  o.s.c.n.e.s.EurekaAutoServiceRegistration          - Updating port to 8083
2023-08-01 14:02:30,504 [DiscoveryClient-InstanceInfoReplicator-0] INFO  com.netflix.discovery.DiscoveryClient              - DiscoveryClient_HRMS-MULTITENANT-SERVICE/WINDOWS_SERVER.mshome.net:hrms-multitenant-service:8083 - registration status: 204
2023-08-01 14:02:30,519 [restartedMain] INFO  c.r.h.multitenant.MultitenantApplication           - Started MultitenantApplication in 8.724 seconds (JVM running for 9.938)
2023-08-01 14:03:00,390 [DiscoveryClient-CacheRefreshExecutor-0] INFO  com.netflix.discovery.DiscoveryClient              - Disable delta property : false
2023-08-01 14:03:00,390 [DiscoveryClient-CacheRefreshExecutor-0] INFO  com.netflix.discovery.DiscoveryClient              - Single vip registry refresh property : null
2023-08-01 14:03:00,390 [DiscoveryClient-CacheRefreshExecutor-0] INFO  com.netflix.discovery.DiscoveryClient              - Force full registry fetch : false
2023-08-01 14:03:00,391 [DiscoveryClient-CacheRefreshExecutor-0] INFO  com.netflix.discovery.DiscoveryClient              - Application is null : false
2023-08-01 14:03:00,391 [DiscoveryClient-CacheRefreshExecutor-0] INFO  com.netflix.discovery.DiscoveryClient              - Registered Applications size is zero : true
2023-08-01 14:03:00,391 [DiscoveryClient-CacheRefreshExecutor-0] INFO  com.netflix.discovery.DiscoveryClient              - Application version is -1: false
2023-08-01 14:03:00,391 [DiscoveryClient-CacheRefreshExecutor-0] INFO  com.netflix.discovery.DiscoveryClient              - Getting all instance registry info from the eureka server
2023-08-01 14:03:00,400 [DiscoveryClient-CacheRefreshExecutor-0] INFO  com.netflix.discovery.DiscoveryClient              - The response status is 200
2023-08-01 14:04:13,219 [http-nio-8083-exec-2] INFO  o.a.c.c.C.[Tomcat].[localhost].[/]                 - Initializing Spring DispatcherServlet 'dispatcherServlet'
2023-08-01 14:04:13,220 [http-nio-8083-exec-2] INFO  o.s.web.servlet.DispatcherServlet                  - Initializing Servlet 'dispatcherServlet'
2023-08-01 14:04:13,221 [http-nio-8083-exec-2] INFO  o.s.web.servlet.DispatcherServlet                  - Completed initialization in 1 ms
2023-08-01 14:04:13,288 [http-nio-8083-exec-2] INFO  o.f.core.internal.license.VersionPrinter           - Flyway Community Edition 8.5.13 by Redgate
2023-08-01 14:04:13,288 [http-nio-8083-exec-2] INFO  o.f.core.internal.license.VersionPrinter           - See what's new here: https://flywaydb.org/documentation/learnmore/releaseNotes#8.5.13
2023-08-01 14:04:13,288 [http-nio-8083-exec-2] INFO  o.f.core.internal.license.VersionPrinter           - 
2023-08-01 14:04:13,299 [http-nio-8083-exec-2] INFO  o.f.c.i.database.base.BaseDatabaseType             - Database: jdbc:postgresql://localhost:5432/centraldb (PostgreSQL 15.2)
2023-08-01 14:04:13,308 [http-nio-8083-exec-2] WARN  o.f.core.internal.database.base.Database           - Flyway upgrade recommended: PostgreSQL 15.2 is newer than this version of Flyway and support has not been tested. The latest supported version of PostgreSQL is 14.
2023-08-01 14:04:13,320 [http-nio-8083-exec-2] INFO  o.f.core.internal.database.base.Schema             - Creating schema "itc" ...
2023-08-01 14:04:13,326 [http-nio-8083-exec-2] INFO  o.f.c.i.s.JdbcTableSchemaHistory                   - Creating Schema History table "itc"."flyway_schema_history" ...
2023-08-01 14:04:13,385 [http-nio-8083-exec-2] INFO  o.f.core.internal.command.DbMigrate                - Current version of schema "itc": null
2023-08-01 14:04:13,402 [http-nio-8083-exec-2] INFO  o.f.core.internal.command.DbMigrate                - Migrating schema "itc" to version "1.0 - client"
2023-08-01 14:04:13,830 [http-nio-8083-exec-2] INFO  o.f.core.internal.command.DbMigrate                - Successfully applied 1 migration to schema "itc", now at version v1.0 (execution time 00:00.452s)
2023-08-01 14:07:30,010 [AsyncResolver-bootstrap-executor-0] INFO  c.n.d.s.r.aws.ConfigClusterResolver                - Resolving eureka endpoints via configuration
2023-08-01 14:12:30,025 [AsyncResolver-bootstrap-executor-0] INFO  c.n.d.s.r.aws.ConfigClusterResolver                - Resolving eureka endpoints via configuration
2023-08-01 14:17:30,039 [AsyncResolver-bootstrap-executor-0] INFO  c.n.d.s.r.aws.ConfigClusterResolver                - Resolving eureka endpoints via configuration
2023-08-01 14:22:30,041 [AsyncResolver-bootstrap-executor-0] INFO  c.n.d.s.r.aws.ConfigClusterResolver                - Resolving eureka endpoints via configuration
2023-08-01 14:27:30,044 [AsyncResolver-bootstrap-executor-0] INFO  c.n.d.s.r.aws.ConfigClusterResolver                - Resolving eureka endpoints via configuration
2023-08-01 14:32:30,054 [AsyncResolver-bootstrap-executor-0] INFO  c.n.d.s.r.aws.ConfigClusterResolver                - Resolving eureka endpoints via configuration
2023-08-01 14:37:30,060 [AsyncResolver-bootstrap-executor-0] INFO  c.n.d.s.r.aws.ConfigClusterResolver                - Resolving eureka endpoints via configuration
2023-08-01 14:42:30,070 [AsyncResolver-bootstrap-executor-0] INFO  c.n.d.s.r.aws.ConfigClusterResolver                - Resolving eureka endpoints via configuration
2023-08-01 14:47:30,083 [AsyncResolver-bootstrap-executor-0] INFO  c.n.d.s.r.aws.ConfigClusterResolver                - Resolving eureka endpoints via configuration
2023-08-01 14:52:30,085 [AsyncResolver-bootstrap-executor-0] INFO  c.n.d.s.r.aws.ConfigClusterResolver                - Resolving eureka endpoints via configuration
2023-08-01 14:57:30,088 [AsyncResolver-bootstrap-executor-0] INFO  c.n.d.s.r.aws.ConfigClusterResolver                - Resolving eureka endpoints via configuration
2023-08-01 15:02:30,091 [AsyncResolver-bootstrap-executor-0] INFO  c.n.d.s.r.aws.ConfigClusterResolver                - Resolving eureka endpoints via configuration
2023-08-01 15:07:30,093 [AsyncResolver-bootstrap-executor-0] INFO  c.n.d.s.r.aws.ConfigClusterResolver                - Resolving eureka endpoints via configuration
2023-08-01 15:12:30,100 [AsyncResolver-bootstrap-executor-0] INFO  c.n.d.s.r.aws.ConfigClusterResolver                - Resolving eureka endpoints via configuration
2023-08-01 15:17:30,108 [AsyncResolver-bootstrap-executor-0] INFO  c.n.d.s.r.aws.ConfigClusterResolver                - Resolving eureka endpoints via configuration
2023-08-01 15:22:30,111 [AsyncResolver-bootstrap-executor-0] INFO  c.n.d.s.r.aws.ConfigClusterResolver                - Resolving eureka endpoints via configuration
2023-08-01 15:36:22,825 [background-preinit] INFO  o.h.validator.internal.util.Version                - HV000001: Hibernate Validator 6.2.5.Final
2023-08-01 15:36:22,874 [restartedMain] INFO  c.r.h.multitenant.MultitenantApplication           - Starting MultitenantApplication using Java 17.0.6 on LAPTOP-MC3CCPBF with PID 11688 (C:\Users\Acer\Downloads\hrms-application-parent\hrms-multitenant-service\target\classes started by Acer in C:\Users\Acer\Downloads\hrms-application-parent\hrms-multitenant-service)
2023-08-01 15:36:22,877 [restartedMain] INFO  c.r.h.multitenant.MultitenantApplication           - No active profile set, falling back to 1 default profile: "default"
2023-08-01 15:36:22,947 [restartedMain] INFO  o.s.b.d.e.DevToolsPropertyDefaultsPostProcessor    - Devtools property defaults active! Set 'spring.devtools.add-properties' to 'false' to disable
2023-08-01 15:36:22,947 [restartedMain] INFO  o.s.b.d.e.DevToolsPropertyDefaultsPostProcessor    - For additional web related logging consider setting the 'logging.level.web' property to 'DEBUG'
2023-08-01 15:36:23,988 [restartedMain] INFO  o.s.c.a.ConfigurationClassParser                   - Properties location [classpath:META-INF/build-info.properties] not resolvable: class path resource [META-INF/build-info.properties] cannot be opened because it does not exist
2023-08-01 15:36:24,357 [restartedMain] INFO  o.s.d.r.c.RepositoryConfigurationDelegate          - Bootstrapping Spring Data JPA repositories in DEFAULT mode.
2023-08-01 15:36:24,533 [restartedMain] INFO  o.s.d.r.c.RepositoryConfigurationDelegate          - Finished Spring Data repository scanning in 165 ms. Found 2 JPA repository interfaces.
2023-08-01 15:36:24,887 [restartedMain] INFO  o.s.cloud.context.scope.GenericScope               - BeanFactory id=a4100b78-c757-3517-aedc-fdebe551232f
2023-08-01 15:36:25,970 [restartedMain] INFO  o.s.b.w.embedded.tomcat.TomcatWebServer            - Tomcat initialized with port(s): 8083 (http)
2023-08-01 15:36:25,982 [restartedMain] INFO  o.apache.coyote.http11.Http11NioProtocol           - Initializing ProtocolHandler ["http-nio-8083"]
2023-08-01 15:36:25,982 [restartedMain] INFO  org.apache.catalina.core.StandardService           - Starting service [Tomcat]
2023-08-01 15:36:25,983 [restartedMain] INFO  org.apache.catalina.core.StandardEngine            - Starting Servlet engine: [Apache Tomcat/9.0.74]
2023-08-01 15:36:26,148 [restartedMain] INFO  o.a.c.c.C.[Tomcat].[localhost].[/]                 - Initializing Spring embedded WebApplicationContext
2023-08-01 15:36:26,148 [restartedMain] INFO  o.s.b.w.s.c.ServletWebServerApplicationContext     - Root WebApplicationContext: initialization completed in 3200 ms
2023-08-01 15:36:26,668 [restartedMain] INFO  o.hibernate.jpa.internal.util.LogHelper            - HHH000204: Processing PersistenceUnitInfo [name: default]
2023-08-01 15:36:26,729 [restartedMain] INFO  org.hibernate.Version                              - HHH000412: Hibernate ORM core version 5.6.4.Final
2023-08-01 15:36:26,896 [restartedMain] INFO  org.hibernate.annotations.common.Version           - HCANN000001: Hibernate Commons Annotations {5.1.2.Final}
2023-08-01 15:36:27,031 [restartedMain] INFO  com.zaxxer.hikari.HikariDataSource                 - HikariPool-1 - Starting...
2023-08-01 15:36:27,278 [restartedMain] INFO  com.zaxxer.hikari.HikariDataSource                 - HikariPool-1 - Start completed.
2023-08-01 15:36:27,311 [restartedMain] INFO  org.hibernate.dialect.Dialect                      - HHH000400: Using dialect: org.hibernate.dialect.PostgreSQLDialect
2023-08-01 15:36:28,198 [restartedMain] WARN  o.h.t.s.i.ExceptionHandlerLoggedImpl               - GenerationTarget encountered exception accepting command : Error executing DDL "
    alter table range 
       add column preference int4 not null" via JDBC Statement
org.hibernate.tool.schema.spi.CommandAcceptanceException: Error executing DDL "
    alter table range 
       add column preference int4 not null" via JDBC Statement
	at org.hibernate.tool.schema.internal.exec.GenerationTargetToDatabase.accept(GenerationTargetToDatabase.java:67)
	at org.hibernate.tool.schema.internal.AbstractSchemaMigrator.applySqlString(AbstractSchemaMigrator.java:581)
	at org.hibernate.tool.schema.internal.AbstractSchemaMigrator.applySqlStrings(AbstractSchemaMigrator.java:602)
	at org.hibernate.tool.schema.internal.AbstractSchemaMigrator.migrateTable(AbstractSchemaMigrator.java:314)
	at org.hibernate.tool.schema.internal.GroupedSchemaMigratorImpl.performTablesMigration(GroupedSchemaMigratorImpl.java:78)
	at org.hibernate.tool.schema.internal.AbstractSchemaMigrator.performMigration(AbstractSchemaMigrator.java:220)
	at org.hibernate.tool.schema.internal.AbstractSchemaMigrator.doMigration(AbstractSchemaMigrator.java:123)
	at org.hibernate.tool.schema.spi.SchemaManagementToolCoordinator.performDatabaseAction(SchemaManagementToolCoordinator.java:192)
	at org.hibernate.tool.schema.spi.SchemaManagementToolCoordinator.process(SchemaManagementToolCoordinator.java:81)
	at org.hibernate.internal.SessionFactoryImpl.<init>(SessionFactoryImpl.java:335)
	at org.hibernate.boot.internal.SessionFactoryBuilderImpl.build(SessionFactoryBuilderImpl.java:471)
	at org.hibernate.jpa.boot.internal.EntityManagerFactoryBuilderImpl.build(EntityManagerFactoryBuilderImpl.java:1498)
	at org.springframework.orm.jpa.vendor.SpringHibernateJpaPersistenceProvider.createContainerEntityManagerFactory(SpringHibernateJpaPersistenceProvider.java:58)
	at org.springframework.orm.jpa.LocalContainerEntityManagerFactoryBean.createNativeEntityManagerFactory(LocalContainerEntityManagerFactoryBean.java:365)
	at org.springframework.orm.jpa.AbstractEntityManagerFactoryBean.buildNativeEntityManagerFactory(AbstractEntityManagerFactoryBean.java:409)
	at org.springframework.orm.jpa.AbstractEntityManagerFactoryBean.afterPropertiesSet(AbstractEntityManagerFactoryBean.java:396)
	at org.springframework.orm.jpa.LocalContainerEntityManagerFactoryBean.afterPropertiesSet(LocalContainerEntityManagerFactoryBean.java:341)
	at org.springframework.beans.factory.support.AbstractAutowireCapableBeanFactory.invokeInitMethods(AbstractAutowireCapableBeanFactory.java:1863)
	at org.springframework.beans.factory.support.AbstractAutowireCapableBeanFactory.initializeBean(AbstractAutowireCapableBeanFactory.java:1800)
	at org.springframework.beans.factory.support.AbstractAutowireCapableBeanFactory.doCreateBean(AbstractAutowireCapableBeanFactory.java:620)
	at org.springframework.beans.factory.support.AbstractAutowireCapableBeanFactory.createBean(AbstractAutowireCapableBeanFactory.java:542)
	at org.springframework.beans.factory.support.AbstractBeanFactory.lambda$doGetBean$0(AbstractBeanFactory.java:335)
	at org.springframework.beans.factory.support.DefaultSingletonBeanRegistry.getSingleton(DefaultSingletonBeanRegistry.java:234)
	at org.springframework.beans.factory.support.AbstractBeanFactory.doGetBean(AbstractBeanFactory.java:333)
	at org.springframework.beans.factory.support.AbstractBeanFactory.getBean(AbstractBeanFactory.java:208)
	at org.springframework.context.support.AbstractApplicationContext.getBean(AbstractApplicationContext.java:1154)
	at org.springframework.context.support.AbstractApplicationContext.finishBeanFactoryInitialization(AbstractApplicationContext.java:908)
	at org.springframework.context.support.AbstractApplicationContext.refresh(AbstractApplicationContext.java:583)
	at org.springframework.boot.web.servlet.context.ServletWebServerApplicationContext.refresh(ServletWebServerApplicationContext.java:147)
	at org.springframework.boot.SpringApplication.refresh(SpringApplication.java:731)
	at org.springframework.boot.SpringApplication.refreshContext(SpringApplication.java:408)
	at org.springframework.boot.SpringApplication.run(SpringApplication.java:307)
	at org.springframework.boot.SpringApplication.run(SpringApplication.java:1303)
	at org.springframework.boot.SpringApplication.run(SpringApplication.java:1292)
	at com.rbts.hrms.multitenant.MultitenantApplication.main(MultitenantApplication.java:51)
	at java.base/jdk.internal.reflect.NativeMethodAccessorImpl.invoke0(Native Method)
	at java.base/jdk.internal.reflect.NativeMethodAccessorImpl.invoke(NativeMethodAccessorImpl.java:77)
	at java.base/jdk.internal.reflect.DelegatingMethodAccessorImpl.invoke(DelegatingMethodAccessorImpl.java:43)
	at java.base/java.lang.reflect.Method.invoke(Method.java:568)
	at org.springframework.boot.devtools.restart.RestartLauncher.run(RestartLauncher.java:49)
Caused by: org.postgresql.util.PSQLException: ERROR: column "preference" of relation "range" contains null values
	at org.postgresql.core.v3.QueryExecutorImpl.receiveErrorResponse(QueryExecutorImpl.java:2675)
	at org.postgresql.core.v3.QueryExecutorImpl.processResults(QueryExecutorImpl.java:2365)
	at org.postgresql.core.v3.QueryExecutorImpl.execute(QueryExecutorImpl.java:355)
	at org.postgresql.jdbc.PgStatement.executeInternal(PgStatement.java:490)
	at org.postgresql.jdbc.PgStatement.execute(PgStatement.java:408)
	at org.postgresql.jdbc.PgStatement.executeWithFlags(PgStatement.java:329)
	at org.postgresql.jdbc.PgStatement.executeCachedSql(PgStatement.java:315)
	at org.postgresql.jdbc.PgStatement.executeWithFlags(PgStatement.java:291)
	at org.postgresql.jdbc.PgStatement.execute(PgStatement.java:286)
	at com.zaxxer.hikari.pool.ProxyStatement.execute(ProxyStatement.java:94)
	at com.zaxxer.hikari.pool.HikariProxyStatement.execute(HikariProxyStatement.java)
	at org.hibernate.tool.schema.internal.exec.GenerationTargetToDatabase.accept(GenerationTargetToDatabase.java:54)
	... 39 common frames omitted
2023-08-01 15:36:28,410 [restartedMain] INFO  o.h.e.t.j.p.i.JtaPlatformInitiator                 - HHH000490: Using JtaPlatform implementation: [org.hibernate.engine.transaction.jta.platform.internal.NoJtaPlatform]
2023-08-01 15:36:28,421 [restartedMain] INFO  o.s.o.j.LocalContainerEntityManagerFactoryBean     - Initialized JPA EntityManagerFactory for persistence unit 'default'
2023-08-01 15:36:29,105 [restartedMain] WARN  o.s.b.a.o.j.JpaBaseConfiguration$JpaWebConfiguration - spring.jpa.open-in-view is enabled by default. Therefore, database queries may be performed during view rendering. Explicitly configure spring.jpa.open-in-view to disable this warning
2023-08-01 15:36:30,127 [restartedMain] WARN  o.s.b.a.t.ThymeleafAutoConfiguration$DefaultTemplateResolverConfiguration - Cannot find template location: classpath:/templates/ (please add some templates, check your Thymeleaf configuration, or set spring.thymeleaf.check-template-location=false)
2023-08-01 15:36:30,206 [restartedMain] INFO  o.s.b.d.a.OptionalLiveReloadServer                 - LiveReload server is running on port 35729
2023-08-01 15:36:30,386 [restartedMain] INFO  o.s.c.n.e.c.DiscoveryClientOptionalArgsConfiguration - Eureka HTTP Client uses RestTemplate.
2023-08-01 15:36:30,534 [restartedMain] WARN  o.s.c.l.c.LoadBalancerCacheAutoConfiguration$LoadBalancerCaffeineWarnLogger - Spring Cloud LoadBalancer is currently working with the default cache. While this cache implementation is useful for development and tests, it's recommended to use Caffeine cache in production.You can switch to using Caffeine cache, by adding it and org.springframework.cache.caffeine.CaffeineCacheManager to the classpath.
2023-08-01 15:36:30,582 [restartedMain] INFO  o.s.b.a.e.web.EndpointLinksResolver                - Exposing 1 endpoint(s) beneath base path '/actuator'
2023-08-01 15:36:30,633 [restartedMain] INFO  o.s.c.netflix.eureka.InstanceInfoFactory           - Setting initial instance status as: STARTING
2023-08-01 15:36:30,710 [restartedMain] INFO  com.netflix.discovery.DiscoveryClient              - Initializing Eureka in region us-east-1
2023-08-01 15:36:30,717 [restartedMain] INFO  c.n.d.s.r.aws.ConfigClusterResolver                - Resolving eureka endpoints via configuration
2023-08-01 15:36:30,745 [restartedMain] INFO  com.netflix.discovery.DiscoveryClient              - Disable delta property : false
2023-08-01 15:36:30,746 [restartedMain] INFO  com.netflix.discovery.DiscoveryClient              - Single vip registry refresh property : null
2023-08-01 15:36:30,747 [restartedMain] INFO  com.netflix.discovery.DiscoveryClient              - Force full registry fetch : false
2023-08-01 15:36:30,748 [restartedMain] INFO  com.netflix.discovery.DiscoveryClient              - Application is null : false
2023-08-01 15:36:30,748 [restartedMain] INFO  com.netflix.discovery.DiscoveryClient              - Registered Applications size is zero : true
2023-08-01 15:36:30,748 [restartedMain] INFO  com.netflix.discovery.DiscoveryClient              - Application version is -1: true
2023-08-01 15:36:30,748 [restartedMain] INFO  com.netflix.discovery.DiscoveryClient              - Getting all instance registry info from the eureka server
2023-08-01 15:36:31,389 [restartedMain] INFO  com.netflix.discovery.DiscoveryClient              - The response status is 200
2023-08-01 15:36:31,393 [restartedMain] INFO  com.netflix.discovery.DiscoveryClient              - Starting heartbeat executor: renew interval is: 30
2023-08-01 15:36:31,398 [restartedMain] INFO  c.n.discovery.InstanceInfoReplicator               - InstanceInfoReplicator onDemand update allowed rate per min is 4
2023-08-01 15:36:31,406 [restartedMain] INFO  com.netflix.discovery.DiscoveryClient              - Discovery Client initialized at timestamp 1690884391405 with initial instances count: 0
2023-08-01 15:36:31,417 [restartedMain] INFO  o.s.c.n.e.s.EurekaServiceRegistry                  - Registering application HRMS-MULTITENANT-SERVICE with eureka with status UP
2023-08-01 15:36:31,418 [restartedMain] INFO  com.netflix.discovery.DiscoveryClient              - Saw local status change event StatusChangeEvent [timestamp=1690884391418, current=UP, previous=STARTING]
2023-08-01 15:36:31,420 [DiscoveryClient-InstanceInfoReplicator-0] INFO  com.netflix.discovery.DiscoveryClient              - DiscoveryClient_HRMS-MULTITENANT-SERVICE/host.docker.internal:hrms-multitenant-service:8083: registering service...
2023-08-01 15:36:31,421 [restartedMain] INFO  o.apache.coyote.http11.Http11NioProtocol           - Starting ProtocolHandler ["http-nio-8083"]
2023-08-01 15:36:31,448 [restartedMain] INFO  o.s.b.w.embedded.tomcat.TomcatWebServer            - Tomcat started on port(s): 8083 (http) with context path ''
2023-08-01 15:36:31,449 [restartedMain] INFO  o.s.c.n.e.s.EurekaAutoServiceRegistration          - Updating port to 8083
2023-08-01 15:36:31,600 [DiscoveryClient-InstanceInfoReplicator-0] INFO  com.netflix.discovery.DiscoveryClient              - DiscoveryClient_HRMS-MULTITENANT-SERVICE/host.docker.internal:hrms-multitenant-service:8083 - registration status: 204
2023-08-01 15:36:31,626 [restartedMain] INFO  c.r.h.multitenant.MultitenantApplication           - Started MultitenantApplication in 9.841 seconds (JVM running for 10.927)
2023-08-01 15:36:31,701 [restartedMain] WARN  o.h.engine.jdbc.spi.SqlExceptionHelper             - SQL Error: 0, SQLState: 42703
2023-08-01 15:36:31,702 [restartedMain] ERROR o.h.engine.jdbc.spi.SqlExceptionHelper             - ERROR: column range0_.preference does not exist
  Position: 65
2023-08-01 15:36:31,714 [restartedMain] INFO  o.s.b.a.l.ConditionEvaluationReportLoggingListener - 

Error starting ApplicationContext. To display the conditions report re-run your application with 'debug' enabled.
2023-08-01 15:36:31,767 [restartedMain] ERROR o.springframework.boot.SpringApplication           - Application run failed
java.lang.IllegalStateException: Failed to execute CommandLineRunner
	at org.springframework.boot.SpringApplication.callRunner(SpringApplication.java:771)
	at org.springframework.boot.SpringApplication.callRunners(SpringApplication.java:752)
	at org.springframework.boot.SpringApplication.run(SpringApplication.java:314)
	at org.springframework.boot.SpringApplication.run(SpringApplication.java:1303)
	at org.springframework.boot.SpringApplication.run(SpringApplication.java:1292)
	at com.rbts.hrms.multitenant.MultitenantApplication.main(MultitenantApplication.java:51)
	at java.base/jdk.internal.reflect.NativeMethodAccessorImpl.invoke0(Native Method)
	at java.base/jdk.internal.reflect.NativeMethodAccessorImpl.invoke(NativeMethodAccessorImpl.java:77)
	at java.base/jdk.internal.reflect.DelegatingMethodAccessorImpl.invoke(DelegatingMethodAccessorImpl.java:43)
	at java.base/java.lang.reflect.Method.invoke(Method.java:568)
	at org.springframework.boot.devtools.restart.RestartLauncher.run(RestartLauncher.java:49)
Caused by: org.springframework.dao.InvalidDataAccessResourceUsageException: could not extract ResultSet; SQL [n/a]; nested exception is org.hibernate.exception.SQLGrammarException: could not extract ResultSet
	at org.springframework.orm.jpa.vendor.HibernateJpaDialect.convertHibernateAccessException(HibernateJpaDialect.java:259)
	at org.springframework.orm.jpa.vendor.HibernateJpaDialect.translateExceptionIfPossible(HibernateJpaDialect.java:233)
	at org.springframework.orm.jpa.AbstractEntityManagerFactoryBean.translateExceptionIfPossible(AbstractEntityManagerFactoryBean.java:551)
	at org.springframework.dao.support.ChainedPersistenceExceptionTranslator.translateExceptionIfPossible(ChainedPersistenceExceptionTranslator.java:61)
	at org.springframework.dao.support.DataAccessUtils.translateIfNecessary(DataAccessUtils.java:242)
	at org.springframework.dao.support.PersistenceExceptionTranslationInterceptor.invoke(PersistenceExceptionTranslationInterceptor.java:152)
	at org.springframework.aop.framework.ReflectiveMethodInvocation.proceed(ReflectiveMethodInvocation.java:186)
	at org.springframework.data.jpa.repository.support.CrudMethodMetadataPostProcessor$CrudMethodMetadataPopulatingMethodInterceptor.invoke(CrudMethodMetadataPostProcessor.java:145)
	at org.springframework.aop.framework.ReflectiveMethodInvocation.proceed(ReflectiveMethodInvocation.java:186)
	at org.springframework.aop.interceptor.ExposeInvocationInterceptor.invoke(ExposeInvocationInterceptor.java:97)
	at org.springframework.aop.framework.ReflectiveMethodInvocation.proceed(ReflectiveMethodInvocation.java:186)
	at org.springframework.aop.framework.JdkDynamicAopProxy.invoke(JdkDynamicAopProxy.java:215)
	at jdk.proxy3/jdk.proxy3.$Proxy173.findByName(Unknown Source)
	at com.rbts.hrms.multitenant.dataloader.DataLoader.run(DataLoader.java:29)
	at org.springframework.boot.SpringApplication.callRunner(SpringApplication.java:768)
	... 10 common frames omitted
Caused by: org.hibernate.exception.SQLGrammarException: could not extract ResultSet
	at org.hibernate.exception.internal.SQLStateConversionDelegate.convert(SQLStateConversionDelegate.java:103)
	at org.hibernate.exception.internal.StandardSQLExceptionConverter.convert(StandardSQLExceptionConverter.java:37)
	at org.hibernate.engine.jdbc.spi.SqlExceptionHelper.convert(SqlExceptionHelper.java:113)
	at org.hibernate.engine.jdbc.spi.SqlExceptionHelper.convert(SqlExceptionHelper.java:99)
	at org.hibernate.engine.jdbc.internal.ResultSetReturnImpl.extract(ResultSetReturnImpl.java:67)
	at org.hibernate.loader.Loader.getResultSet(Loader.java:2322)
	at org.hibernate.loader.Loader.executeQueryStatement(Loader.java:2075)
	at org.hibernate.loader.Loader.executeQueryStatement(Loader.java:2037)
	at org.hibernate.loader.Loader.doQuery(Loader.java:956)
	at org.hibernate.loader.Loader.doQueryAndInitializeNonLazyCollections(Loader.java:357)
	at org.hibernate.loader.Loader.doList(Loader.java:2868)
	at org.hibernate.loader.Loader.doList(Loader.java:2850)
	at org.hibernate.loader.Loader.listIgnoreQueryCache(Loader.java:2682)
	at org.hibernate.loader.Loader.list(Loader.java:2677)
	at org.hibernate.loader.hql.QueryLoader.list(QueryLoader.java:540)
	at org.hibernate.hql.internal.ast.QueryTranslatorImpl.list(QueryTranslatorImpl.java:400)
	at org.hibernate.engine.query.spi.HQLQueryPlan.performList(HQLQueryPlan.java:219)
	at org.hibernate.internal.SessionImpl.list(SessionImpl.java:1454)
	at org.hibernate.query.internal.AbstractProducedQuery.doList(AbstractProducedQuery.java:1649)
	at org.hibernate.query.internal.AbstractProducedQuery.list(AbstractProducedQuery.java:1617)
	at org.hibernate.query.internal.AbstractProducedQuery.getSingleResult(AbstractProducedQuery.java:1665)
	at java.base/jdk.internal.reflect.NativeMethodAccessorImpl.invoke0(Native Method)
	at java.base/jdk.internal.reflect.NativeMethodAccessorImpl.invoke(NativeMethodAccessorImpl.java:77)
	at java.base/jdk.internal.reflect.DelegatingMethodAccessorImpl.invoke(DelegatingMethodAccessorImpl.java:43)
	at java.base/java.lang.reflect.Method.invoke(Method.java:568)
	at org.springframework.orm.jpa.SharedEntityManagerCreator$DeferredQueryInvocationHandler.invoke(SharedEntityManagerCreator.java:406)
	at jdk.proxy3/jdk.proxy3.$Proxy225.getSingleResult(Unknown Source)
	at org.springframework.data.jpa.repository.query.JpaQueryExecution$SingleEntityExecution.doExecute(JpaQueryExecution.java:198)
	at org.springframework.data.jpa.repository.query.JpaQueryExecution.execute(JpaQueryExecution.java:90)
	at org.springframework.data.jpa.repository.query.AbstractJpaQuery.doExecute(AbstractJpaQuery.java:156)
	at org.springframework.data.jpa.repository.query.AbstractJpaQuery.execute(AbstractJpaQuery.java:144)
	at org.springframework.data.repository.core.support.RepositoryMethodInvoker.doInvoke(RepositoryMethodInvoker.java:137)
	at org.springframework.data.repository.core.support.RepositoryMethodInvoker.invoke(RepositoryMethodInvoker.java:121)
	at org.springframework.data.repository.core.support.QueryExecutorMethodInterceptor.doInvoke(QueryExecutorMethodInterceptor.java:160)
	at org.springframework.data.repository.core.support.QueryExecutorMethodInterceptor.invoke(QueryExecutorMethodInterceptor.java:139)
	at org.springframework.aop.framework.ReflectiveMethodInvocation.proceed(ReflectiveMethodInvocation.java:186)
	at org.springframework.data.projection.DefaultMethodInvokingMethodInterceptor.invoke(DefaultMethodInvokingMethodInterceptor.java:81)
	at org.springframework.aop.framework.ReflectiveMethodInvocation.proceed(ReflectiveMethodInvocation.java:186)
	at org.springframework.transaction.interceptor.TransactionInterceptor$1.proceedWithInvocation(TransactionInterceptor.java:123)
	at org.springframework.transaction.interceptor.TransactionAspectSupport.invokeWithinTransaction(TransactionAspectSupport.java:388)
	at org.springframework.transaction.interceptor.TransactionInterceptor.invoke(TransactionInterceptor.java:119)
	at org.springframework.aop.framework.ReflectiveMethodInvocation.proceed(ReflectiveMethodInvocation.java:186)
	at org.springframework.dao.support.PersistenceExceptionTranslationInterceptor.invoke(PersistenceExceptionTranslationInterceptor.java:137)
	... 19 common frames omitted
Caused by: org.postgresql.util.PSQLException: ERROR: column range0_.preference does not exist
  Position: 65
	at org.postgresql.core.v3.QueryExecutorImpl.receiveErrorResponse(QueryExecutorImpl.java:2675)
	at org.postgresql.core.v3.QueryExecutorImpl.processResults(QueryExecutorImpl.java:2365)
	at org.postgresql.core.v3.QueryExecutorImpl.execute(QueryExecutorImpl.java:355)
	at org.postgresql.jdbc.PgStatement.executeInternal(PgStatement.java:490)
	at org.postgresql.jdbc.PgStatement.execute(PgStatement.java:408)
	at org.postgresql.jdbc.PgPreparedStatement.executeWithFlags(PgPreparedStatement.java:167)
	at org.postgresql.jdbc.PgPreparedStatement.executeQuery(PgPreparedStatement.java:119)
	at com.zaxxer.hikari.pool.ProxyPreparedStatement.executeQuery(ProxyPreparedStatement.java:52)
	at com.zaxxer.hikari.pool.HikariProxyPreparedStatement.executeQuery(HikariProxyPreparedStatement.java)
	at org.hibernate.engine.jdbc.internal.ResultSetReturnImpl.extract(ResultSetReturnImpl.java:57)
	... 57 common frames omitted
2023-08-01 15:36:31,967 [restartedMain] INFO  o.s.c.n.e.s.EurekaServiceRegistry                  - Unregistering application HRMS-MULTITENANT-SERVICE with eureka with status DOWN
2023-08-01 15:36:31,973 [restartedMain] INFO  com.netflix.discovery.DiscoveryClient              - Saw local status change event StatusChangeEvent [timestamp=1690884391973, current=DOWN, previous=UP]
2023-08-01 15:36:31,974 [DiscoveryClient-InstanceInfoReplicator-0] INFO  com.netflix.discovery.DiscoveryClient              - DiscoveryClient_HRMS-MULTITENANT-SERVICE/host.docker.internal:hrms-multitenant-service:8083: registering service...
2023-08-01 15:36:31,987 [DiscoveryClient-InstanceInfoReplicator-0] INFO  com.netflix.discovery.DiscoveryClient              - DiscoveryClient_HRMS-MULTITENANT-SERVICE/host.docker.internal:hrms-multitenant-service:8083 - registration status: 204
2023-08-01 15:36:32,018 [restartedMain] INFO  o.s.o.j.LocalContainerEntityManagerFactoryBean     - Closing JPA EntityManagerFactory for persistence unit 'default'
2023-08-01 15:36:32,024 [restartedMain] INFO  com.zaxxer.hikari.HikariDataSource                 - HikariPool-1 - Shutdown initiated...
2023-08-01 15:36:32,032 [restartedMain] INFO  com.zaxxer.hikari.HikariDataSource                 - HikariPool-1 - Shutdown completed.
2023-08-01 15:36:32,038 [restartedMain] INFO  com.netflix.discovery.DiscoveryClient              - Shutting down DiscoveryClient ...
2023-08-01 15:36:35,047 [restartedMain] INFO  com.netflix.discovery.DiscoveryClient              - Unregistering ...
2023-08-01 15:36:35,081 [restartedMain] INFO  com.netflix.discovery.DiscoveryClient              - DiscoveryClient_HRMS-MULTITENANT-SERVICE/host.docker.internal:hrms-multitenant-service:8083 - deregister  status: 200
2023-08-01 15:36:35,103 [restartedMain] INFO  com.netflix.discovery.DiscoveryClient              - Completed shut down of DiscoveryClient
2023-08-01 15:39:14,872 [background-preinit] INFO  o.h.validator.internal.util.Version                - HV000001: Hibernate Validator 6.2.5.Final
2023-08-01 15:39:14,896 [restartedMain] INFO  c.r.h.multitenant.MultitenantApplication           - Starting MultitenantApplication using Java 17.0.6 on LAPTOP-MC3CCPBF with PID 1992 (C:\Users\Acer\Downloads\hrms-application-parent\hrms-multitenant-service\target\classes started by Acer in C:\Users\Acer\Downloads\hrms-application-parent\hrms-multitenant-service)
2023-08-01 15:39:14,898 [restartedMain] INFO  c.r.h.multitenant.MultitenantApplication           - No active profile set, falling back to 1 default profile: "default"
2023-08-01 15:39:14,952 [restartedMain] INFO  o.s.b.d.e.DevToolsPropertyDefaultsPostProcessor    - Devtools property defaults active! Set 'spring.devtools.add-properties' to 'false' to disable
2023-08-01 15:39:14,952 [restartedMain] INFO  o.s.b.d.e.DevToolsPropertyDefaultsPostProcessor    - For additional web related logging consider setting the 'logging.level.web' property to 'DEBUG'
2023-08-01 15:39:15,836 [restartedMain] INFO  o.s.c.a.ConfigurationClassParser                   - Properties location [classpath:META-INF/build-info.properties] not resolvable: class path resource [META-INF/build-info.properties] cannot be opened because it does not exist
2023-08-01 15:39:16,264 [restartedMain] INFO  o.s.d.r.c.RepositoryConfigurationDelegate          - Bootstrapping Spring Data JPA repositories in DEFAULT mode.
2023-08-01 15:39:16,494 [restartedMain] INFO  o.s.d.r.c.RepositoryConfigurationDelegate          - Finished Spring Data repository scanning in 221 ms. Found 2 JPA repository interfaces.
2023-08-01 15:39:16,890 [restartedMain] INFO  o.s.cloud.context.scope.GenericScope               - BeanFactory id=a4100b78-c757-3517-aedc-fdebe551232f
2023-08-01 15:39:18,248 [restartedMain] INFO  o.s.b.w.embedded.tomcat.TomcatWebServer            - Tomcat initialized with port(s): 8083 (http)
2023-08-01 15:39:18,263 [restartedMain] INFO  o.apache.coyote.http11.Http11NioProtocol           - Initializing ProtocolHandler ["http-nio-8083"]
2023-08-01 15:39:18,264 [restartedMain] INFO  org.apache.catalina.core.StandardService           - Starting service [Tomcat]
2023-08-01 15:39:18,264 [restartedMain] INFO  org.apache.catalina.core.StandardEngine            - Starting Servlet engine: [Apache Tomcat/9.0.74]
2023-08-01 15:39:18,498 [restartedMain] INFO  o.a.c.c.C.[Tomcat].[localhost].[/]                 - Initializing Spring embedded WebApplicationContext
2023-08-01 15:39:18,502 [restartedMain] INFO  o.s.b.w.s.c.ServletWebServerApplicationContext     - Root WebApplicationContext: initialization completed in 3549 ms
2023-08-01 15:39:19,105 [restartedMain] INFO  o.hibernate.jpa.internal.util.LogHelper            - HHH000204: Processing PersistenceUnitInfo [name: default]
2023-08-01 15:39:19,184 [restartedMain] INFO  org.hibernate.Version                              - HHH000412: Hibernate ORM core version 5.6.4.Final
2023-08-01 15:39:19,347 [restartedMain] INFO  org.hibernate.annotations.common.Version           - HCANN000001: Hibernate Commons Annotations {5.1.2.Final}
2023-08-01 15:39:19,569 [restartedMain] INFO  com.zaxxer.hikari.HikariDataSource                 - HikariPool-1 - Starting...
2023-08-01 15:39:19,818 [restartedMain] INFO  com.zaxxer.hikari.HikariDataSource                 - HikariPool-1 - Start completed.
2023-08-01 15:39:19,837 [restartedMain] INFO  org.hibernate.dialect.Dialect                      - HHH000400: Using dialect: org.hibernate.dialect.PostgreSQLDialect
2023-08-01 15:39:20,744 [restartedMain] INFO  o.h.e.t.j.p.i.JtaPlatformInitiator                 - HHH000490: Using JtaPlatform implementation: [org.hibernate.engine.transaction.jta.platform.internal.NoJtaPlatform]
2023-08-01 15:39:20,766 [restartedMain] INFO  o.s.o.j.LocalContainerEntityManagerFactoryBean     - Initialized JPA EntityManagerFactory for persistence unit 'default'
2023-08-01 15:39:21,692 [restartedMain] WARN  o.s.b.a.o.j.JpaBaseConfiguration$JpaWebConfiguration - spring.jpa.open-in-view is enabled by default. Therefore, database queries may be performed during view rendering. Explicitly configure spring.jpa.open-in-view to disable this warning
2023-08-01 15:39:22,956 [restartedMain] WARN  o.s.b.a.t.ThymeleafAutoConfiguration$DefaultTemplateResolverConfiguration - Cannot find template location: classpath:/templates/ (please add some templates, check your Thymeleaf configuration, or set spring.thymeleaf.check-template-location=false)
2023-08-01 15:39:23,013 [restartedMain] INFO  o.s.b.d.a.OptionalLiveReloadServer                 - LiveReload server is running on port 35729
2023-08-01 15:39:23,129 [restartedMain] INFO  o.s.c.n.e.c.DiscoveryClientOptionalArgsConfiguration - Eureka HTTP Client uses RestTemplate.
2023-08-01 15:39:23,240 [restartedMain] WARN  o.s.c.l.c.LoadBalancerCacheAutoConfiguration$LoadBalancerCaffeineWarnLogger - Spring Cloud LoadBalancer is currently working with the default cache. While this cache implementation is useful for development and tests, it's recommended to use Caffeine cache in production.You can switch to using Caffeine cache, by adding it and org.springframework.cache.caffeine.CaffeineCacheManager to the classpath.
2023-08-01 15:39:23,293 [restartedMain] INFO  o.s.b.a.e.web.EndpointLinksResolver                - Exposing 1 endpoint(s) beneath base path '/actuator'
2023-08-01 15:39:23,344 [restartedMain] INFO  o.s.c.netflix.eureka.InstanceInfoFactory           - Setting initial instance status as: STARTING
2023-08-01 15:39:23,421 [restartedMain] INFO  com.netflix.discovery.DiscoveryClient              - Initializing Eureka in region us-east-1
2023-08-01 15:39:23,427 [restartedMain] INFO  c.n.d.s.r.aws.ConfigClusterResolver                - Resolving eureka endpoints via configuration
2023-08-01 15:39:23,447 [restartedMain] INFO  com.netflix.discovery.DiscoveryClient              - Disable delta property : false
2023-08-01 15:39:23,448 [restartedMain] INFO  com.netflix.discovery.DiscoveryClient              - Single vip registry refresh property : null
2023-08-01 15:39:23,448 [restartedMain] INFO  com.netflix.discovery.DiscoveryClient              - Force full registry fetch : false
2023-08-01 15:39:23,448 [restartedMain] INFO  com.netflix.discovery.DiscoveryClient              - Application is null : false
2023-08-01 15:39:23,449 [restartedMain] INFO  com.netflix.discovery.DiscoveryClient              - Registered Applications size is zero : true
2023-08-01 15:39:23,449 [restartedMain] INFO  com.netflix.discovery.DiscoveryClient              - Application version is -1: true
2023-08-01 15:39:23,449 [restartedMain] INFO  com.netflix.discovery.DiscoveryClient              - Getting all instance registry info from the eureka server
2023-08-01 15:39:23,892 [restartedMain] INFO  com.netflix.discovery.DiscoveryClient              - The response status is 200
2023-08-01 15:39:23,898 [restartedMain] INFO  com.netflix.discovery.DiscoveryClient              - Starting heartbeat executor: renew interval is: 30
2023-08-01 15:39:23,904 [restartedMain] INFO  c.n.discovery.InstanceInfoReplicator               - InstanceInfoReplicator onDemand update allowed rate per min is 4
2023-08-01 15:39:23,913 [restartedMain] INFO  com.netflix.discovery.DiscoveryClient              - Discovery Client initialized at timestamp 1690884563912 with initial instances count: 1
2023-08-01 15:39:23,926 [restartedMain] INFO  o.s.c.n.e.s.EurekaServiceRegistry                  - Registering application HRMS-MULTITENANT-SERVICE with eureka with status UP
2023-08-01 15:39:23,928 [restartedMain] INFO  com.netflix.discovery.DiscoveryClient              - Saw local status change event StatusChangeEvent [timestamp=1690884563927, current=UP, previous=STARTING]
2023-08-01 15:39:23,931 [DiscoveryClient-InstanceInfoReplicator-0] INFO  com.netflix.discovery.DiscoveryClient              - DiscoveryClient_HRMS-MULTITENANT-SERVICE/host.docker.internal:hrms-multitenant-service:8083: registering service...
2023-08-01 15:39:23,932 [restartedMain] INFO  o.apache.coyote.http11.Http11NioProtocol           - Starting ProtocolHandler ["http-nio-8083"]
2023-08-01 15:39:23,975 [restartedMain] INFO  o.s.b.w.embedded.tomcat.TomcatWebServer            - Tomcat started on port(s): 8083 (http) with context path ''
2023-08-01 15:39:23,978 [restartedMain] INFO  o.s.c.n.e.s.EurekaAutoServiceRegistration          - Updating port to 8083
2023-08-01 15:39:24,010 [DiscoveryClient-InstanceInfoReplicator-0] INFO  com.netflix.discovery.DiscoveryClient              - DiscoveryClient_HRMS-MULTITENANT-SERVICE/host.docker.internal:hrms-multitenant-service:8083 - registration status: 204
2023-08-01 15:39:24,168 [restartedMain] INFO  c.r.h.multitenant.MultitenantApplication           - Started MultitenantApplication in 9.86 seconds (JVM running for 10.518)
2023-08-01 15:44:23,468 [AsyncResolver-bootstrap-executor-0] INFO  c.n.d.s.r.aws.ConfigClusterResolver                - Resolving eureka endpoints via configuration
2023-08-01 15:49:23,476 [AsyncResolver-bootstrap-executor-0] INFO  c.n.d.s.r.aws.ConfigClusterResolver                - Resolving eureka endpoints via configuration
2023-08-01 15:54:23,485 [AsyncResolver-bootstrap-executor-0] INFO  c.n.d.s.r.aws.ConfigClusterResolver                - Resolving eureka endpoints via configuration
2023-08-01 15:57:40,899 [http-nio-8083-exec-1] INFO  o.a.c.c.C.[Tomcat].[localhost].[/]                 - Initializing Spring DispatcherServlet 'dispatcherServlet'
2023-08-01 15:57:40,899 [http-nio-8083-exec-1] INFO  o.s.web.servlet.DispatcherServlet                  - Initializing Servlet 'dispatcherServlet'
2023-08-01 15:57:40,907 [http-nio-8083-exec-1] INFO  o.s.web.servlet.DispatcherServlet                  - Completed initialization in 0 ms
2023-08-01 15:57:41,156 [http-nio-8083-exec-1] INFO  o.f.core.internal.license.VersionPrinter           - Flyway Community Edition 8.5.13 by Redgate
2023-08-01 15:57:41,156 [http-nio-8083-exec-1] INFO  o.f.core.internal.license.VersionPrinter           - See what's new here: https://flywaydb.org/documentation/learnmore/releaseNotes#8.5.13
2023-08-01 15:57:41,156 [http-nio-8083-exec-1] INFO  o.f.core.internal.license.VersionPrinter           - 
2023-08-01 15:57:41,206 [http-nio-8083-exec-1] INFO  o.f.c.i.database.base.BaseDatabaseType             - Database: jdbc:postgresql://localhost:5432/centraldb1 (PostgreSQL 15.2)
2023-08-01 15:57:41,234 [http-nio-8083-exec-1] WARN  o.f.core.internal.database.base.Database           - Flyway upgrade recommended: PostgreSQL 15.2 is newer than this version of Flyway and support has not been tested. The latest supported version of PostgreSQL is 14.
2023-08-01 15:57:41,277 [http-nio-8083-exec-1] INFO  o.f.core.internal.database.base.Schema             - Creating schema "itcinfotech2" ...
2023-08-01 15:57:41,300 [http-nio-8083-exec-1] INFO  o.f.c.i.s.JdbcTableSchemaHistory                   - Creating Schema History table "itcinfotech2"."flyway_schema_history" ...
2023-08-01 15:57:41,449 [http-nio-8083-exec-1] INFO  o.f.core.internal.command.DbMigrate                - Current version of schema "itcinfotech2": null
2023-08-01 15:57:41,531 [http-nio-8083-exec-1] INFO  o.f.core.internal.command.DbMigrate                - Migrating schema "itcinfotech2" to version "1.0 - client"
2023-08-01 15:57:42,131 [http-nio-8083-exec-1] INFO  o.f.core.internal.command.DbMigrate                - Successfully applied 1 migration to schema "itcinfotech2", now at version v1.0 (execution time 00:00.717s)
2023-08-01 15:59:23,489 [AsyncResolver-bootstrap-executor-0] INFO  c.n.d.s.r.aws.ConfigClusterResolver                - Resolving eureka endpoints via configuration
2023-08-01 16:04:23,499 [AsyncResolver-bootstrap-executor-0] INFO  c.n.d.s.r.aws.ConfigClusterResolver                - Resolving eureka endpoints via configuration
2023-08-01 16:09:23,511 [AsyncResolver-bootstrap-executor-0] INFO  c.n.d.s.r.aws.ConfigClusterResolver                - Resolving eureka endpoints via configuration
2023-08-01 16:14:23,520 [AsyncResolver-bootstrap-executor-0] INFO  c.n.d.s.r.aws.ConfigClusterResolver                - Resolving eureka endpoints via configuration
2023-08-01 16:19:23,526 [AsyncResolver-bootstrap-executor-0] INFO  c.n.d.s.r.aws.ConfigClusterResolver                - Resolving eureka endpoints via configuration
2023-08-01 16:24:23,533 [AsyncResolver-bootstrap-executor-0] INFO  c.n.d.s.r.aws.ConfigClusterResolver                - Resolving eureka endpoints via configuration
2023-08-01 16:29:23,537 [AsyncResolver-bootstrap-executor-0] INFO  c.n.d.s.r.aws.ConfigClusterResolver                - Resolving eureka endpoints via configuration
2023-08-01 16:34:23,551 [AsyncResolver-bootstrap-executor-0] INFO  c.n.d.s.r.aws.ConfigClusterResolver                - Resolving eureka endpoints via configuration
2023-08-01 16:39:23,555 [AsyncResolver-bootstrap-executor-0] INFO  c.n.d.s.r.aws.ConfigClusterResolver                - Resolving eureka endpoints via configuration
2023-08-01 16:44:23,571 [AsyncResolver-bootstrap-executor-0] INFO  c.n.d.s.r.aws.ConfigClusterResolver                - Resolving eureka endpoints via configuration
