2023-08-23 10:02:21,404 [background-preinit] INFO  o.h.validator.internal.util.Version                - HV000001: Hibernate Validator 6.2.5.Final
2023-08-23 10:02:21,496 [restartedMain] INFO  c.r.h.c.CandidateServiceApplication                - Starting CandidateServiceApplication using Java 17.0.6 on LAPTOP-MC3CCPBF with PID 21364 (C:\Users\Acer\Desktop\hrms-application-parent\hrms-candidate-on-boarding-service\target\classes started by Acer in C:\Users\Acer\Desktop\hrms-application-parent\hrms-candidate-on-boarding-service)
2023-08-23 10:02:21,501 [restartedMain] INFO  c.r.h.c.CandidateServiceApplication                - No active profile set, falling back to 1 default profile: "default"
2023-08-23 10:02:21,614 [restartedMain] INFO  o.s.b.d.e.DevToolsPropertyDefaultsPostProcessor    - Devtools property defaults active! Set 'spring.devtools.add-properties' to 'false' to disable
2023-08-23 10:02:21,617 [restartedMain] INFO  o.s.b.d.e.DevToolsPropertyDefaultsPostProcessor    - For additional web related logging consider setting the 'logging.level.web' property to 'DEBUG'
2023-08-23 10:02:23,131 [restartedMain] INFO  o.s.c.a.ConfigurationClassParser                   - Properties location [classpath:META-INF/build-info.properties] not resolvable: class path resource [META-INF/build-info.properties] cannot be opened because it does not exist
2023-08-23 10:02:23,759 [restartedMain] INFO  o.s.d.r.c.RepositoryConfigurationDelegate          - Bootstrapping Spring Data JPA repositories in DEFAULT mode.
2023-08-23 10:02:24,130 [restartedMain] INFO  o.s.d.r.c.RepositoryConfigurationDelegate          - Finished Spring Data repository scanning in 352 ms. Found 30 JPA repository interfaces.
2023-08-23 10:02:24,721 [restartedMain] INFO  o.s.cloud.context.scope.GenericScope               - BeanFactory id=8db05a34-7411-3e4b-bb48-f8a088432714
2023-08-23 10:02:26,189 [restartedMain] INFO  o.s.b.w.embedded.tomcat.TomcatWebServer            - Tomcat initialized with port(s): 8081 (http)
2023-08-23 10:02:26,206 [restartedMain] INFO  o.apache.coyote.http11.Http11NioProtocol           - Initializing ProtocolHandler ["http-nio-8081"]
2023-08-23 10:02:26,207 [restartedMain] INFO  org.apache.catalina.core.StandardService           - Starting service [Tomcat]
2023-08-23 10:02:26,208 [restartedMain] INFO  org.apache.catalina.core.StandardEngine            - Starting Servlet engine: [Apache Tomcat/9.0.73]
2023-08-23 10:02:26,396 [restartedMain] INFO  o.a.c.c.C.[Tomcat].[localhost].[/]                 - Initializing Spring embedded WebApplicationContext
2023-08-23 10:02:26,396 [restartedMain] INFO  o.s.b.w.s.c.ServletWebServerApplicationContext     - Root WebApplicationContext: initialization completed in 4773 ms
2023-08-23 10:02:26,894 [restartedMain] INFO  o.hibernate.jpa.internal.util.LogHelper            - HHH000204: Processing PersistenceUnitInfo [name: default]
2023-08-23 10:02:26,979 [restartedMain] INFO  org.hibernate.Version                              - HHH000412: Hibernate ORM core version 5.6.15.Final
2023-08-23 10:02:27,217 [restartedMain] INFO  org.hibernate.annotations.common.Version           - HCANN000001: Hibernate Commons Annotations {5.1.2.Final}
2023-08-23 10:02:27,508 [restartedMain] INFO  com.zaxxer.hikari.HikariDataSource                 - MyHikariPool - Starting...
2023-08-23 10:02:27,722 [restartedMain] INFO  com.zaxxer.hikari.HikariDataSource                 - MyHikariPool - Start completed.
2023-08-23 10:02:27,835 [restartedMain] INFO  org.hibernate.dialect.Dialect                      - HHH000400: Using dialect: org.hibernate.dialect.PostgreSQLDialect
2023-08-23 10:02:29,262 [restartedMain] INFO  o.h.e.t.j.p.i.JtaPlatformInitiator                 - HHH000490: Using JtaPlatform implementation: [org.hibernate.engine.transaction.jta.platform.internal.NoJtaPlatform]
2023-08-23 10:02:29,278 [restartedMain] INFO  o.s.o.j.LocalContainerEntityManagerFactoryBean     - Initialized JPA EntityManagerFactory for persistence unit 'default'
2023-08-23 10:02:32,380 [restartedMain] WARN  o.s.b.a.o.j.JpaBaseConfiguration$JpaWebConfiguration - spring.jpa.open-in-view is enabled by default. Therefore, database queries may be performed during view rendering. Explicitly configure spring.jpa.open-in-view to disable this warning
2023-08-23 10:02:32,481 [restartedMain] WARN  o.s.b.d.a.OptionalLiveReloadServer                 - Unable to start LiveReload server
2023-08-23 10:02:32,536 [restartedMain] INFO  o.s.c.openfeign.FeignClientFactoryBean             - For 'authentication-service' URL not provided. Will try picking an instance via load-balancing.
2023-08-23 10:02:33,817 [restartedMain] WARN  o.s.b.a.t.ThymeleafAutoConfiguration$DefaultTemplateResolverConfiguration - Cannot find template location: classpath:/templates/ (please add some templates, check your Thymeleaf configuration, or set spring.thymeleaf.check-template-location=false)
2023-08-23 10:02:34,875 [restartedMain] INFO  o.s.c.n.e.c.DiscoveryClientOptionalArgsConfiguration - Eureka HTTP Client uses RestTemplate.
2023-08-23 10:02:34,949 [restartedMain] WARN  o.s.c.l.c.LoadBalancerCacheAutoConfiguration$LoadBalancerCaffeineWarnLogger - Spring Cloud LoadBalancer is currently working with the default cache. While this cache implementation is useful for development and tests, it's recommended to use Caffeine cache in production.You can switch to using Caffeine cache, by adding it and org.springframework.cache.caffeine.CaffeineCacheManager to the classpath.
2023-08-23 10:02:34,975 [restartedMain] INFO  o.s.b.a.e.web.EndpointLinksResolver                - Exposing 1 endpoint(s) beneath base path '/actuator'
2023-08-23 10:02:35,022 [restartedMain] INFO  o.s.c.netflix.eureka.InstanceInfoFactory           - Setting initial instance status as: STARTING
2023-08-23 10:02:35,098 [restartedMain] INFO  com.netflix.discovery.DiscoveryClient              - Initializing Eureka in region us-east-1
2023-08-23 10:02:35,104 [restartedMain] INFO  c.n.d.s.r.aws.ConfigClusterResolver                - Resolving eureka endpoints via configuration
2023-08-23 10:02:35,140 [restartedMain] INFO  com.netflix.discovery.DiscoveryClient              - Disable delta property : false
2023-08-23 10:02:35,140 [restartedMain] INFO  com.netflix.discovery.DiscoveryClient              - Single vip registry refresh property : null
2023-08-23 10:02:35,141 [restartedMain] INFO  com.netflix.discovery.DiscoveryClient              - Force full registry fetch : false
2023-08-23 10:02:35,141 [restartedMain] INFO  com.netflix.discovery.DiscoveryClient              - Application is null : false
2023-08-23 10:02:35,141 [restartedMain] INFO  com.netflix.discovery.DiscoveryClient              - Registered Applications size is zero : true
2023-08-23 10:02:35,142 [restartedMain] INFO  com.netflix.discovery.DiscoveryClient              - Application version is -1: true
2023-08-23 10:02:35,142 [restartedMain] INFO  com.netflix.discovery.DiscoveryClient              - Getting all instance registry info from the eureka server
2023-08-23 10:02:35,571 [restartedMain] INFO  com.netflix.discovery.DiscoveryClient              - The response status is 200
2023-08-23 10:02:35,576 [restartedMain] INFO  com.netflix.discovery.DiscoveryClient              - Starting heartbeat executor: renew interval is: 30
2023-08-23 10:02:35,580 [restartedMain] INFO  c.n.discovery.InstanceInfoReplicator               - InstanceInfoReplicator onDemand update allowed rate per min is 4
2023-08-23 10:02:35,589 [restartedMain] INFO  com.netflix.discovery.DiscoveryClient              - Discovery Client initialized at timestamp 1692765155588 with initial instances count: 1
2023-08-23 10:02:35,601 [restartedMain] INFO  o.s.c.n.e.s.EurekaServiceRegistry                  - Registering application CANDIDATE-SERVICE with eureka with status UP
2023-08-23 10:02:35,603 [restartedMain] INFO  com.netflix.discovery.DiscoveryClient              - Saw local status change event StatusChangeEvent [timestamp=1692765155603, current=UP, previous=STARTING]
2023-08-23 10:02:35,605 [DiscoveryClient-InstanceInfoReplicator-0] INFO  com.netflix.discovery.DiscoveryClient              - DiscoveryClient_CANDIDATE-SERVICE/host.docker.internal:candidate-service:8081: registering service...
2023-08-23 10:02:35,605 [restartedMain] INFO  o.apache.coyote.http11.Http11NioProtocol           - Starting ProtocolHandler ["http-nio-8081"]
2023-08-23 10:02:35,635 [restartedMain] INFO  o.s.b.w.embedded.tomcat.TomcatWebServer            - Tomcat started on port(s): 8081 (http) with context path ''
2023-08-23 10:02:35,637 [restartedMain] INFO  o.s.c.n.e.s.EurekaAutoServiceRegistration          - Updating port to 8081
2023-08-23 10:02:35,666 [DiscoveryClient-InstanceInfoReplicator-0] INFO  com.netflix.discovery.DiscoveryClient              - DiscoveryClient_CANDIDATE-SERVICE/host.docker.internal:candidate-service:8081 - registration status: 204
2023-08-23 10:02:35,785 [restartedMain] INFO  c.r.h.c.CandidateServiceApplication                - Started CandidateServiceApplication in 15.152 seconds (JVM running for 16.217)
2023-08-23 10:07:35,154 [AsyncResolver-bootstrap-executor-0] INFO  c.n.d.s.r.aws.ConfigClusterResolver                - Resolving eureka endpoints via configuration
2023-08-23 10:12:35,157 [AsyncResolver-bootstrap-executor-0] INFO  c.n.d.s.r.aws.ConfigClusterResolver                - Resolving eureka endpoints via configuration
2023-08-23 10:17:35,173 [AsyncResolver-bootstrap-executor-0] INFO  c.n.d.s.r.aws.ConfigClusterResolver                - Resolving eureka endpoints via configuration
2023-08-23 10:22:35,179 [AsyncResolver-bootstrap-executor-0] INFO  c.n.d.s.r.aws.ConfigClusterResolver                - Resolving eureka endpoints via configuration
2023-08-23 10:27:35,194 [AsyncResolver-bootstrap-executor-0] INFO  c.n.d.s.r.aws.ConfigClusterResolver                - Resolving eureka endpoints via configuration
2023-08-23 10:32:35,198 [AsyncResolver-bootstrap-executor-0] INFO  c.n.d.s.r.aws.ConfigClusterResolver                - Resolving eureka endpoints via configuration
2023-08-23 10:35:09,275 [http-nio-8081-exec-1] INFO  o.a.c.c.C.[Tomcat].[localhost].[/]                 - Initializing Spring DispatcherServlet 'dispatcherServlet'
2023-08-23 10:35:09,277 [http-nio-8081-exec-1] INFO  o.s.web.servlet.DispatcherServlet                  - Initializing Servlet 'dispatcherServlet'
2023-08-23 10:35:09,283 [http-nio-8081-exec-1] INFO  o.s.web.servlet.DispatcherServlet                  - Completed initialization in 6 ms
2023-08-23 10:35:09,432 [http-nio-8081-exec-1] INFO  c.r.h.c.logging.LoggingAspects                     - Request toResponseEntity com.rbts.hrms.candidateonboarding.controller.PositionResource.createdPosition(Position)started atWed Aug 23 10:35:09 IST 2023
2023-08-23 10:35:09,446 [http-nio-8081-exec-1] INFO  c.r.h.c.d.s.TenantConnectionProvider               - Get connection for tenant info8
2023-08-23 10:35:09,895 [http-nio-8081-exec-1] INFO  c.r.h.c.logging.LoggingAspects                     - Request toPosition com.rbts.hrms.candidateonboarding.service.PositionService.save(Position)ended atWed Aug 23 10:35:09 IST 2023
2023-08-23 10:35:09,917 [http-nio-8081-exec-1] WARN  o.h.engine.jdbc.spi.SqlExceptionHelper             - SQL Error: 0, SQLState: 42703
2023-08-23 10:35:09,918 [http-nio-8081-exec-1] ERROR o.h.engine.jdbc.spi.SqlExceptionHelper             - ERROR: column "assignment_date" of relation "position" does not exist
  Position: 87
2023-08-23 10:35:09,921 [http-nio-8081-exec-1] INFO  o.h.e.j.batch.internal.AbstractBatchImpl           - HHH000010: On release of batch it still contained JDBC statements
2023-08-23 10:35:09,925 [http-nio-8081-exec-1] INFO  c.r.h.c.d.s.TenantConnectionProvider               - Release connection for tenant info8
2023-08-23 10:35:09,931 [http-nio-8081-exec-1] ERROR o.a.c.c.C.[.[.[/].[dispatcherServlet]              - Servlet.service() for servlet [dispatcherServlet] in context with path [] threw exception [Request processing failed; nested exception is org.springframework.dao.InvalidDataAccessResourceUsageException: could not execute statement; SQL [n/a]; nested exception is org.hibernate.exception.SQLGrammarException: could not execute statement] with root cause
org.postgresql.util.PSQLException: ERROR: column "assignment_date" of relation "position" does not exist
  Position: 87
	at org.postgresql.core.v3.QueryExecutorImpl.receiveErrorResponse(QueryExecutorImpl.java:2675)
	at org.postgresql.core.v3.QueryExecutorImpl.processResults(QueryExecutorImpl.java:2365)
	at org.postgresql.core.v3.QueryExecutorImpl.execute(QueryExecutorImpl.java:355)
	at org.postgresql.jdbc.PgStatement.executeInternal(PgStatement.java:490)
	at org.postgresql.jdbc.PgStatement.execute(PgStatement.java:408)
	at org.postgresql.jdbc.PgPreparedStatement.executeWithFlags(PgPreparedStatement.java:167)
	at org.postgresql.jdbc.PgPreparedStatement.executeUpdate(PgPreparedStatement.java:135)
	at com.zaxxer.hikari.pool.ProxyPreparedStatement.executeUpdate(ProxyPreparedStatement.java:61)
	at com.zaxxer.hikari.pool.HikariProxyPreparedStatement.executeUpdate(HikariProxyPreparedStatement.java)
	at org.hibernate.engine.jdbc.internal.ResultSetReturnImpl.executeUpdate(ResultSetReturnImpl.java:197)
	at org.hibernate.engine.jdbc.batch.internal.NonBatchingBatch.addToBatch(NonBatchingBatch.java:46)
	at org.hibernate.persister.entity.AbstractEntityPersister.insert(AbstractEntityPersister.java:3375)
	at org.hibernate.persister.entity.AbstractEntityPersister.insert(AbstractEntityPersister.java:3937)
	at org.hibernate.action.internal.EntityInsertAction.execute(EntityInsertAction.java:107)
	at org.hibernate.engine.spi.ActionQueue.executeActions(ActionQueue.java:604)
	at org.hibernate.engine.spi.ActionQueue.lambda$executeActions$1(ActionQueue.java:478)
	at java.base/java.util.LinkedHashMap.forEach(LinkedHashMap.java:721)
	at org.hibernate.engine.spi.ActionQueue.executeActions(ActionQueue.java:475)
	at org.hibernate.event.internal.AbstractFlushingEventListener.performExecutions(AbstractFlushingEventListener.java:344)
	at org.hibernate.event.internal.DefaultFlushEventListener.onFlush(DefaultFlushEventListener.java:40)
	at org.hibernate.event.service.internal.EventListenerGroupImpl.fireEventOnEachListener(EventListenerGroupImpl.java:107)
	at org.hibernate.internal.SessionImpl.doFlush(SessionImpl.java:1407)
	at org.hibernate.internal.SessionImpl.managedFlush(SessionImpl.java:489)
	at org.hibernate.internal.SessionImpl.flushBeforeTransactionCompletion(SessionImpl.java:3303)
	at org.hibernate.internal.SessionImpl.beforeTransactionCompletion(SessionImpl.java:2438)
	at org.hibernate.engine.jdbc.internal.JdbcCoordinatorImpl.beforeTransactionCompletion(JdbcCoordinatorImpl.java:449)
	at org.hibernate.resource.transaction.backend.jdbc.internal.JdbcResourceLocalTransactionCoordinatorImpl.beforeCompletionCallback(JdbcResourceLocalTransactionCoordinatorImpl.java:183)
	at org.hibernate.resource.transaction.backend.jdbc.internal.JdbcResourceLocalTransactionCoordinatorImpl.access$300(JdbcResourceLocalTransactionCoordinatorImpl.java:40)
	at org.hibernate.resource.transaction.backend.jdbc.internal.JdbcResourceLocalTransactionCoordinatorImpl$TransactionDriverControlImpl.commit(JdbcResourceLocalTransactionCoordinatorImpl.java:281)
	at org.hibernate.engine.transaction.internal.TransactionImpl.commit(TransactionImpl.java:101)
	at org.springframework.orm.jpa.JpaTransactionManager.doCommit(JpaTransactionManager.java:562)
	at org.springframework.transaction.support.AbstractPlatformTransactionManager.processCommit(AbstractPlatformTransactionManager.java:743)
	at org.springframework.transaction.support.AbstractPlatformTransactionManager.commit(AbstractPlatformTransactionManager.java:711)
	at org.springframework.transaction.interceptor.TransactionAspectSupport.commitTransactionAfterReturning(TransactionAspectSupport.java:654)
	at org.springframework.transaction.interceptor.TransactionAspectSupport.invokeWithinTransaction(TransactionAspectSupport.java:407)
	at org.springframework.transaction.interceptor.TransactionInterceptor.invoke(TransactionInterceptor.java:119)
	at org.springframework.aop.framework.ReflectiveMethodInvocation.proceed(ReflectiveMethodInvocation.java:186)
	at org.springframework.aop.framework.CglibAopProxy$CglibMethodInvocation.proceed(CglibAopProxy.java:763)
	at org.springframework.aop.interceptor.ExposeInvocationInterceptor.invoke(ExposeInvocationInterceptor.java:97)
	at org.springframework.aop.framework.ReflectiveMethodInvocation.proceed(ReflectiveMethodInvocation.java:186)
	at org.springframework.aop.framework.CglibAopProxy$CglibMethodInvocation.proceed(CglibAopProxy.java:763)
	at org.springframework.aop.framework.CglibAopProxy$DynamicAdvisedInterceptor.intercept(CglibAopProxy.java:708)
	at com.rbts.hrms.candidateonboarding.service.PositionService$$EnhancerBySpringCGLIB$$e5b4781b.save(<generated>)
	at com.rbts.hrms.candidateonboarding.controller.PositionResource.createdPosition(PositionResource.java:45)
	at com.rbts.hrms.candidateonboarding.controller.PositionResource$$FastClassBySpringCGLIB$$8493266d.invoke(<generated>)
	at org.springframework.cglib.proxy.MethodProxy.invoke(MethodProxy.java:218)
	at org.springframework.aop.framework.CglibAopProxy$CglibMethodInvocation.invokeJoinpoint(CglibAopProxy.java:793)
	at org.springframework.aop.framework.ReflectiveMethodInvocation.proceed(ReflectiveMethodInvocation.java:163)
	at org.springframework.aop.framework.CglibAopProxy$CglibMethodInvocation.proceed(CglibAopProxy.java:763)
	at org.springframework.aop.framework.adapter.MethodBeforeAdviceInterceptor.invoke(MethodBeforeAdviceInterceptor.java:58)
	at org.springframework.aop.framework.ReflectiveMethodInvocation.proceed(ReflectiveMethodInvocation.java:186)
	at org.springframework.aop.framework.CglibAopProxy$CglibMethodInvocation.proceed(CglibAopProxy.java:763)
	at org.springframework.aop.interceptor.ExposeInvocationInterceptor.invoke(ExposeInvocationInterceptor.java:97)
	at org.springframework.aop.framework.ReflectiveMethodInvocation.proceed(ReflectiveMethodInvocation.java:186)
	at org.springframework.aop.framework.CglibAopProxy$CglibMethodInvocation.proceed(CglibAopProxy.java:763)
	at org.springframework.aop.framework.CglibAopProxy$DynamicAdvisedInterceptor.intercept(CglibAopProxy.java:708)
	at com.rbts.hrms.candidateonboarding.controller.PositionResource$$EnhancerBySpringCGLIB$$c1119426.createdPosition(<generated>)
	at java.base/jdk.internal.reflect.NativeMethodAccessorImpl.invoke0(Native Method)
	at java.base/jdk.internal.reflect.NativeMethodAccessorImpl.invoke(NativeMethodAccessorImpl.java:77)
	at java.base/jdk.internal.reflect.DelegatingMethodAccessorImpl.invoke(DelegatingMethodAccessorImpl.java:43)
	at java.base/java.lang.reflect.Method.invoke(Method.java:568)
	at org.springframework.web.method.support.InvocableHandlerMethod.doInvoke(InvocableHandlerMethod.java:205)
	at org.springframework.web.method.support.InvocableHandlerMethod.invokeForRequest(InvocableHandlerMethod.java:150)
	at org.springframework.web.servlet.mvc.method.annotation.ServletInvocableHandlerMethod.invokeAndHandle(ServletInvocableHandlerMethod.java:117)
	at org.springframework.web.servlet.mvc.method.annotation.RequestMappingHandlerAdapter.invokeHandlerMethod(RequestMappingHandlerAdapter.java:895)
	at org.springframework.web.servlet.mvc.method.annotation.RequestMappingHandlerAdapter.handleInternal(RequestMappingHandlerAdapter.java:808)
	at org.springframework.web.servlet.mvc.method.AbstractHandlerMethodAdapter.handle(AbstractHandlerMethodAdapter.java:87)
	at org.springframework.web.servlet.DispatcherServlet.doDispatch(DispatcherServlet.java:1070)
	at org.springframework.web.servlet.DispatcherServlet.doService(DispatcherServlet.java:963)
	at org.springframework.web.servlet.FrameworkServlet.processRequest(FrameworkServlet.java:1006)
	at org.springframework.web.servlet.FrameworkServlet.doPost(FrameworkServlet.java:909)
	at javax.servlet.http.HttpServlet.service(HttpServlet.java:528)
	at org.springframework.web.servlet.FrameworkServlet.service(FrameworkServlet.java:883)
	at javax.servlet.http.HttpServlet.service(HttpServlet.java:596)
	at org.apache.catalina.core.ApplicationFilterChain.internalDoFilter(ApplicationFilterChain.java:209)
	at org.apache.catalina.core.ApplicationFilterChain.doFilter(ApplicationFilterChain.java:153)
	at org.apache.tomcat.websocket.server.WsFilter.doFilter(WsFilter.java:53)
	at org.apache.catalina.core.ApplicationFilterChain.internalDoFilter(ApplicationFilterChain.java:178)
	at org.apache.catalina.core.ApplicationFilterChain.doFilter(ApplicationFilterChain.java:153)
	at org.springframework.web.filter.RequestContextFilter.doFilterInternal(RequestContextFilter.java:100)
	at org.springframework.web.filter.OncePerRequestFilter.doFilter(OncePerRequestFilter.java:117)
	at org.apache.catalina.core.ApplicationFilterChain.internalDoFilter(ApplicationFilterChain.java:178)
	at org.apache.catalina.core.ApplicationFilterChain.doFilter(ApplicationFilterChain.java:153)
	at org.springframework.web.filter.FormContentFilter.doFilterInternal(FormContentFilter.java:93)
	at org.springframework.web.filter.OncePerRequestFilter.doFilter(OncePerRequestFilter.java:117)
	at org.apache.catalina.core.ApplicationFilterChain.internalDoFilter(ApplicationFilterChain.java:178)
	at org.apache.catalina.core.ApplicationFilterChain.doFilter(ApplicationFilterChain.java:153)
	at org.springframework.boot.actuate.metrics.web.servlet.WebMvcMetricsFilter.doFilterInternal(WebMvcMetricsFilter.java:96)
	at org.springframework.web.filter.OncePerRequestFilter.doFilter(OncePerRequestFilter.java:117)
	at org.apache.catalina.core.ApplicationFilterChain.internalDoFilter(ApplicationFilterChain.java:178)
	at org.apache.catalina.core.ApplicationFilterChain.doFilter(ApplicationFilterChain.java:153)
	at org.springframework.web.filter.CharacterEncodingFilter.doFilterInternal(CharacterEncodingFilter.java:201)
	at org.springframework.web.filter.OncePerRequestFilter.doFilter(OncePerRequestFilter.java:117)
	at org.apache.catalina.core.ApplicationFilterChain.internalDoFilter(ApplicationFilterChain.java:178)
	at org.apache.catalina.core.ApplicationFilterChain.doFilter(ApplicationFilterChain.java:153)
	at org.apache.catalina.core.StandardWrapperValve.invoke(StandardWrapperValve.java:167)
	at org.apache.catalina.core.StandardContextValve.invoke(StandardContextValve.java:90)
	at org.apache.catalina.authenticator.AuthenticatorBase.invoke(AuthenticatorBase.java:492)
	at org.apache.catalina.core.StandardHostValve.invoke(StandardHostValve.java:130)
	at org.apache.catalina.valves.ErrorReportValve.invoke(ErrorReportValve.java:93)
	at org.apache.catalina.core.StandardEngineValve.invoke(StandardEngineValve.java:74)
	at org.apache.catalina.connector.CoyoteAdapter.service(CoyoteAdapter.java:343)
	at org.apache.coyote.http11.Http11Processor.service(Http11Processor.java:389)
	at org.apache.coyote.AbstractProcessorLight.process(AbstractProcessorLight.java:63)
	at org.apache.coyote.AbstractProtocol$ConnectionHandler.process(AbstractProtocol.java:926)
	at org.apache.tomcat.util.net.NioEndpoint$SocketProcessor.doRun(NioEndpoint.java:1791)
	at org.apache.tomcat.util.net.SocketProcessorBase.run(SocketProcessorBase.java:49)
	at org.apache.tomcat.util.threads.ThreadPoolExecutor.runWorker(ThreadPoolExecutor.java:1191)
	at org.apache.tomcat.util.threads.ThreadPoolExecutor$Worker.run(ThreadPoolExecutor.java:659)
	at org.apache.tomcat.util.threads.TaskThread$WrappingRunnable.run(TaskThread.java:61)
	at java.base/java.lang.Thread.run(Thread.java:833)
2023-08-23 10:37:35,212 [AsyncResolver-bootstrap-executor-0] INFO  c.n.d.s.r.aws.ConfigClusterResolver                - Resolving eureka endpoints via configuration
2023-08-23 10:39:34,331 [SpringApplicationShutdownHook] INFO  o.s.c.n.e.s.EurekaServiceRegistry                  - Unregistering application CANDIDATE-SERVICE with eureka with status DOWN
2023-08-23 10:39:34,332 [SpringApplicationShutdownHook] INFO  com.netflix.discovery.DiscoveryClient              - Saw local status change event StatusChangeEvent [timestamp=1692767374332, current=DOWN, previous=UP]
2023-08-23 10:39:34,334 [DiscoveryClient-InstanceInfoReplicator-0] INFO  com.netflix.discovery.DiscoveryClient              - DiscoveryClient_CANDIDATE-SERVICE/host.docker.internal:candidate-service:8081: registering service...
2023-08-23 10:39:34,348 [DiscoveryClient-InstanceInfoReplicator-0] INFO  com.netflix.discovery.DiscoveryClient              - DiscoveryClient_CANDIDATE-SERVICE/host.docker.internal:candidate-service:8081 - registration status: 204
2023-08-23 10:39:34,405 [SpringApplicationShutdownHook] INFO  o.s.o.j.LocalContainerEntityManagerFactoryBean     - Closing JPA EntityManagerFactory for persistence unit 'default'
2023-08-23 10:39:34,408 [SpringApplicationShutdownHook] INFO  com.zaxxer.hikari.HikariDataSource                 - MyHikariPool - Shutdown initiated...
2023-08-23 10:39:34,412 [SpringApplicationShutdownHook] INFO  com.zaxxer.hikari.HikariDataSource                 - MyHikariPool - Shutdown completed.
2023-08-23 10:39:34,417 [SpringApplicationShutdownHook] INFO  com.netflix.discovery.DiscoveryClient              - Shutting down DiscoveryClient ...
2023-08-23 10:39:37,428 [DiscoveryClient-0] WARN  c.netflix.discovery.TimedSupervisorTask            - task supervisor shutting down, can't accept the task
2023-08-23 10:39:37,430 [SpringApplicationShutdownHook] INFO  com.netflix.discovery.DiscoveryClient              - Unregistering ...
2023-08-23 10:39:37,442 [SpringApplicationShutdownHook] INFO  com.netflix.discovery.DiscoveryClient              - DiscoveryClient_CANDIDATE-SERVICE/host.docker.internal:candidate-service:8081 - deregister  status: 200
2023-08-23 10:39:37,452 [SpringApplicationShutdownHook] INFO  com.netflix.discovery.DiscoveryClient              - Completed shut down of DiscoveryClient
2023-08-23 10:41:25,010 [background-preinit] INFO  o.h.validator.internal.util.Version                - HV000001: Hibernate Validator 6.2.5.Final
2023-08-23 10:41:25,037 [restartedMain] INFO  c.r.h.c.CandidateServiceApplication                - Starting CandidateServiceApplication using Java 17.0.6 on LAPTOP-MC3CCPBF with PID 21996 (C:\Users\Acer\Desktop\hrms-application-parent\hrms-candidate-on-boarding-service\target\classes started by Acer in C:\Users\Acer\Desktop\hrms-application-parent\hrms-candidate-on-boarding-service)
2023-08-23 10:41:25,039 [restartedMain] INFO  c.r.h.c.CandidateServiceApplication                - No active profile set, falling back to 1 default profile: "default"
2023-08-23 10:41:25,083 [restartedMain] INFO  o.s.b.d.e.DevToolsPropertyDefaultsPostProcessor    - Devtools property defaults active! Set 'spring.devtools.add-properties' to 'false' to disable
2023-08-23 10:41:25,084 [restartedMain] INFO  o.s.b.d.e.DevToolsPropertyDefaultsPostProcessor    - For additional web related logging consider setting the 'logging.level.web' property to 'DEBUG'
2023-08-23 10:41:25,957 [restartedMain] INFO  o.s.c.a.ConfigurationClassParser                   - Properties location [classpath:META-INF/build-info.properties] not resolvable: class path resource [META-INF/build-info.properties] cannot be opened because it does not exist
2023-08-23 10:41:26,478 [restartedMain] INFO  o.s.d.r.c.RepositoryConfigurationDelegate          - Bootstrapping Spring Data JPA repositories in DEFAULT mode.
2023-08-23 10:41:26,748 [restartedMain] INFO  o.s.d.r.c.RepositoryConfigurationDelegate          - Finished Spring Data repository scanning in 261 ms. Found 30 JPA repository interfaces.
2023-08-23 10:41:27,072 [restartedMain] INFO  o.s.cloud.context.scope.GenericScope               - BeanFactory id=8db05a34-7411-3e4b-bb48-f8a088432714
2023-08-23 10:41:27,957 [restartedMain] INFO  o.s.b.w.embedded.tomcat.TomcatWebServer            - Tomcat initialized with port(s): 8081 (http)
2023-08-23 10:41:27,966 [restartedMain] INFO  o.apache.coyote.http11.Http11NioProtocol           - Initializing ProtocolHandler ["http-nio-8081"]
2023-08-23 10:41:27,966 [restartedMain] INFO  org.apache.catalina.core.StandardService           - Starting service [Tomcat]
2023-08-23 10:41:27,967 [restartedMain] INFO  org.apache.catalina.core.StandardEngine            - Starting Servlet engine: [Apache Tomcat/9.0.73]
2023-08-23 10:41:28,078 [restartedMain] INFO  o.a.c.c.C.[Tomcat].[localhost].[/]                 - Initializing Spring embedded WebApplicationContext
2023-08-23 10:41:28,078 [restartedMain] INFO  o.s.b.w.s.c.ServletWebServerApplicationContext     - Root WebApplicationContext: initialization completed in 2993 ms
2023-08-23 10:41:28,420 [restartedMain] INFO  o.hibernate.jpa.internal.util.LogHelper            - HHH000204: Processing PersistenceUnitInfo [name: default]
2023-08-23 10:41:28,465 [restartedMain] INFO  org.hibernate.Version                              - HHH000412: Hibernate ORM core version 5.6.15.Final
2023-08-23 10:41:28,598 [restartedMain] INFO  org.hibernate.annotations.common.Version           - HCANN000001: Hibernate Commons Annotations {5.1.2.Final}
2023-08-23 10:41:28,856 [restartedMain] INFO  com.zaxxer.hikari.HikariDataSource                 - MyHikariPool - Starting...
2023-08-23 10:41:29,024 [restartedMain] INFO  com.zaxxer.hikari.HikariDataSource                 - MyHikariPool - Start completed.
2023-08-23 10:41:29,099 [restartedMain] INFO  org.hibernate.dialect.Dialect                      - HHH000400: Using dialect: org.hibernate.dialect.PostgreSQLDialect
2023-08-23 10:41:30,085 [restartedMain] INFO  o.h.e.t.j.p.i.JtaPlatformInitiator                 - HHH000490: Using JtaPlatform implementation: [org.hibernate.engine.transaction.jta.platform.internal.NoJtaPlatform]
2023-08-23 10:41:30,094 [restartedMain] INFO  o.s.o.j.LocalContainerEntityManagerFactoryBean     - Initialized JPA EntityManagerFactory for persistence unit 'default'
2023-08-23 10:41:32,228 [restartedMain] WARN  o.s.b.a.o.j.JpaBaseConfiguration$JpaWebConfiguration - spring.jpa.open-in-view is enabled by default. Therefore, database queries may be performed during view rendering. Explicitly configure spring.jpa.open-in-view to disable this warning
2023-08-23 10:41:32,282 [restartedMain] WARN  o.s.b.d.a.OptionalLiveReloadServer                 - Unable to start LiveReload server
2023-08-23 10:41:32,344 [restartedMain] INFO  o.s.c.openfeign.FeignClientFactoryBean             - For 'authentication-service' URL not provided. Will try picking an instance via load-balancing.
2023-08-23 10:41:33,238 [restartedMain] WARN  o.s.b.a.t.ThymeleafAutoConfiguration$DefaultTemplateResolverConfiguration - Cannot find template location: classpath:/templates/ (please add some templates, check your Thymeleaf configuration, or set spring.thymeleaf.check-template-location=false)
2023-08-23 10:41:33,921 [restartedMain] INFO  o.s.c.n.e.c.DiscoveryClientOptionalArgsConfiguration - Eureka HTTP Client uses RestTemplate.
2023-08-23 10:41:33,986 [restartedMain] WARN  o.s.c.l.c.LoadBalancerCacheAutoConfiguration$LoadBalancerCaffeineWarnLogger - Spring Cloud LoadBalancer is currently working with the default cache. While this cache implementation is useful for development and tests, it's recommended to use Caffeine cache in production.You can switch to using Caffeine cache, by adding it and org.springframework.cache.caffeine.CaffeineCacheManager to the classpath.
2023-08-23 10:41:34,009 [restartedMain] INFO  o.s.b.a.e.web.EndpointLinksResolver                - Exposing 1 endpoint(s) beneath base path '/actuator'
2023-08-23 10:41:34,059 [restartedMain] INFO  o.s.c.netflix.eureka.InstanceInfoFactory           - Setting initial instance status as: STARTING
2023-08-23 10:41:34,156 [restartedMain] INFO  com.netflix.discovery.DiscoveryClient              - Initializing Eureka in region us-east-1
2023-08-23 10:41:34,162 [restartedMain] INFO  c.n.d.s.r.aws.ConfigClusterResolver                - Resolving eureka endpoints via configuration
2023-08-23 10:41:34,194 [restartedMain] INFO  com.netflix.discovery.DiscoveryClient              - Disable delta property : false
2023-08-23 10:41:34,194 [restartedMain] INFO  com.netflix.discovery.DiscoveryClient              - Single vip registry refresh property : null
2023-08-23 10:41:34,194 [restartedMain] INFO  com.netflix.discovery.DiscoveryClient              - Force full registry fetch : false
2023-08-23 10:41:34,195 [restartedMain] INFO  com.netflix.discovery.DiscoveryClient              - Application is null : false
2023-08-23 10:41:34,195 [restartedMain] INFO  com.netflix.discovery.DiscoveryClient              - Registered Applications size is zero : true
2023-08-23 10:41:34,195 [restartedMain] INFO  com.netflix.discovery.DiscoveryClient              - Application version is -1: true
2023-08-23 10:41:34,196 [restartedMain] INFO  com.netflix.discovery.DiscoveryClient              - Getting all instance registry info from the eureka server
2023-08-23 10:41:34,466 [restartedMain] INFO  com.netflix.discovery.DiscoveryClient              - The response status is 200
2023-08-23 10:41:34,469 [restartedMain] INFO  com.netflix.discovery.DiscoveryClient              - Starting heartbeat executor: renew interval is: 30
2023-08-23 10:41:34,472 [restartedMain] INFO  c.n.discovery.InstanceInfoReplicator               - InstanceInfoReplicator onDemand update allowed rate per min is 4
2023-08-23 10:41:34,477 [restartedMain] INFO  com.netflix.discovery.DiscoveryClient              - Discovery Client initialized at timestamp 1692767494476 with initial instances count: 2
2023-08-23 10:41:34,483 [restartedMain] INFO  o.s.c.n.e.s.EurekaServiceRegistry                  - Registering application CANDIDATE-SERVICE with eureka with status UP
2023-08-23 10:41:34,484 [restartedMain] INFO  com.netflix.discovery.DiscoveryClient              - Saw local status change event StatusChangeEvent [timestamp=1692767494484, current=UP, previous=STARTING]
2023-08-23 10:41:34,486 [DiscoveryClient-InstanceInfoReplicator-0] INFO  com.netflix.discovery.DiscoveryClient              - DiscoveryClient_CANDIDATE-SERVICE/host.docker.internal:candidate-service:8081: registering service...
2023-08-23 10:41:34,487 [restartedMain] INFO  o.apache.coyote.http11.Http11NioProtocol           - Starting ProtocolHandler ["http-nio-8081"]
2023-08-23 10:41:34,514 [restartedMain] INFO  o.s.b.w.embedded.tomcat.TomcatWebServer            - Tomcat started on port(s): 8081 (http) with context path ''
2023-08-23 10:41:34,516 [restartedMain] INFO  o.s.c.n.e.s.EurekaAutoServiceRegistration          - Updating port to 8081
2023-08-23 10:41:34,535 [DiscoveryClient-InstanceInfoReplicator-0] INFO  com.netflix.discovery.DiscoveryClient              - DiscoveryClient_CANDIDATE-SERVICE/host.docker.internal:candidate-service:8081 - registration status: 204
2023-08-23 10:41:34,624 [restartedMain] INFO  c.r.h.c.CandidateServiceApplication                - Started CandidateServiceApplication in 10.273 seconds (JVM running for 11.198)
2023-08-23 10:41:44,649 [http-nio-8081-exec-1] INFO  o.a.c.c.C.[Tomcat].[localhost].[/]                 - Initializing Spring DispatcherServlet 'dispatcherServlet'
2023-08-23 10:41:44,650 [http-nio-8081-exec-1] INFO  o.s.web.servlet.DispatcherServlet                  - Initializing Servlet 'dispatcherServlet'
2023-08-23 10:41:44,653 [http-nio-8081-exec-1] INFO  o.s.web.servlet.DispatcherServlet                  - Completed initialization in 2 ms
2023-08-23 10:41:44,831 [http-nio-8081-exec-1] INFO  c.r.h.c.logging.LoggingAspects                     - Request toResponseEntity com.rbts.hrms.candidateonboarding.controller.PositionResource.createdPosition(Position)started atWed Aug 23 10:41:44 IST 2023
2023-08-23 10:41:44,842 [http-nio-8081-exec-1] INFO  c.r.h.c.d.s.TenantConnectionProvider               - Get connection for tenant info8
2023-08-23 10:41:45,542 [http-nio-8081-exec-1] INFO  c.r.h.c.logging.LoggingAspects                     - Request toPosition com.rbts.hrms.candidateonboarding.service.PositionService.save(Position)ended atWed Aug 23 10:41:45 IST 2023
2023-08-23 10:41:45,751 [http-nio-8081-exec-1] INFO  c.r.h.c.d.s.TenantConnectionProvider               - Release connection for tenant info8
2023-08-23 10:42:25,966 [http-nio-8081-exec-2] INFO  c.r.h.c.logging.LoggingAspects                     - Request toPositionAssignmentResponse com.rbts.hrms.candidateonboarding.controller.PositionAssignmentResource.save(PositionAssignment,HttpServletRequest)started atWed Aug 23 10:42:25 IST 2023
2023-08-23 10:42:25,975 [http-nio-8081-exec-2] INFO  c.r.h.c.d.s.TenantConnectionProvider               - Get connection for tenant info8
2023-08-23 10:42:26,025 [http-nio-8081-exec-2] INFO  c.r.h.c.logging.LoggingAspects                     - Request toPositionAssignmentResponse com.rbts.hrms.candidateonboarding.service.PositionAssignmentServices.save(PositionAssignment,String)ended atWed Aug 23 10:42:26 IST 2023
2023-08-23 10:42:26,040 [http-nio-8081-exec-2] WARN  o.s.w.s.m.m.a.ExceptionHandlerExceptionResolver    - Resolved [java.lang.RuntimeException: com.rbts.hrms.candidateonboarding.customexception.DataNotFoundException: Data not found]
2023-08-23 10:42:26,041 [http-nio-8081-exec-2] INFO  c.r.h.c.d.s.TenantConnectionProvider               - Release connection for tenant info8
2023-08-23 10:43:07,239 [http-nio-8081-exec-3] INFO  c.r.h.c.logging.LoggingAspects                     - Request toList com.rbts.hrms.candidateonboarding.controller.PositionResource.findAllData()started atWed Aug 23 10:43:07 IST 2023
2023-08-23 10:43:07,239 [http-nio-8081-exec-3] INFO  c.r.h.c.d.s.TenantConnectionProvider               - Get connection for tenant info8
2023-08-23 10:43:07,320 [http-nio-8081-exec-3] INFO  c.r.h.c.logging.LoggingAspects                     - Request toList com.rbts.hrms.candidateonboarding.service.PositionService.findAllData()ended atWed Aug 23 10:43:07 IST 2023
2023-08-23 10:43:07,410 [http-nio-8081-exec-3] INFO  c.r.h.c.d.s.TenantConnectionProvider               - Release connection for tenant info8
2023-08-23 10:44:42,257 [http-nio-8081-exec-6] INFO  c.r.h.c.logging.LoggingAspects                     - Request toList com.rbts.hrms.candidateonboarding.controller.PositionResource.getAll()started atWed Aug 23 10:44:42 IST 2023
2023-08-23 10:44:42,257 [http-nio-8081-exec-6] INFO  c.r.h.c.d.s.TenantConnectionProvider               - Get connection for tenant info8
2023-08-23 10:44:42,316 [http-nio-8081-exec-6] INFO  c.r.h.c.logging.LoggingAspects                     - Request toList com.rbts.hrms.candidateonboarding.service.PositionService.getAll()ended atWed Aug 23 10:44:42 IST 2023
2023-08-23 10:44:42,401 [http-nio-8081-exec-6] INFO  c.r.h.c.d.s.TenantConnectionProvider               - Release connection for tenant info8
2023-08-23 10:46:34,201 [AsyncResolver-bootstrap-executor-0] INFO  c.n.d.s.r.aws.ConfigClusterResolver                - Resolving eureka endpoints via configuration
2023-08-23 10:51:34,208 [AsyncResolver-bootstrap-executor-0] INFO  c.n.d.s.r.aws.ConfigClusterResolver                - Resolving eureka endpoints via configuration
2023-08-23 10:53:27,191 [http-nio-8081-exec-5] INFO  c.r.h.c.logging.LoggingAspects                     - Request toPositionAssignmentResponse com.rbts.hrms.candidateonboarding.controller.PositionAssignmentResource.save(PositionAssignment,HttpServletRequest)started atWed Aug 23 10:53:27 IST 2023
2023-08-23 10:53:27,191 [http-nio-8081-exec-5] INFO  c.r.h.c.d.s.TenantConnectionProvider               - Get connection for tenant info8
2023-08-23 10:53:27,201 [http-nio-8081-exec-5] INFO  c.r.h.c.logging.LoggingAspects                     - Request toPositionAssignmentResponse com.rbts.hrms.candidateonboarding.service.PositionAssignmentServices.save(PositionAssignment,String)ended atWed Aug 23 10:53:27 IST 2023
2023-08-23 10:53:27,203 [http-nio-8081-exec-5] WARN  o.s.w.s.m.m.a.ExceptionHandlerExceptionResolver    - Resolved [java.lang.RuntimeException: com.rbts.hrms.candidateonboarding.customexception.DataNotFoundException: Data not found]
2023-08-23 10:53:27,203 [http-nio-8081-exec-5] INFO  c.r.h.c.d.s.TenantConnectionProvider               - Release connection for tenant info8
2023-08-23 10:56:34,219 [AsyncResolver-bootstrap-executor-0] INFO  c.n.d.s.r.aws.ConfigClusterResolver                - Resolving eureka endpoints via configuration
2023-08-23 10:57:46,062 [http-nio-8081-exec-8] INFO  c.r.h.c.logging.LoggingAspects                     - Request toList com.rbts.hrms.candidateonboarding.controller.PanelDetailsResource.getAllPanelDetails()started atWed Aug 23 10:57:46 IST 2023
2023-08-23 10:57:46,071 [http-nio-8081-exec-8] INFO  c.r.h.c.d.s.TenantConnectionProvider               - Get connection for tenant info8
2023-08-23 10:57:46,144 [http-nio-8081-exec-8] INFO  c.r.h.c.logging.LoggingAspects                     - Request toList com.rbts.hrms.candidateonboarding.service.PanelDetailsService.findAll()ended atWed Aug 23 10:57:46 IST 2023
2023-08-23 10:57:46,149 [http-nio-8081-exec-8] INFO  c.r.h.c.d.s.TenantConnectionProvider               - Release connection for tenant info8
2023-08-23 11:01:34,228 [AsyncResolver-bootstrap-executor-0] INFO  c.n.d.s.r.aws.ConfigClusterResolver                - Resolving eureka endpoints via configuration
2023-08-23 11:06:34,234 [AsyncResolver-bootstrap-executor-0] INFO  c.n.d.s.r.aws.ConfigClusterResolver                - Resolving eureka endpoints via configuration
2023-08-23 11:11:34,250 [AsyncResolver-bootstrap-executor-0] INFO  c.n.d.s.r.aws.ConfigClusterResolver                - Resolving eureka endpoints via configuration
2023-08-23 11:16:34,256 [AsyncResolver-bootstrap-executor-0] INFO  c.n.d.s.r.aws.ConfigClusterResolver                - Resolving eureka endpoints via configuration
2023-08-23 11:21:34,265 [AsyncResolver-bootstrap-executor-0] INFO  c.n.d.s.r.aws.ConfigClusterResolver                - Resolving eureka endpoints via configuration
2023-08-23 11:26:34,276 [AsyncResolver-bootstrap-executor-0] INFO  c.n.d.s.r.aws.ConfigClusterResolver                - Resolving eureka endpoints via configuration
2023-08-23 11:31:34,289 [AsyncResolver-bootstrap-executor-0] INFO  c.n.d.s.r.aws.ConfigClusterResolver                - Resolving eureka endpoints via configuration
2023-08-23 12:16:11,209 [MyHikariPool housekeeper] WARN  com.zaxxer.hikari.pool.HikariPool                  - MyHikariPool - Thread starvation or clock leap detected (housekeeper delta=40m41s165ms765µs800ns).
2023-08-23 12:16:45,453 [AsyncResolver-bootstrap-executor-0] INFO  c.n.d.s.r.aws.ConfigClusterResolver                - Resolving eureka endpoints via configuration
2023-08-23 12:21:45,466 [AsyncResolver-bootstrap-executor-0] INFO  c.n.d.s.r.aws.ConfigClusterResolver                - Resolving eureka endpoints via configuration
2023-08-23 12:22:43,945 [http-nio-8081-exec-10] INFO  c.r.h.c.logging.LoggingAspects                     - Request toPositionAssignmentResponse com.rbts.hrms.candidateonboarding.controller.PositionAssignmentResource.save(PositionAssignment,HttpServletRequest)started atWed Aug 23 12:22:43 IST 2023
2023-08-23 12:22:43,947 [http-nio-8081-exec-10] INFO  c.r.h.c.d.s.TenantConnectionProvider               - Get connection for tenant info8
2023-08-23 12:22:43,954 [http-nio-8081-exec-10] INFO  c.r.h.c.logging.LoggingAspects                     - Request toPositionAssignmentResponse com.rbts.hrms.candidateonboarding.service.PositionAssignmentServices.save(PositionAssignment,String)ended atWed Aug 23 12:22:43 IST 2023
2023-08-23 12:22:43,956 [http-nio-8081-exec-10] WARN  o.s.w.s.m.m.a.ExceptionHandlerExceptionResolver    - Resolved [java.lang.RuntimeException: com.rbts.hrms.candidateonboarding.customexception.DataNotFoundException: Data not found]
2023-08-23 12:22:43,957 [http-nio-8081-exec-10] INFO  c.r.h.c.d.s.TenantConnectionProvider               - Release connection for tenant info8
2023-08-23 12:26:45,476 [AsyncResolver-bootstrap-executor-0] INFO  c.n.d.s.r.aws.ConfigClusterResolver                - Resolving eureka endpoints via configuration
2023-08-23 12:27:26,024 [http-nio-8081-exec-1] INFO  c.r.h.c.logging.LoggingAspects                     - Request toList com.rbts.hrms.candidateonboarding.controller.EmployeeResource.getAllEmployees()started atWed Aug 23 12:27:26 IST 2023
2023-08-23 12:27:26,032 [http-nio-8081-exec-1] INFO  c.r.h.c.d.s.TenantConnectionProvider               - Get connection for tenant info8
2023-08-23 12:27:26,073 [http-nio-8081-exec-1] INFO  c.r.h.c.logging.LoggingAspects                     - Request toList com.rbts.hrms.candidateonboarding.service.EmployeeService.findAll()ended atWed Aug 23 12:27:26 IST 2023
2023-08-23 12:27:26,076 [http-nio-8081-exec-1] INFO  c.r.h.c.d.s.TenantConnectionProvider               - Release connection for tenant info8
2023-08-23 12:31:45,481 [AsyncResolver-bootstrap-executor-0] INFO  c.n.d.s.r.aws.ConfigClusterResolver                - Resolving eureka endpoints via configuration
2023-08-23 12:34:19,585 [http-nio-8081-exec-3] INFO  c.r.h.c.logging.LoggingAspects                     - Request toPositionAssignmentResponse com.rbts.hrms.candidateonboarding.controller.PositionAssignmentResource.save(PositionAssignment,HttpServletRequest)started atWed Aug 23 12:34:19 IST 2023
2023-08-23 12:34:19,587 [http-nio-8081-exec-3] INFO  c.r.h.c.d.s.TenantConnectionProvider               - Get connection for tenant info8
2023-08-23 12:34:19,592 [http-nio-8081-exec-3] INFO  c.r.h.c.logging.LoggingAspects                     - Request toPositionAssignmentResponse com.rbts.hrms.candidateonboarding.service.PositionAssignmentServices.save(PositionAssignment,String)ended atWed Aug 23 12:34:19 IST 2023
2023-08-23 12:34:19,594 [http-nio-8081-exec-3] WARN  o.s.w.s.m.m.a.ExceptionHandlerExceptionResolver    - Resolved [java.lang.RuntimeException: com.rbts.hrms.candidateonboarding.customexception.DataNotFoundException: Data not found]
2023-08-23 12:34:19,595 [http-nio-8081-exec-3] INFO  c.r.h.c.d.s.TenantConnectionProvider               - Release connection for tenant info8
2023-08-23 12:34:39,129 [http-nio-8081-exec-4] INFO  c.r.h.c.logging.LoggingAspects                     - Request toPositionAssignmentResponse com.rbts.hrms.candidateonboarding.controller.PositionAssignmentResource.save(PositionAssignment,HttpServletRequest)started atWed Aug 23 12:34:39 IST 2023
2023-08-23 12:34:39,130 [http-nio-8081-exec-4] INFO  c.r.h.c.d.s.TenantConnectionProvider               - Get connection for tenant info8
2023-08-23 12:34:39,134 [http-nio-8081-exec-4] INFO  c.r.h.c.logging.LoggingAspects                     - Request toPositionAssignmentResponse com.rbts.hrms.candidateonboarding.service.PositionAssignmentServices.save(PositionAssignment,String)ended atWed Aug 23 12:34:39 IST 2023
2023-08-23 12:34:39,136 [http-nio-8081-exec-4] WARN  o.s.w.s.m.m.a.ExceptionHandlerExceptionResolver    - Resolved [java.lang.RuntimeException: com.rbts.hrms.candidateonboarding.customexception.DataNotFoundException: Data not found]
2023-08-23 12:34:39,137 [http-nio-8081-exec-4] INFO  c.r.h.c.d.s.TenantConnectionProvider               - Release connection for tenant info8
2023-08-23 12:35:08,949 [http-nio-8081-exec-6] INFO  c.r.h.c.logging.LoggingAspects                     - Request toList com.rbts.hrms.candidateonboarding.controller.PositionTypeResource.getAllType()started atWed Aug 23 12:35:08 IST 2023
2023-08-23 12:35:08,954 [http-nio-8081-exec-6] INFO  c.r.h.c.d.s.TenantConnectionProvider               - Get connection for tenant info8
2023-08-23 12:35:08,958 [http-nio-8081-exec-6] INFO  c.r.h.c.logging.LoggingAspects                     - Request toList com.rbts.hrms.candidateonboarding.service.PositionTypeService.getAll()ended atWed Aug 23 12:35:08 IST 2023
2023-08-23 12:35:08,960 [http-nio-8081-exec-6] INFO  c.r.h.c.d.s.TenantConnectionProvider               - Release connection for tenant info8
2023-08-23 12:35:30,544 [http-nio-8081-exec-7] INFO  c.r.h.c.logging.LoggingAspects                     - Request toList com.rbts.hrms.candidateonboarding.controller.PositionStatusResource.getAllStatus()started atWed Aug 23 12:35:30 IST 2023
2023-08-23 12:35:30,550 [http-nio-8081-exec-7] INFO  c.r.h.c.d.s.TenantConnectionProvider               - Get connection for tenant info8
2023-08-23 12:35:30,603 [http-nio-8081-exec-7] INFO  c.r.h.c.logging.LoggingAspects                     - Request toList com.rbts.hrms.candidateonboarding.service.PositionStatusService.getAll()ended atWed Aug 23 12:35:30 IST 2023
2023-08-23 12:35:30,604 [http-nio-8081-exec-7] INFO  c.r.h.c.d.s.TenantConnectionProvider               - Release connection for tenant info8
2023-08-23 12:36:45,491 [AsyncResolver-bootstrap-executor-0] INFO  c.n.d.s.r.aws.ConfigClusterResolver                - Resolving eureka endpoints via configuration
2023-08-23 12:38:59,695 [http-nio-8081-exec-8] INFO  c.r.h.c.logging.LoggingAspects                     - Request toList com.rbts.hrms.candidateonboarding.controller.PriorityResource.getAll()started atWed Aug 23 12:38:59 IST 2023
2023-08-23 12:38:59,698 [http-nio-8081-exec-8] INFO  c.r.h.c.d.s.TenantConnectionProvider               - Get connection for tenant info8
2023-08-23 12:38:59,709 [http-nio-8081-exec-8] INFO  c.r.h.c.logging.LoggingAspects                     - Request toList com.rbts.hrms.candidateonboarding.service.PriorityServices.getAll()ended atWed Aug 23 12:38:59 IST 2023
2023-08-23 12:38:59,712 [http-nio-8081-exec-8] INFO  c.r.h.c.d.s.TenantConnectionProvider               - Release connection for tenant info8
2023-08-23 12:39:20,491 [http-nio-8081-exec-9] INFO  c.r.h.c.logging.LoggingAspects                     - Request toPositionAssignmentResponse com.rbts.hrms.candidateonboarding.controller.PositionAssignmentResource.save(PositionAssignment,HttpServletRequest)started atWed Aug 23 12:39:20 IST 2023
2023-08-23 12:39:20,491 [http-nio-8081-exec-9] INFO  c.r.h.c.d.s.TenantConnectionProvider               - Get connection for tenant info8
2023-08-23 12:39:20,496 [http-nio-8081-exec-9] INFO  c.r.h.c.logging.LoggingAspects                     - Request toPositionAssignmentResponse com.rbts.hrms.candidateonboarding.service.PositionAssignmentServices.save(PositionAssignment,String)ended atWed Aug 23 12:39:20 IST 2023
2023-08-23 12:39:20,498 [http-nio-8081-exec-9] WARN  o.s.w.s.m.m.a.ExceptionHandlerExceptionResolver    - Resolved [java.lang.RuntimeException: com.rbts.hrms.candidateonboarding.customexception.DataNotFoundException: Data not found]
2023-08-23 12:39:20,498 [http-nio-8081-exec-9] INFO  c.r.h.c.d.s.TenantConnectionProvider               - Release connection for tenant info8
2023-08-23 12:40:53,828 [http-nio-8081-exec-10] INFO  c.r.h.c.logging.LoggingAspects                     - Request toPositionAssignmentResponse com.rbts.hrms.candidateonboarding.controller.PositionAssignmentResource.save(PositionAssignment,HttpServletRequest)started atWed Aug 23 12:40:53 IST 2023
2023-08-23 12:40:53,828 [http-nio-8081-exec-10] INFO  c.r.h.c.d.s.TenantConnectionProvider               - Get connection for tenant info8
2023-08-23 12:40:53,836 [http-nio-8081-exec-10] INFO  c.r.h.c.logging.LoggingAspects                     - Request toPositionAssignmentResponse com.rbts.hrms.candidateonboarding.service.PositionAssignmentServices.save(PositionAssignment,String)ended atWed Aug 23 12:40:53 IST 2023
2023-08-23 12:40:53,838 [http-nio-8081-exec-10] WARN  o.s.w.s.m.m.a.ExceptionHandlerExceptionResolver    - Resolved [java.lang.RuntimeException: com.rbts.hrms.candidateonboarding.customexception.DataNotFoundException: Data not found]
2023-08-23 12:40:53,839 [http-nio-8081-exec-10] INFO  c.r.h.c.d.s.TenantConnectionProvider               - Release connection for tenant info8
2023-08-23 12:41:45,505 [AsyncResolver-bootstrap-executor-0] INFO  c.n.d.s.r.aws.ConfigClusterResolver                - Resolving eureka endpoints via configuration
2023-08-23 12:42:46,555 [http-nio-8081-exec-1] INFO  c.r.h.c.logging.LoggingAspects                     - Request toPositionAssignmentResponse com.rbts.hrms.candidateonboarding.controller.PositionAssignmentResource.save(PositionAssignment,HttpServletRequest)started atWed Aug 23 12:42:46 IST 2023
2023-08-23 12:42:46,556 [http-nio-8081-exec-1] INFO  c.r.h.c.d.s.TenantConnectionProvider               - Get connection for tenant info8
2023-08-23 12:42:46,709 [http-nio-8081-exec-1] INFO  c.r.h.c.logging.LoggingAspects                     - Request toPositionAssignmentResponse com.rbts.hrms.candidateonboarding.service.PositionAssignmentServices.save(PositionAssignment,String)ended atWed Aug 23 12:42:46 IST 2023
2023-08-23 12:42:46,741 [http-nio-8081-exec-1] INFO  c.r.h.c.d.s.TenantConnectionProvider               - Release connection for tenant info8
2023-08-23 12:43:28,557 [http-nio-8081-exec-2] INFO  c.r.h.c.logging.LoggingAspects                     - Request toList com.rbts.hrms.candidateonboarding.controller.PositionResource.getByStatusName(String)started atWed Aug 23 12:43:28 IST 2023
2023-08-23 12:43:28,558 [http-nio-8081-exec-2] INFO  c.r.h.c.d.s.TenantConnectionProvider               - Get connection for tenant info8
2023-08-23 12:43:28,564 [http-nio-8081-exec-2] INFO  c.r.h.c.logging.LoggingAspects                     - Request toList com.rbts.hrms.candidateonboarding.service.PositionService.getByStatusName(String)ended atWed Aug 23 12:43:28 IST 2023
2023-08-23 12:43:28,566 [http-nio-8081-exec-2] WARN  o.s.w.s.m.m.a.ExceptionHandlerExceptionResolver    - Resolved [java.lang.RuntimeException: com.rbts.hrms.candidateonboarding.customexception.DataNotFoundException: Data not found]
2023-08-23 12:43:28,566 [http-nio-8081-exec-2] INFO  c.r.h.c.d.s.TenantConnectionProvider               - Release connection for tenant info8
2023-08-23 12:43:49,039 [http-nio-8081-exec-3] INFO  c.r.h.c.logging.LoggingAspects                     - Request toList com.rbts.hrms.candidateonboarding.controller.PositionResource.getByPositionStatus(String)started atWed Aug 23 12:43:49 IST 2023
2023-08-23 12:43:49,040 [http-nio-8081-exec-3] INFO  c.r.h.c.d.s.TenantConnectionProvider               - Get connection for tenant info8
2023-08-23 12:43:49,046 [http-nio-8081-exec-3] INFO  c.r.h.c.logging.LoggingAspects                     - Request toList com.rbts.hrms.candidateonboarding.service.PositionService.getByPositionStatus(String)ended atWed Aug 23 12:43:49 IST 2023
2023-08-23 12:43:49,048 [http-nio-8081-exec-3] WARN  o.s.w.s.m.m.a.ExceptionHandlerExceptionResolver    - Resolved [java.lang.RuntimeException: com.rbts.hrms.candidateonboarding.customexception.DataNotFoundException: Data not found]
2023-08-23 12:43:49,048 [http-nio-8081-exec-3] INFO  c.r.h.c.d.s.TenantConnectionProvider               - Release connection for tenant info8
2023-08-23 12:44:26,109 [http-nio-8081-exec-4] INFO  c.r.h.c.logging.LoggingAspects                     - Request toList com.rbts.hrms.candidateonboarding.controller.PositionResource.getByStatusName(String)started atWed Aug 23 12:44:26 IST 2023
2023-08-23 12:44:26,110 [http-nio-8081-exec-4] INFO  c.r.h.c.d.s.TenantConnectionProvider               - Get connection for tenant info8
2023-08-23 12:44:26,116 [http-nio-8081-exec-4] INFO  c.r.h.c.logging.LoggingAspects                     - Request toList com.rbts.hrms.candidateonboarding.service.PositionService.getByStatusName(String)ended atWed Aug 23 12:44:26 IST 2023
2023-08-23 12:44:26,118 [http-nio-8081-exec-4] WARN  o.s.w.s.m.m.a.ExceptionHandlerExceptionResolver    - Resolved [java.lang.RuntimeException: com.rbts.hrms.candidateonboarding.customexception.DataNotFoundException: Data not found]
2023-08-23 12:44:26,118 [http-nio-8081-exec-4] INFO  c.r.h.c.d.s.TenantConnectionProvider               - Release connection for tenant info8
2023-08-23 12:46:45,522 [AsyncResolver-bootstrap-executor-0] INFO  c.n.d.s.r.aws.ConfigClusterResolver                - Resolving eureka endpoints via configuration
2023-08-23 12:51:45,527 [AsyncResolver-bootstrap-executor-0] INFO  c.n.d.s.r.aws.ConfigClusterResolver                - Resolving eureka endpoints via configuration
2023-08-23 12:51:47,746 [http-nio-8081-exec-6] INFO  c.r.h.c.logging.LoggingAspects                     - Request toResponseEntity com.rbts.hrms.candidateonboarding.controller.PositionTypeResource.createType(PositionType)started atWed Aug 23 12:51:47 IST 2023
2023-08-23 12:51:47,748 [http-nio-8081-exec-6] INFO  c.r.h.c.d.s.TenantConnectionProvider               - Get connection for tenant info8
2023-08-23 12:51:47,753 [http-nio-8081-exec-6] INFO  c.r.h.c.logging.LoggingAspects                     - Request toPositionType com.rbts.hrms.candidateonboarding.service.PositionTypeService.save(PositionType)ended atWed Aug 23 12:51:47 IST 2023
2023-08-23 12:51:47,754 [http-nio-8081-exec-6] WARN  o.s.w.s.m.m.a.ExceptionHandlerExceptionResolver    - Resolved [java.lang.RuntimeException: com.rbts.hrms.candidateonboarding.customexception.DataalreadyexistsException: Position Type already present]
2023-08-23 12:51:47,755 [http-nio-8081-exec-6] INFO  c.r.h.c.d.s.TenantConnectionProvider               - Release connection for tenant info8
2023-08-23 12:56:45,539 [AsyncResolver-bootstrap-executor-0] INFO  c.n.d.s.r.aws.ConfigClusterResolver                - Resolving eureka endpoints via configuration
2023-08-23 13:01:45,548 [AsyncResolver-bootstrap-executor-0] INFO  c.n.d.s.r.aws.ConfigClusterResolver                - Resolving eureka endpoints via configuration
2023-08-23 14:07:51,175 [MyHikariPool housekeeper] WARN  com.zaxxer.hikari.pool.HikariPool                  - MyHikariPool - Thread starvation or clock leap detected (housekeeper delta=1h3m37s396ms119µs800ns).
2023-08-23 14:10:00,795 [AsyncResolver-bootstrap-executor-0] INFO  c.n.d.s.r.aws.ConfigClusterResolver                - Resolving eureka endpoints via configuration
2023-08-23 14:10:43,868 [http-nio-8081-exec-7] INFO  c.r.h.c.logging.LoggingAspects                     - Request toResponseEntity com.rbts.hrms.candidateonboarding.controller.CityResource.createCity(City)started atWed Aug 23 14:10:43 IST 2023
2023-08-23 14:10:43,879 [http-nio-8081-exec-7] INFO  c.r.h.c.d.s.TenantConnectionProvider               - Get connection for tenant info8
2023-08-23 14:10:43,913 [http-nio-8081-exec-7] INFO  c.r.h.c.logging.LoggingAspects                     - Request toCity com.rbts.hrms.candidateonboarding.service.CityService.save(City)ended atWed Aug 23 14:10:43 IST 2023
2023-08-23 14:10:43,922 [http-nio-8081-exec-7] INFO  c.r.h.c.d.s.TenantConnectionProvider               - Release connection for tenant info8
2023-08-23 14:15:00,801 [AsyncResolver-bootstrap-executor-0] INFO  c.n.d.s.r.aws.ConfigClusterResolver                - Resolving eureka endpoints via configuration
2023-08-23 14:20:00,813 [AsyncResolver-bootstrap-executor-0] INFO  c.n.d.s.r.aws.ConfigClusterResolver                - Resolving eureka endpoints via configuration
2023-08-23 14:20:12,185 [http-nio-8081-exec-8] INFO  c.r.h.c.logging.LoggingAspects                     - Request toPositionAssignmentResponse com.rbts.hrms.candidateonboarding.controller.PositionAssignmentResource.getById(Long,HttpServletRequest)started atWed Aug 23 14:20:12 IST 2023
2023-08-23 14:20:12,186 [http-nio-8081-exec-8] INFO  c.r.h.c.d.s.TenantConnectionProvider               - Get connection for tenant info8
2023-08-23 14:20:12,201 [http-nio-8081-exec-8] INFO  c.r.h.c.logging.LoggingAspects                     - Request toPositionAssignmentResponse com.rbts.hrms.candidateonboarding.service.PositionAssignmentServices.getById(Long,String)ended atWed Aug 23 14:20:12 IST 2023
2023-08-23 14:20:12,203 [http-nio-8081-exec-8] WARN  o.s.w.s.m.m.a.ExceptionHandlerExceptionResolver    - Resolved [java.lang.RuntimeException: com.rbts.hrms.candidateonboarding.customexception.DataNotFoundException: Data not found]
2023-08-23 14:20:12,203 [http-nio-8081-exec-8] INFO  c.r.h.c.d.s.TenantConnectionProvider               - Release connection for tenant info8
2023-08-23 14:20:31,186 [http-nio-8081-exec-9] INFO  c.r.h.c.logging.LoggingAspects                     - Request toPositionAssignmentResponse com.rbts.hrms.candidateonboarding.controller.PositionAssignmentResource.getById(Long,HttpServletRequest)started atWed Aug 23 14:20:31 IST 2023
2023-08-23 14:20:31,187 [http-nio-8081-exec-9] INFO  c.r.h.c.d.s.TenantConnectionProvider               - Get connection for tenant info8
2023-08-23 14:20:31,231 [http-nio-8081-exec-9] INFO  c.r.h.c.logging.LoggingAspects                     - Request toPositionAssignmentResponse com.rbts.hrms.candidateonboarding.service.PositionAssignmentServices.getById(Long,String)ended atWed Aug 23 14:20:31 IST 2023
2023-08-23 14:20:31,283 [http-nio-8081-exec-9] INFO  c.r.h.c.d.s.TenantConnectionProvider               - Release connection for tenant info8
2023-08-23 14:22:05,311 [SpringApplicationShutdownHook] INFO  o.s.c.n.e.s.EurekaServiceRegistry                  - Unregistering application CANDIDATE-SERVICE with eureka with status DOWN
2023-08-23 14:22:05,311 [SpringApplicationShutdownHook] INFO  com.netflix.discovery.DiscoveryClient              - Saw local status change event StatusChangeEvent [timestamp=1692780725311, current=DOWN, previous=UP]
2023-08-23 14:22:05,312 [DiscoveryClient-InstanceInfoReplicator-0] INFO  com.netflix.discovery.DiscoveryClient              - DiscoveryClient_CANDIDATE-SERVICE/host.docker.internal:candidate-service:8081: registering service...
2023-08-23 14:22:05,324 [DiscoveryClient-InstanceInfoReplicator-0] INFO  com.netflix.discovery.DiscoveryClient              - DiscoveryClient_CANDIDATE-SERVICE/host.docker.internal:candidate-service:8081 - registration status: 204
2023-08-23 14:22:05,366 [SpringApplicationShutdownHook] INFO  o.s.o.j.LocalContainerEntityManagerFactoryBean     - Closing JPA EntityManagerFactory for persistence unit 'default'
2023-08-23 14:22:05,372 [SpringApplicationShutdownHook] INFO  com.zaxxer.hikari.HikariDataSource                 - MyHikariPool - Shutdown initiated...
2023-08-23 14:22:05,381 [SpringApplicationShutdownHook] INFO  com.zaxxer.hikari.HikariDataSource                 - MyHikariPool - Shutdown completed.
2023-08-23 14:22:05,391 [SpringApplicationShutdownHook] INFO  com.netflix.discovery.DiscoveryClient              - Shutting down DiscoveryClient ...
2023-08-23 14:22:08,409 [SpringApplicationShutdownHook] INFO  com.netflix.discovery.DiscoveryClient              - Unregistering ...
2023-08-23 14:22:08,419 [SpringApplicationShutdownHook] INFO  com.netflix.discovery.DiscoveryClient              - DiscoveryClient_CANDIDATE-SERVICE/host.docker.internal:candidate-service:8081 - deregister  status: 200
2023-08-23 14:22:08,425 [SpringApplicationShutdownHook] INFO  com.netflix.discovery.DiscoveryClient              - Completed shut down of DiscoveryClient
2023-08-23 14:22:51,224 [background-preinit] INFO  o.h.validator.internal.util.Version                - HV000001: Hibernate Validator 6.2.5.Final
2023-08-23 14:22:51,254 [restartedMain] INFO  c.r.h.c.CandidateServiceApplication                - Starting CandidateServiceApplication using Java 17.0.6 on LAPTOP-MC3CCPBF with PID 9556 (C:\Users\Acer\Desktop\hrms-application-parent\hrms-candidate-on-boarding-service\target\classes started by Acer in C:\Users\Acer\Desktop\hrms-application-parent\hrms-candidate-on-boarding-service)
2023-08-23 14:22:51,256 [restartedMain] INFO  c.r.h.c.CandidateServiceApplication                - No active profile set, falling back to 1 default profile: "default"
2023-08-23 14:22:51,301 [restartedMain] INFO  o.s.b.d.e.DevToolsPropertyDefaultsPostProcessor    - Devtools property defaults active! Set 'spring.devtools.add-properties' to 'false' to disable
2023-08-23 14:22:51,301 [restartedMain] INFO  o.s.b.d.e.DevToolsPropertyDefaultsPostProcessor    - For additional web related logging consider setting the 'logging.level.web' property to 'DEBUG'
2023-08-23 14:22:51,887 [restartedMain] INFO  o.s.c.a.ConfigurationClassParser                   - Properties location [classpath:META-INF/build-info.properties] not resolvable: class path resource [META-INF/build-info.properties] cannot be opened because it does not exist
2023-08-23 14:22:52,129 [restartedMain] INFO  o.s.d.r.c.RepositoryConfigurationDelegate          - Bootstrapping Spring Data JPA repositories in DEFAULT mode.
2023-08-23 14:22:52,333 [restartedMain] INFO  o.s.d.r.c.RepositoryConfigurationDelegate          - Finished Spring Data repository scanning in 199 ms. Found 30 JPA repository interfaces.
2023-08-23 14:22:52,640 [restartedMain] INFO  o.s.cloud.context.scope.GenericScope               - BeanFactory id=8db05a34-7411-3e4b-bb48-f8a088432714
2023-08-23 14:22:53,304 [restartedMain] INFO  o.s.b.w.embedded.tomcat.TomcatWebServer            - Tomcat initialized with port(s): 8081 (http)
2023-08-23 14:22:53,312 [restartedMain] INFO  o.apache.coyote.http11.Http11NioProtocol           - Initializing ProtocolHandler ["http-nio-8081"]
2023-08-23 14:22:53,313 [restartedMain] INFO  org.apache.catalina.core.StandardService           - Starting service [Tomcat]
2023-08-23 14:22:53,314 [restartedMain] INFO  org.apache.catalina.core.StandardEngine            - Starting Servlet engine: [Apache Tomcat/9.0.73]
2023-08-23 14:22:53,436 [restartedMain] INFO  o.a.c.c.C.[Tomcat].[localhost].[/]                 - Initializing Spring embedded WebApplicationContext
2023-08-23 14:22:53,436 [restartedMain] INFO  o.s.b.w.s.c.ServletWebServerApplicationContext     - Root WebApplicationContext: initialization completed in 2134 ms
2023-08-23 14:22:53,691 [restartedMain] INFO  o.hibernate.jpa.internal.util.LogHelper            - HHH000204: Processing PersistenceUnitInfo [name: default]
2023-08-23 14:22:53,722 [restartedMain] INFO  org.hibernate.Version                              - HHH000412: Hibernate ORM core version 5.6.15.Final
2023-08-23 14:22:53,816 [restartedMain] INFO  org.hibernate.annotations.common.Version           - HCANN000001: Hibernate Commons Annotations {5.1.2.Final}
2023-08-23 14:22:53,964 [restartedMain] INFO  com.zaxxer.hikari.HikariDataSource                 - MyHikariPool - Starting...
2023-08-23 14:22:54,095 [restartedMain] INFO  com.zaxxer.hikari.HikariDataSource                 - MyHikariPool - Start completed.
2023-08-23 14:22:54,149 [restartedMain] INFO  org.hibernate.dialect.Dialect                      - HHH000400: Using dialect: org.hibernate.dialect.PostgreSQLDialect
2023-08-23 14:22:54,868 [restartedMain] INFO  o.h.e.t.j.p.i.JtaPlatformInitiator                 - HHH000490: Using JtaPlatform implementation: [org.hibernate.engine.transaction.jta.platform.internal.NoJtaPlatform]
2023-08-23 14:22:54,876 [restartedMain] INFO  o.s.o.j.LocalContainerEntityManagerFactoryBean     - Initialized JPA EntityManagerFactory for persistence unit 'default'
2023-08-23 14:22:56,318 [restartedMain] WARN  o.s.b.a.o.j.JpaBaseConfiguration$JpaWebConfiguration - spring.jpa.open-in-view is enabled by default. Therefore, database queries may be performed during view rendering. Explicitly configure spring.jpa.open-in-view to disable this warning
2023-08-23 14:22:56,358 [restartedMain] WARN  o.s.b.d.a.OptionalLiveReloadServer                 - Unable to start LiveReload server
2023-08-23 14:22:56,397 [restartedMain] INFO  o.s.c.openfeign.FeignClientFactoryBean             - For 'authentication-service' URL not provided. Will try picking an instance via load-balancing.
2023-08-23 14:22:57,028 [restartedMain] WARN  o.s.b.a.t.ThymeleafAutoConfiguration$DefaultTemplateResolverConfiguration - Cannot find template location: classpath:/templates/ (please add some templates, check your Thymeleaf configuration, or set spring.thymeleaf.check-template-location=false)
2023-08-23 14:22:57,517 [restartedMain] INFO  o.s.c.n.e.c.DiscoveryClientOptionalArgsConfiguration - Eureka HTTP Client uses RestTemplate.
2023-08-23 14:22:57,563 [restartedMain] WARN  o.s.c.l.c.LoadBalancerCacheAutoConfiguration$LoadBalancerCaffeineWarnLogger - Spring Cloud LoadBalancer is currently working with the default cache. While this cache implementation is useful for development and tests, it's recommended to use Caffeine cache in production.You can switch to using Caffeine cache, by adding it and org.springframework.cache.caffeine.CaffeineCacheManager to the classpath.
2023-08-23 14:22:57,582 [restartedMain] INFO  o.s.b.a.e.web.EndpointLinksResolver                - Exposing 1 endpoint(s) beneath base path '/actuator'
2023-08-23 14:22:57,614 [restartedMain] INFO  o.s.c.netflix.eureka.InstanceInfoFactory           - Setting initial instance status as: STARTING
2023-08-23 14:22:57,668 [restartedMain] INFO  com.netflix.discovery.DiscoveryClient              - Initializing Eureka in region us-east-1
2023-08-23 14:22:57,672 [restartedMain] INFO  c.n.d.s.r.aws.ConfigClusterResolver                - Resolving eureka endpoints via configuration
2023-08-23 14:22:57,687 [restartedMain] INFO  com.netflix.discovery.DiscoveryClient              - Disable delta property : false
2023-08-23 14:22:57,688 [restartedMain] INFO  com.netflix.discovery.DiscoveryClient              - Single vip registry refresh property : null
2023-08-23 14:22:57,688 [restartedMain] INFO  com.netflix.discovery.DiscoveryClient              - Force full registry fetch : false
2023-08-23 14:22:57,688 [restartedMain] INFO  com.netflix.discovery.DiscoveryClient              - Application is null : false
2023-08-23 14:22:57,688 [restartedMain] INFO  com.netflix.discovery.DiscoveryClient              - Registered Applications size is zero : true
2023-08-23 14:22:57,689 [restartedMain] INFO  com.netflix.discovery.DiscoveryClient              - Application version is -1: true
2023-08-23 14:22:57,689 [restartedMain] INFO  com.netflix.discovery.DiscoveryClient              - Getting all instance registry info from the eureka server
2023-08-23 14:22:57,915 [restartedMain] INFO  com.netflix.discovery.DiscoveryClient              - The response status is 200
2023-08-23 14:22:57,917 [restartedMain] INFO  com.netflix.discovery.DiscoveryClient              - Starting heartbeat executor: renew interval is: 30
2023-08-23 14:22:57,920 [restartedMain] INFO  c.n.discovery.InstanceInfoReplicator               - InstanceInfoReplicator onDemand update allowed rate per min is 4
2023-08-23 14:22:57,923 [restartedMain] INFO  com.netflix.discovery.DiscoveryClient              - Discovery Client initialized at timestamp 1692780777923 with initial instances count: 2
2023-08-23 14:22:57,928 [restartedMain] INFO  o.s.c.n.e.s.EurekaServiceRegistry                  - Registering application CANDIDATE-SERVICE with eureka with status UP
2023-08-23 14:22:57,929 [restartedMain] INFO  com.netflix.discovery.DiscoveryClient              - Saw local status change event StatusChangeEvent [timestamp=1692780777929, current=UP, previous=STARTING]
2023-08-23 14:22:57,931 [DiscoveryClient-InstanceInfoReplicator-0] INFO  com.netflix.discovery.DiscoveryClient              - DiscoveryClient_CANDIDATE-SERVICE/host.docker.internal:candidate-service:8081: registering service...
2023-08-23 14:22:57,931 [restartedMain] INFO  o.apache.coyote.http11.Http11NioProtocol           - Starting ProtocolHandler ["http-nio-8081"]
2023-08-23 14:22:57,957 [restartedMain] INFO  o.s.b.w.embedded.tomcat.TomcatWebServer            - Tomcat started on port(s): 8081 (http) with context path ''
2023-08-23 14:22:57,958 [restartedMain] INFO  o.s.c.n.e.s.EurekaAutoServiceRegistration          - Updating port to 8081
2023-08-23 14:22:57,966 [DiscoveryClient-InstanceInfoReplicator-0] INFO  com.netflix.discovery.DiscoveryClient              - DiscoveryClient_CANDIDATE-SERVICE/host.docker.internal:candidate-service:8081 - registration status: 204
2023-08-23 14:22:58,046 [restartedMain] INFO  c.r.h.c.CandidateServiceApplication                - Started CandidateServiceApplication in 7.221 seconds (JVM running for 7.759)
2023-08-23 14:25:48,779 [http-nio-8081-exec-1] INFO  o.a.c.c.C.[Tomcat].[localhost].[/]                 - Initializing Spring DispatcherServlet 'dispatcherServlet'
2023-08-23 14:25:48,780 [http-nio-8081-exec-1] INFO  o.s.web.servlet.DispatcherServlet                  - Initializing Servlet 'dispatcherServlet'
2023-08-23 14:25:48,784 [http-nio-8081-exec-1] INFO  o.s.web.servlet.DispatcherServlet                  - Completed initialization in 4 ms
2023-08-23 14:25:48,851 [http-nio-8081-exec-1] INFO  c.r.h.c.logging.LoggingAspects                     - Request toList com.rbts.hrms.candidateonboarding.controller.PositionAssignmentResource.findPositionAssignments(Long,String)started atWed Aug 23 14:25:48 IST 2023
2023-08-23 14:25:48,865 [http-nio-8081-exec-1] INFO  c.r.h.c.d.s.TenantConnectionProvider               - Get connection for tenant info8
2023-08-23 14:25:48,950 [http-nio-8081-exec-1] INFO  c.r.h.c.logging.LoggingAspects                     - Request toList com.rbts.hrms.candidateonboarding.service.PositionAssignmentServices.findData(Long,String)ended atWed Aug 23 14:25:48 IST 2023
2023-08-23 14:25:49,054 [http-nio-8081-exec-1] INFO  c.r.h.c.d.s.TenantConnectionProvider               - Release connection for tenant info8
2023-08-23 14:26:57,074 [http-nio-8081-exec-3] INFO  c.r.h.c.logging.LoggingAspects                     - Request toList com.rbts.hrms.candidateonboarding.controller.PositionAssignmentResource.findPositionAssignments(Long,String)started atWed Aug 23 14:26:57 IST 2023
2023-08-23 14:26:57,075 [http-nio-8081-exec-3] INFO  c.r.h.c.d.s.TenantConnectionProvider               - Get connection for tenant info8
2023-08-23 14:26:57,085 [http-nio-8081-exec-3] INFO  c.r.h.c.logging.LoggingAspects                     - Request toList com.rbts.hrms.candidateonboarding.service.PositionAssignmentServices.findData(Long,String)ended atWed Aug 23 14:26:57 IST 2023
2023-08-23 14:26:57,088 [http-nio-8081-exec-3] INFO  c.r.h.c.d.s.TenantConnectionProvider               - Release connection for tenant info8
2023-08-23 14:27:23,400 [http-nio-8081-exec-5] INFO  c.r.h.c.logging.LoggingAspects                     - Request toList com.rbts.hrms.candidateonboarding.controller.PositionAssignmentResource.findPositionAssignments(Long,String)started atWed Aug 23 14:27:23 IST 2023
2023-08-23 14:27:23,400 [http-nio-8081-exec-5] INFO  c.r.h.c.d.s.TenantConnectionProvider               - Get connection for tenant info8
2023-08-23 14:27:23,409 [http-nio-8081-exec-5] INFO  c.r.h.c.logging.LoggingAspects                     - Request toList com.rbts.hrms.candidateonboarding.service.PositionAssignmentServices.findData(Long,String)ended atWed Aug 23 14:27:23 IST 2023
2023-08-23 14:27:23,411 [http-nio-8081-exec-5] INFO  c.r.h.c.d.s.TenantConnectionProvider               - Release connection for tenant info8
2023-08-23 14:27:47,880 [http-nio-8081-exec-6] INFO  c.r.h.c.logging.LoggingAspects                     - Request toList com.rbts.hrms.candidateonboarding.controller.PositionAssignmentResource.findPositionAssignments(Long,String)started atWed Aug 23 14:27:47 IST 2023
2023-08-23 14:27:47,880 [http-nio-8081-exec-6] INFO  c.r.h.c.d.s.TenantConnectionProvider               - Get connection for tenant info8
2023-08-23 14:27:47,889 [http-nio-8081-exec-6] INFO  c.r.h.c.logging.LoggingAspects                     - Request toList com.rbts.hrms.candidateonboarding.service.PositionAssignmentServices.findData(Long,String)ended atWed Aug 23 14:27:47 IST 2023
2023-08-23 14:27:47,935 [http-nio-8081-exec-6] INFO  c.r.h.c.d.s.TenantConnectionProvider               - Release connection for tenant info8
2023-08-23 14:27:57,698 [AsyncResolver-bootstrap-executor-0] INFO  c.n.d.s.r.aws.ConfigClusterResolver                - Resolving eureka endpoints via configuration
2023-08-23 14:32:57,704 [AsyncResolver-bootstrap-executor-0] INFO  c.n.d.s.r.aws.ConfigClusterResolver                - Resolving eureka endpoints via configuration
2023-08-23 14:37:57,710 [AsyncResolver-bootstrap-executor-0] INFO  c.n.d.s.r.aws.ConfigClusterResolver                - Resolving eureka endpoints via configuration
2023-08-23 14:38:28,220 [http-nio-8081-exec-8] INFO  c.r.h.c.logging.LoggingAspects                     - Request toList com.rbts.hrms.candidateonboarding.controller.PositionAssignmentResource.findPositionAssignments(Long,String)started atWed Aug 23 14:38:28 IST 2023
2023-08-23 14:38:28,221 [http-nio-8081-exec-8] INFO  c.r.h.c.d.s.TenantConnectionProvider               - Get connection for tenant info8
2023-08-23 14:38:28,228 [http-nio-8081-exec-8] INFO  c.r.h.c.logging.LoggingAspects                     - Request toList com.rbts.hrms.candidateonboarding.service.PositionAssignmentServices.findData(Long,String)ended atWed Aug 23 14:38:28 IST 2023
2023-08-23 14:38:28,272 [http-nio-8081-exec-8] INFO  c.r.h.c.d.s.TenantConnectionProvider               - Release connection for tenant info8
2023-08-23 14:42:57,712 [AsyncResolver-bootstrap-executor-0] INFO  c.n.d.s.r.aws.ConfigClusterResolver                - Resolving eureka endpoints via configuration
2023-08-23 14:47:57,727 [AsyncResolver-bootstrap-executor-0] INFO  c.n.d.s.r.aws.ConfigClusterResolver                - Resolving eureka endpoints via configuration
2023-08-23 14:52:57,741 [AsyncResolver-bootstrap-executor-0] INFO  c.n.d.s.r.aws.ConfigClusterResolver                - Resolving eureka endpoints via configuration
2023-08-23 14:57:57,743 [AsyncResolver-bootstrap-executor-0] INFO  c.n.d.s.r.aws.ConfigClusterResolver                - Resolving eureka endpoints via configuration
2023-08-23 15:02:57,760 [AsyncResolver-bootstrap-executor-0] INFO  c.n.d.s.r.aws.ConfigClusterResolver                - Resolving eureka endpoints via configuration
2023-08-23 15:07:57,769 [AsyncResolver-bootstrap-executor-0] INFO  c.n.d.s.r.aws.ConfigClusterResolver                - Resolving eureka endpoints via configuration
2023-08-23 15:12:57,771 [AsyncResolver-bootstrap-executor-0] INFO  c.n.d.s.r.aws.ConfigClusterResolver                - Resolving eureka endpoints via configuration
2023-08-23 15:17:57,780 [AsyncResolver-bootstrap-executor-0] INFO  c.n.d.s.r.aws.ConfigClusterResolver                - Resolving eureka endpoints via configuration
2023-08-23 15:22:57,790 [AsyncResolver-bootstrap-executor-0] INFO  c.n.d.s.r.aws.ConfigClusterResolver                - Resolving eureka endpoints via configuration
2023-08-23 15:27:57,799 [AsyncResolver-bootstrap-executor-0] INFO  c.n.d.s.r.aws.ConfigClusterResolver                - Resolving eureka endpoints via configuration
2023-08-23 15:32:57,811 [AsyncResolver-bootstrap-executor-0] INFO  c.n.d.s.r.aws.ConfigClusterResolver                - Resolving eureka endpoints via configuration
2023-08-23 15:37:57,822 [AsyncResolver-bootstrap-executor-0] INFO  c.n.d.s.r.aws.ConfigClusterResolver                - Resolving eureka endpoints via configuration
2023-08-23 15:42:57,826 [AsyncResolver-bootstrap-executor-0] INFO  c.n.d.s.r.aws.ConfigClusterResolver                - Resolving eureka endpoints via configuration
2023-08-23 15:47:57,832 [AsyncResolver-bootstrap-executor-0] INFO  c.n.d.s.r.aws.ConfigClusterResolver                - Resolving eureka endpoints via configuration
2023-08-23 15:52:57,842 [AsyncResolver-bootstrap-executor-0] INFO  c.n.d.s.r.aws.ConfigClusterResolver                - Resolving eureka endpoints via configuration
2023-08-23 15:57:57,852 [AsyncResolver-bootstrap-executor-0] INFO  c.n.d.s.r.aws.ConfigClusterResolver                - Resolving eureka endpoints via configuration
2023-08-23 16:02:57,860 [AsyncResolver-bootstrap-executor-0] INFO  c.n.d.s.r.aws.ConfigClusterResolver                - Resolving eureka endpoints via configuration
2023-08-23 16:07:57,867 [AsyncResolver-bootstrap-executor-0] INFO  c.n.d.s.r.aws.ConfigClusterResolver                - Resolving eureka endpoints via configuration
2023-08-23 16:12:57,877 [AsyncResolver-bootstrap-executor-0] INFO  c.n.d.s.r.aws.ConfigClusterResolver                - Resolving eureka endpoints via configuration
2023-08-23 16:17:57,887 [AsyncResolver-bootstrap-executor-0] INFO  c.n.d.s.r.aws.ConfigClusterResolver                - Resolving eureka endpoints via configuration
2023-08-23 16:22:57,897 [AsyncResolver-bootstrap-executor-0] INFO  c.n.d.s.r.aws.ConfigClusterResolver                - Resolving eureka endpoints via configuration
2023-08-23 16:27:57,902 [AsyncResolver-bootstrap-executor-0] INFO  c.n.d.s.r.aws.ConfigClusterResolver                - Resolving eureka endpoints via configuration
2023-08-23 16:32:57,909 [AsyncResolver-bootstrap-executor-0] INFO  c.n.d.s.r.aws.ConfigClusterResolver                - Resolving eureka endpoints via configuration
2023-08-23 16:37:57,915 [AsyncResolver-bootstrap-executor-0] INFO  c.n.d.s.r.aws.ConfigClusterResolver                - Resolving eureka endpoints via configuration
2023-08-23 16:42:57,921 [AsyncResolver-bootstrap-executor-0] INFO  c.n.d.s.r.aws.ConfigClusterResolver                - Resolving eureka endpoints via configuration
2023-08-23 16:47:57,924 [AsyncResolver-bootstrap-executor-0] INFO  c.n.d.s.r.aws.ConfigClusterResolver                - Resolving eureka endpoints via configuration
2023-08-23 16:52:57,937 [AsyncResolver-bootstrap-executor-0] INFO  c.n.d.s.r.aws.ConfigClusterResolver                - Resolving eureka endpoints via configuration
2023-08-23 16:57:57,948 [AsyncResolver-bootstrap-executor-0] INFO  c.n.d.s.r.aws.ConfigClusterResolver                - Resolving eureka endpoints via configuration
2023-08-23 17:02:57,953 [AsyncResolver-bootstrap-executor-0] INFO  c.n.d.s.r.aws.ConfigClusterResolver                - Resolving eureka endpoints via configuration
2023-08-23 17:07:57,959 [AsyncResolver-bootstrap-executor-0] INFO  c.n.d.s.r.aws.ConfigClusterResolver                - Resolving eureka endpoints via configuration
